{"/Users/connorelsea/Projects/remix-platform/src/app/App.js": {"path":"/Users/connorelsea/Projects/remix-platform/src/app/App.js","statementMap":{"0":{"start":{"line":1,"column":0},"end":{"line":null,"column":-1}},"1":{"start":{"line":3,"column":0},"end":{"line":null,"column":-1}},"2":{"start":{"line":5,"column":0},"end":{"line":null,"column":-1}},"3":{"start":{"line":6,"column":0},"end":{"line":null,"column":-1}},"4":{"start":{"line":7,"column":0},"end":{"line":null,"column":-1}},"5":{"start":{"line":8,"column":0},"end":{"line":null,"column":-1}},"6":{"start":{"line":9,"column":0},"end":{"line":null,"column":-1}},"7":{"start":{"line":10,"column":0},"end":{"line":null,"column":-1}},"8":{"start":{"line":11,"column":0},"end":{"line":null,"column":-1}},"9":{"start":{"line":12,"column":0},"end":{"line":null,"column":-1}},"10":{"start":{"line":13,"column":0},"end":{"line":null,"column":-1}},"11":{"start":{"line":14,"column":0},"end":{"line":null,"column":-1}},"12":{"start":{"line":15,"column":0},"end":{"line":null,"column":-1}},"13":{"start":{"line":16,"column":0},"end":{"line":null,"column":-1}},"14":{"start":{"line":17,"column":0},"end":{"line":null,"column":-1}},"15":{"start":{"line":18,"column":0},"end":{"line":null,"column":-1}},"16":{"start":{"line":19,"column":0},"end":{"line":null,"column":-1}},"17":{"start":{"line":20,"column":0},"end":{"line":null,"column":-1}},"18":{"start":{"line":21,"column":0},"end":{"line":null,"column":-1}},"19":{"start":{"line":23,"column":14},"end":{"line":23,"column":0}},"20":{"start":{"line":28,"column":2},"end":{"line":null,"column":-1}},"21":{"start":{"line":36,"column":2},"end":{"line":null,"column":-1}},"22":{"start":{"line":43,"column":25},"end":{"line":43,"column":0}},"23":{"start":{"line":63,"column":22},"end":{"line":null,"column":-1}},"24":{"start":{"line":66,"column":4},"end":{"line":null,"column":-1}},"25":{"start":{"line":68,"column":4},"end":{"line":null,"column":-1}},"26":{"start":{"line":74,"column":21},"end":{"line":71,"column":7}},"27":{"start":{"line":83,"column":21},"end":{"line":82,"column":19}},"28":{"start":{"line":84,"column":18},"end":{"line":84,"column":4}},"29":{"start":{"line":87,"column":4},"end":{"line":null,"column":-1}},"30":{"start":{"line":89,"column":19},"end":{"line":89,"column":4}},"31":{"start":{"line":102,"column":4},"end":{"line":null,"column":-1}},"32":{"start":{"line":109,"column":4},"end":{"line":null,"column":-1}},"33":{"start":{"line":131,"column":39},"end":{"line":130,"column":18}},"34":{"start":{"line":130,"column":18},"end":{"line":130,"column":17}},"35":{"start":{"line":132,"column":4},"end":{"line":132,"column":17}},"36":{"start":{"line":132,"column":17},"end":{"line":null,"column":-1}},"37":{"start":{"line":133,"column":4},"end":{"line":134,"column":9}},"38":{"start":{"line":133,"column":23},"end":{"line":133,"column":4}},"39":{"start":{"line":134,"column":9},"end":{"line":null,"column":-1}},"40":{"start":{"line":138,"column":4},"end":{"line":null,"column":-1}},"41":{"start":{"line":161,"column":2},"end":{"line":null,"column":-1}},"42":{"start":{"line":172,"column":13},"end":{"line":172,"column":0}},"43":{"start":{"line":179,"column":13},"end":{"line":179,"column":0}}},"fnMap":{"0":{"name":"mapStyles","decl":{"start":{"line":27,"column":9},"end":{"line":27,"column":0}},"loc":{"start":{"line":27,"column":27},"end":{"line":32,"column":1}}},"1":{"name":"bounce","decl":{"start":{"line":35,"column":9},"end":{"line":35,"column":0}},"loc":{"start":{"line":35,"column":21},"end":{"line":40,"column":1}}},"2":{"name":"component","decl":{"start":{"line":74,"column":21},"end":{"line":74,"column":26}},"loc":{"start":{"line":74,"column":21},"end":{"line":71,"column":8}}}},"branchMap":{"0":{"loc":{"start":{"line":132,"column":4},"end":{"line":132,"column":17}},"type":"if","locations":[{"start":{"line":132,"column":4},"end":{"line":132,"column":17}},{"start":{"line":132,"column":4},"end":{"line":132,"column":17}}]},"1":{"loc":{"start":{"line":133,"column":4},"end":{"line":134,"column":9}},"type":"if","locations":[{"start":{"line":133,"column":4},"end":{"line":134,"column":9}},{"start":{"line":133,"column":4},"end":{"line":134,"column":9}}]}},"s":{"0":0,"1":0,"2":0,"3":0,"4":0,"5":0,"6":0,"7":0,"8":0,"9":0,"10":0,"11":0,"12":0,"13":0,"14":0,"15":0,"16":0,"17":0,"18":0,"19":0,"20":0,"21":0,"22":0,"23":0,"24":0,"25":0,"26":0,"27":0,"28":0,"29":0,"30":0,"31":0,"32":0,"33":0,"34":0,"35":0,"36":0,"37":0,"38":0,"39":0,"40":0,"41":0,"42":0,"43":0},"f":{"0":0,"1":0,"2":0},"b":{"0":[0,0],"1":[0,0]}}
,"/Users/connorelsea/Projects/remix-platform/src/app/App.web.js": {"path":"/Users/connorelsea/Projects/remix-platform/src/app/App.web.js","statementMap":{"0":{"start":{"line":1,"column":0},"end":{"line":null,"column":-1}},"1":{"start":{"line":3,"column":0},"end":{"line":null,"column":-1}},"2":{"start":{"line":5,"column":0},"end":{"line":null,"column":-1}},"3":{"start":{"line":6,"column":0},"end":{"line":null,"column":-1}},"4":{"start":{"line":7,"column":0},"end":{"line":null,"column":-1}},"5":{"start":{"line":8,"column":0},"end":{"line":null,"column":-1}},"6":{"start":{"line":9,"column":0},"end":{"line":null,"column":-1}},"7":{"start":{"line":10,"column":0},"end":{"line":null,"column":-1}},"8":{"start":{"line":11,"column":0},"end":{"line":null,"column":-1}},"9":{"start":{"line":12,"column":0},"end":{"line":null,"column":-1}},"10":{"start":{"line":13,"column":0},"end":{"line":null,"column":-1}},"11":{"start":{"line":14,"column":0},"end":{"line":null,"column":-1}},"12":{"start":{"line":15,"column":0},"end":{"line":null,"column":-1}},"13":{"start":{"line":16,"column":0},"end":{"line":null,"column":-1}},"14":{"start":{"line":17,"column":0},"end":{"line":null,"column":-1}},"15":{"start":{"line":18,"column":0},"end":{"line":null,"column":-1}},"16":{"start":{"line":19,"column":0},"end":{"line":null,"column":-1}},"17":{"start":{"line":20,"column":0},"end":{"line":null,"column":-1}},"18":{"start":{"line":22,"column":14},"end":{"line":22,"column":0}},"19":{"start":{"line":26,"column":22},"end":{"line":27,"column":3}},"20":{"start":{"line":27,"column":4},"end":{"line":38,"column":3}},"21":{"start":{"line":33,"column":21},"end":{"line":30,"column":7}},"22":{"start":{"line":54,"column":19},"end":{"line":null,"column":-1}},"23":{"start":{"line":55,"column":4},"end":{"line":null,"column":-1}},"24":{"start":{"line":57,"column":9},"end":{"line":56,"column":5}},"25":{"start":{"line":63,"column":4},"end":{"line":null,"column":-1}},"26":{"start":{"line":72,"column":4},"end":{"line":null,"column":-1}},"27":{"start":{"line":102,"column":39},"end":{"line":101,"column":18}},"28":{"start":{"line":101,"column":18},"end":{"line":101,"column":17}},"29":{"start":{"line":103,"column":4},"end":{"line":103,"column":17}},"30":{"start":{"line":103,"column":17},"end":{"line":null,"column":-1}},"31":{"start":{"line":104,"column":4},"end":{"line":105,"column":9}},"32":{"start":{"line":104,"column":23},"end":{"line":104,"column":4}},"33":{"start":{"line":105,"column":9},"end":{"line":null,"column":-1}},"34":{"start":{"line":109,"column":4},"end":{"line":null,"column":-1}},"35":{"start":{"line":114,"column":2},"end":{"line":null,"column":-1}},"36":{"start":{"line":125,"column":25},"end":{"line":125,"column":0}},"37":{"start":{"line":131,"column":22},"end":{"line":131,"column":0}},"38":{"start":{"line":133,"column":11},"end":{"line":131,"column":5}},"39":{"start":{"line":138,"column":21},"end":{"line":138,"column":0}}},"fnMap":{"0":{"name":"component","decl":{"start":{"line":33,"column":21},"end":{"line":33,"column":26}},"loc":{"start":{"line":33,"column":21},"end":{"line":30,"column":8}}},"1":{"name":"(anonymous_16)","decl":{"start":{"line":57,"column":9},"end":{"line":57,"column":20}},"loc":{"start":{"line":57,"column":9},"end":{"line":56,"column":6}}},"2":{"name":"(anonymous_23)","decl":{"start":{"line":133,"column":11},"end":{"line":133,"column":19}},"loc":{"start":{"line":133,"column":11},"end":{"line":131,"column":6}}}},"branchMap":{"0":{"loc":{"start":{"line":57,"column":31},"end":{"line":57,"column":21}},"type":"cond-expr","locations":[{"start":{"line":57,"column":31},"end":{"line":57,"column":21}},{"start":{"line":57,"column":53},"end":{"line":57,"column":9}}]},"1":{"loc":{"start":{"line":103,"column":4},"end":{"line":103,"column":17}},"type":"if","locations":[{"start":{"line":103,"column":4},"end":{"line":103,"column":17}},{"start":{"line":103,"column":4},"end":{"line":103,"column":17}}]},"2":{"loc":{"start":{"line":104,"column":4},"end":{"line":105,"column":9}},"type":"if","locations":[{"start":{"line":104,"column":4},"end":{"line":105,"column":9}},{"start":{"line":104,"column":4},"end":{"line":105,"column":9}}]}},"s":{"0":0,"1":0,"2":0,"3":0,"4":0,"5":0,"6":0,"7":0,"8":0,"9":0,"10":0,"11":0,"12":0,"13":0,"14":0,"15":0,"16":0,"17":0,"18":0,"19":0,"20":0,"21":0,"22":0,"23":0,"24":0,"25":0,"26":0,"27":0,"28":0,"29":0,"30":0,"31":0,"32":0,"33":0,"34":0,"35":0,"36":0,"37":0,"38":0,"39":0},"f":{"0":0,"1":0,"2":0},"b":{"0":[0,0],"1":[0,0],"2":[0,0]}}
,"/Users/connorelsea/Projects/remix-platform/src/app/AppProviders.js": {"path":"/Users/connorelsea/Projects/remix-platform/src/app/AppProviders.js","statementMap":{"0":{"start":{"line":3,"column":0},"end":{"line":null,"column":-1}},"1":{"start":{"line":4,"column":0},"end":{"line":null,"column":-1}},"2":{"start":{"line":5,"column":0},"end":{"line":null,"column":-1}},"3":{"start":{"line":6,"column":0},"end":{"line":null,"column":-1}},"4":{"start":{"line":7,"column":0},"end":{"line":null,"column":-1}},"5":{"start":{"line":8,"column":0},"end":{"line":null,"column":-1}},"6":{"start":{"line":9,"column":0},"end":{"line":null,"column":-1}},"7":{"start":{"line":10,"column":0},"end":{"line":null,"column":-1}},"8":{"start":{"line":11,"column":0},"end":{"line":null,"column":-1}},"9":{"start":{"line":12,"column":0},"end":{"line":null,"column":-1}},"10":{"start":{"line":13,"column":0},"end":{"line":null,"column":-1}},"11":{"start":{"line":14,"column":0},"end":{"line":null,"column":-1}},"12":{"start":{"line":15,"column":0},"end":{"line":null,"column":-1}},"13":{"start":{"line":16,"column":0},"end":{"line":null,"column":-1}},"14":{"start":{"line":21,"column":4},"end":{"line":null,"column":-1}},"15":{"start":{"line":23,"column":31},"end":{"line":23,"column":4}},"16":{"start":{"line":24,"column":28},"end":{"line":24,"column":4}},"17":{"start":{"line":26,"column":4},"end":{"line":26,"column":25}},"18":{"start":{"line":26,"column":25},"end":{"line":null,"column":-1}},"19":{"start":{"line":28,"column":4},"end":{"line":null,"column":-1}},"20":{"start":{"line":30,"column":4},"end":{"line":null,"column":-1}},"21":{"start":{"line":34,"column":4},"end":{"line":null,"column":-1}},"22":{"start":{"line":39,"column":4},"end":{"line":null,"column":-1}}},"fnMap":{},"branchMap":{"0":{"loc":{"start":{"line":26,"column":4},"end":{"line":26,"column":25}},"type":"if","locations":[{"start":{"line":26,"column":4},"end":{"line":26,"column":25}},{"start":{"line":26,"column":4},"end":{"line":26,"column":25}}]}},"s":{"0":0,"1":0,"2":0,"3":0,"4":0,"5":0,"6":0,"7":0,"8":0,"9":0,"10":0,"11":0,"12":0,"13":0,"14":0,"15":0,"16":0,"17":0,"18":0,"19":0,"20":0,"21":0,"22":0},"f":{},"b":{"0":[0,0]}}
,"/Users/connorelsea/Projects/remix-platform/src/app/AppStateManager.js": {"path":"/Users/connorelsea/Projects/remix-platform/src/app/AppStateManager.js","statementMap":{"0":{"start":{"line":1,"column":0},"end":{"line":null,"column":-1}},"1":{"start":{"line":2,"column":0},"end":{"line":null,"column":-1}},"2":{"start":{"line":3,"column":0},"end":{"line":null,"column":-1}},"3":{"start":{"line":4,"column":0},"end":{"line":null,"column":-1}},"4":{"start":{"line":5,"column":0},"end":{"line":null,"column":-1}},"5":{"start":{"line":6,"column":0},"end":{"line":null,"column":-1}},"6":{"start":{"line":10,"column":46},"end":{"line":9,"column":11}},"7":{"start":{"line":9,"column":11},"end":{"line":9,"column":10}},"8":{"start":{"line":11,"column":4},"end":{"line":null,"column":-1}},"9":{"start":{"line":20,"column":2},"end":{"line":null,"column":-1}},"10":{"start":{"line":21,"column":2},"end":{"line":null,"column":-1}}},"fnMap":{},"branchMap":{},"s":{"0":0,"1":0,"2":0,"3":0,"4":0,"5":0,"6":0,"7":0,"8":0,"9":0,"10":0},"f":{},"b":{}}
,"/Users/connorelsea/Projects/remix-platform/src/app/AuthManager.js": {"path":"/Users/connorelsea/Projects/remix-platform/src/app/AuthManager.js","statementMap":{"0":{"start":{"line":1,"column":0},"end":{"line":null,"column":-1}},"1":{"start":{"line":2,"column":0},"end":{"line":null,"column":-1}},"2":{"start":{"line":3,"column":0},"end":{"line":null,"column":-1}},"3":{"start":{"line":4,"column":0},"end":{"line":null,"column":-1}},"4":{"start":{"line":5,"column":0},"end":{"line":null,"column":-1}},"5":{"start":{"line":6,"column":0},"end":{"line":null,"column":-1}},"6":{"start":{"line":7,"column":0},"end":{"line":null,"column":-1}},"7":{"start":{"line":8,"column":0},"end":{"line":null,"column":-1}},"8":{"start":{"line":9,"column":0},"end":{"line":null,"column":-1}},"9":{"start":{"line":10,"column":0},"end":{"line":null,"column":-1}},"10":{"start":{"line":11,"column":0},"end":{"line":null,"column":-1}},"11":{"start":{"line":12,"column":0},"end":{"line":null,"column":-1}},"12":{"start":{"line":13,"column":0},"end":{"line":null,"column":-1}},"13":{"start":{"line":33,"column":8},"end":{"line":26,"column":17}},"14":{"start":{"line":26,"column":17},"end":{"line":26,"column":16}},"15":{"start":{"line":35,"column":4},"end":{"line":37,"column":5}},"16":{"start":{"line":36,"column":6},"end":{"line":null,"column":-1}},"17":{"start":{"line":39,"column":4},"end":{"line":49,"column":5}},"18":{"start":{"line":40,"column":6},"end":{"line":null,"column":-1}},"19":{"start":{"line":48,"column":6},"end":{"line":null,"column":-1}},"20":{"start":{"line":54,"column":2},"end":{"line":null,"column":-1}}},"fnMap":{},"branchMap":{"0":{"loc":{"start":{"line":35,"column":4},"end":{"line":37,"column":5}},"type":"if","locations":[{"start":{"line":35,"column":4},"end":{"line":37,"column":5}},{"start":{"line":35,"column":4},"end":{"line":37,"column":5}}]},"1":{"loc":{"start":{"line":39,"column":4},"end":{"line":49,"column":5}},"type":"if","locations":[{"start":{"line":39,"column":4},"end":{"line":49,"column":5}},{"start":{"line":39,"column":4},"end":{"line":49,"column":5}}]}},"s":{"0":0,"1":0,"2":0,"3":0,"4":0,"5":0,"6":0,"7":0,"8":0,"9":0,"10":0,"11":0,"12":0,"13":0,"14":0,"15":0,"16":0,"17":0,"18":0,"19":0,"20":0},"f":{},"b":{"0":[0,0],"1":[0,0]}}
,"/Users/connorelsea/Projects/remix-platform/src/app/NewApp.web.js": {"path":"/Users/connorelsea/Projects/remix-platform/src/app/NewApp.web.js","statementMap":{"0":{"start":{"line":3,"column":0},"end":{"line":null,"column":-1}},"1":{"start":{"line":4,"column":0},"end":{"line":null,"column":-1}},"2":{"start":{"line":5,"column":0},"end":{"line":null,"column":-1}},"3":{"start":{"line":6,"column":0},"end":{"line":null,"column":-1}},"4":{"start":{"line":7,"column":0},"end":{"line":null,"column":-1}},"5":{"start":{"line":8,"column":0},"end":{"line":null,"column":-1}},"6":{"start":{"line":9,"column":0},"end":{"line":null,"column":-1}},"7":{"start":{"line":10,"column":0},"end":{"line":null,"column":-1}},"8":{"start":{"line":11,"column":0},"end":{"line":null,"column":-1}},"9":{"start":{"line":12,"column":0},"end":{"line":null,"column":-1}},"10":{"start":{"line":13,"column":0},"end":{"line":null,"column":-1}},"11":{"start":{"line":14,"column":0},"end":{"line":null,"column":-1}},"12":{"start":{"line":15,"column":0},"end":{"line":null,"column":-1}},"13":{"start":{"line":16,"column":0},"end":{"line":null,"column":-1}},"14":{"start":{"line":17,"column":0},"end":{"line":null,"column":-1}},"15":{"start":{"line":28,"column":51},"end":{"line":27,"column":17}},"16":{"start":{"line":27,"column":17},"end":{"line":27,"column":16}},"17":{"start":{"line":30,"column":4},"end":{"line":30,"column":29}},"18":{"start":{"line":30,"column":29},"end":{"line":null,"column":-1}},"19":{"start":{"line":31,"column":4},"end":{"line":31,"column":23}},"20":{"start":{"line":31,"column":23},"end":{"line":null,"column":-1}},"21":{"start":{"line":32,"column":4},"end":{"line":null,"column":-1}},"22":{"start":{"line":42,"column":4},"end":{"line":null,"column":-1}},"23":{"start":{"line":57,"column":4},"end":{"line":null,"column":-1}},"24":{"start":{"line":72,"column":30},"end":{"line":71,"column":34}},"25":{"start":{"line":73,"column":4},"end":{"line":null,"column":-1}},"26":{"start":{"line":78,"column":2},"end":{"line":null,"column":-1}}},"fnMap":{},"branchMap":{"0":{"loc":{"start":{"line":30,"column":4},"end":{"line":30,"column":29}},"type":"if","locations":[{"start":{"line":30,"column":4},"end":{"line":30,"column":29}},{"start":{"line":30,"column":4},"end":{"line":30,"column":29}}]},"1":{"loc":{"start":{"line":31,"column":4},"end":{"line":31,"column":23}},"type":"if","locations":[{"start":{"line":31,"column":4},"end":{"line":31,"column":23}},{"start":{"line":31,"column":4},"end":{"line":31,"column":23}}]}},"s":{"0":0,"1":0,"2":0,"3":0,"4":0,"5":0,"6":0,"7":0,"8":0,"9":0,"10":0,"11":0,"12":0,"13":0,"14":0,"15":0,"16":0,"17":0,"18":0,"19":0,"20":0,"21":0,"22":0,"23":0,"24":0,"25":0,"26":0},"f":{},"b":{"0":[0,0],"1":[0,0]}}
,"/Users/connorelsea/Projects/remix-platform/src/app/ResponsiveManager.js": {"path":"/Users/connorelsea/Projects/remix-platform/src/app/ResponsiveManager.js","statementMap":{"0":{"start":{"line":1,"column":0},"end":{"line":null,"column":-1}},"1":{"start":{"line":2,"column":0},"end":{"line":null,"column":-1}},"2":{"start":{"line":3,"column":0},"end":{"line":null,"column":-1}},"3":{"start":{"line":4,"column":0},"end":{"line":null,"column":-1}},"4":{"start":{"line":5,"column":0},"end":{"line":null,"column":-1}},"5":{"start":{"line":21,"column":4},"end":{"line":null,"column":-1}},"6":{"start":{"line":29,"column":29},"end":{"line":29,"column":28}},"7":{"start":{"line":30,"column":22},"end":{"line":29,"column":29}},"8":{"start":{"line":32,"column":4},"end":{"line":null,"column":-1}},"9":{"start":{"line":41,"column":4},"end":{"line":null,"column":-1}}},"fnMap":{},"branchMap":{"0":{"loc":{"start":{"line":34,"column":24},"end":{"line":34,"column":9}},"type":"cond-expr","locations":[{"start":{"line":34,"column":24},"end":{"line":34,"column":9}},{"start":{"line":34,"column":42},"end":{"line":33,"column":6}}]}},"s":{"0":0,"1":0,"2":0,"3":0,"4":0,"5":0,"6":0,"7":0,"8":0,"9":0},"f":{},"b":{"0":[0,0]}}
,"/Users/connorelsea/Projects/remix-platform/src/app/index.js": {"path":"/Users/connorelsea/Projects/remix-platform/src/app/index.js","statementMap":{"0":{"start":{"line":1,"column":0},"end":{"line":null,"column":-1}},"1":{"start":{"line":3,"column":0},"end":{"line":null,"column":-1}},"2":{"start":{"line":4,"column":0},"end":{"line":null,"column":-1}},"3":{"start":{"line":8,"column":0},"end":{"line":null,"column":-1}},"4":{"start":{"line":10,"column":6},"end":{"line":10,"column":0}},"5":{"start":{"line":18,"column":14},"end":{"line":18,"column":0}},"6":{"start":{"line":19,"column":0},"end":{"line":null,"column":-1}},"7":{"start":{"line":21,"column":0},"end":{"line":25,"column":1}},"8":{"start":{"line":22,"column":2},"end":{"line":null,"column":-1}},"9":{"start":{"line":24,"column":2},"end":{"line":null,"column":-1}},"10":{"start":{"line":28,"column":0},"end":{"line":null,"column":-1}},"11":{"start":{"line":30,"column":0},"end":{"line":33,"column":1}},"12":{"start":{"line":31,"column":30},"end":{"line":30,"column":43}},"13":{"start":{"line":30,"column":43},"end":{"line":30,"column":42}},"14":{"start":{"line":32,"column":2},"end":{"line":null,"column":-1}},"15":{"start":{"line":35,"column":15},"end":{"line":35,"column":0}},"16":{"start":{"line":36,"column":2},"end":{"line":null,"column":-1}}},"fnMap":{"0":{"name":"render","decl":{"start":{"line":35,"column":6},"end":{"line":35,"column":15}},"loc":{"start":{"line":35,"column":28},"end":{"line":35,"column":0}}}},"branchMap":{"0":{"loc":{"start":{"line":21,"column":0},"end":{"line":25,"column":1}},"type":"if","locations":[{"start":{"line":21,"column":0},"end":{"line":25,"column":1}},{"start":{"line":21,"column":0},"end":{"line":25,"column":1}}]},"1":{"loc":{"start":{"line":30,"column":0},"end":{"line":33,"column":1}},"type":"if","locations":[{"start":{"line":30,"column":0},"end":{"line":33,"column":1}},{"start":{"line":30,"column":0},"end":{"line":33,"column":1}}]}},"s":{"0":0,"1":0,"2":0,"3":0,"4":0,"5":0,"6":0,"7":0,"8":0,"9":0,"10":0,"11":0,"12":0,"13":0,"14":0,"15":0,"16":0},"f":{"0":0},"b":{"0":[0,0],"1":[0,0]}}
,"/Users/connorelsea/Projects/remix-platform/src/components/AppScrollContainer.js": {"path":"/Users/connorelsea/Projects/remix-platform/src/components/AppScrollContainer.js","statementMap":{"0":{"start":{"line":1,"column":0},"end":{"line":null,"column":-1}},"1":{"start":{"line":2,"column":0},"end":{"line":null,"column":-1}},"2":{"start":{"line":3,"column":0},"end":{"line":null,"column":-1}},"3":{"start":{"line":5,"column":0},"end":{"line":null,"column":-1}},"4":{"start":{"line":7,"column":0},"end":{"line":null,"column":-1}},"5":{"start":{"line":10,"column":11},"end":{"line":null,"column":-1}},"6":{"start":{"line":11,"column":21},"end":{"line":10,"column":11}},"7":{"start":{"line":12,"column":4},"end":{"line":null,"column":-1}},"8":{"start":{"line":23,"column":12},"end":{"line":null,"column":-1}},"9":{"start":{"line":33,"column":18},"end":{"line":33,"column":0}}},"fnMap":{"0":{"name":"ref","decl":{"start":{"line":22,"column":15},"end":{"line":22,"column":24}},"loc":{"start":{"line":22,"column":25},"end":{"line":20,"column":8}}}},"branchMap":{"0":{"loc":{"start":{"line":16,"column":20},"end":{"line":16,"column":19}},"type":"binary-expr","locations":[{"start":{"line":16,"column":20},"end":{"line":16,"column":19}},{"start":{"line":16,"column":43},"end":{"line":14,"column":8}}]},"1":{"loc":{"start":{"line":17,"column":17},"end":{"line":17,"column":16}},"type":"binary-expr","locations":[{"start":{"line":17,"column":17},"end":{"line":17,"column":16}},{"start":{"line":17,"column":37},"end":{"line":14,"column":8}}]}},"s":{"0":0,"1":0,"2":0,"3":0,"4":0,"5":0,"6":0,"7":0,"8":0,"9":0},"f":{"0":0},"b":{"0":[0,0],"1":[0,0]}}
,"/Users/connorelsea/Projects/remix-platform/src/components/AppScrollContainer.web.js": {"path":"/Users/connorelsea/Projects/remix-platform/src/components/AppScrollContainer.web.js","statementMap":{"0":{"start":{"line":1,"column":0},"end":{"line":null,"column":-1}},"1":{"start":{"line":2,"column":0},"end":{"line":null,"column":-1}},"2":{"start":{"line":3,"column":0},"end":{"line":null,"column":-1}},"3":{"start":{"line":4,"column":0},"end":{"line":null,"column":-1}},"4":{"start":{"line":5,"column":0},"end":{"line":null,"column":-1}},"5":{"start":{"line":6,"column":0},"end":{"line":null,"column":-1}},"6":{"start":{"line":7,"column":0},"end":{"line":null,"column":-1}},"7":{"start":{"line":8,"column":0},"end":{"line":null,"column":-1}},"8":{"start":{"line":17,"column":22},"end":{"line":17,"column":4}},"9":{"start":{"line":18,"column":28},"end":{"line":16,"column":18}},"10":{"start":{"line":20,"column":4},"end":{"line":21,"column":6}},"11":{"start":{"line":21,"column":6},"end":{"line":null,"column":-1}},"12":{"start":{"line":22,"column":4},"end":{"line":23,"column":6}},"13":{"start":{"line":23,"column":6},"end":{"line":null,"column":-1}},"14":{"start":{"line":27,"column":67},"end":{"line":26,"column":11}},"15":{"start":{"line":26,"column":11},"end":{"line":26,"column":10}},"16":{"start":{"line":26,"column":11},"end":{"line":27,"column":36}},"17":{"start":{"line":28,"column":28},"end":{"line":26,"column":11}},"18":{"start":{"line":30,"column":4},"end":{"line":null,"column":-1}},"19":{"start":{"line":48,"column":18},"end":{"line":48,"column":0}},"20":{"start":{"line":52,"column":22},"end":{"line":48,"column":5}},"21":{"start":{"line":57,"column":20},"end":{"line":57,"column":0}},"22":{"start":{"line":70,"column":15},"end":{"line":70,"column":0}}},"fnMap":{"0":{"name":"(anonymous_16)","decl":{"start":{"line":52,"column":22},"end":{"line":52,"column":26}},"loc":{"start":{"line":52,"column":22},"end":{"line":48,"column":6}}}},"branchMap":{"0":{"loc":{"start":{"line":20,"column":4},"end":{"line":21,"column":6}},"type":"if","locations":[{"start":{"line":20,"column":4},"end":{"line":21,"column":6}},{"start":{"line":20,"column":4},"end":{"line":21,"column":6}}]},"1":{"loc":{"start":{"line":20,"column":8},"end":{"line":20,"column":7}},"type":"binary-expr","locations":[{"start":{"line":20,"column":8},"end":{"line":20,"column":7}},{"start":{"line":20,"column":26},"end":{"line":20,"column":4}}]},"2":{"loc":{"start":{"line":22,"column":4},"end":{"line":23,"column":6}},"type":"if","locations":[{"start":{"line":22,"column":4},"end":{"line":23,"column":6}},{"start":{"line":22,"column":4},"end":{"line":23,"column":6}}]},"3":{"loc":{"start":{"line":22,"column":8},"end":{"line":22,"column":7}},"type":"binary-expr","locations":[{"start":{"line":22,"column":8},"end":{"line":22,"column":7}},{"start":{"line":22,"column":26},"end":{"line":22,"column":4}}]},"4":{"loc":{"start":{"line":27,"column":30},"end":{"line":26,"column":11}},"type":"cond-expr","locations":[{"start":{"line":27,"column":30},"end":{"line":26,"column":11}},{"start":{"line":26,"column":11},"end":{"line":27,"column":36}}]},"5":{"loc":{"start":{"line":34,"column":20},"end":{"line":34,"column":31}},"type":"binary-expr","locations":[{"start":{"line":34,"column":20},"end":{"line":34,"column":31}},{"start":{"line":34,"column":32},"end":{"line":32,"column":8}}]},"6":{"loc":{"start":{"line":35,"column":17},"end":{"line":35,"column":25}},"type":"binary-expr","locations":[{"start":{"line":35,"column":17},"end":{"line":35,"column":25}},{"start":{"line":35,"column":26},"end":{"line":32,"column":8}}]}},"s":{"0":0,"1":0,"2":0,"3":0,"4":0,"5":0,"6":0,"7":0,"8":0,"9":0,"10":0,"11":0,"12":0,"13":0,"14":0,"15":0,"16":0,"17":0,"18":0,"19":0,"20":0,"21":0,"22":0},"f":{"0":0},"b":{"0":[0,0],"1":[0,0],"2":[0,0],"3":[0,0],"4":[0,0],"5":[0,0],"6":[0,0]}}
,"/Users/connorelsea/Projects/remix-platform/src/components/Button.js": {"path":"/Users/connorelsea/Projects/remix-platform/src/components/Button.js","statementMap":{"0":{"start":{"line":1,"column":0},"end":{"line":null,"column":-1}},"1":{"start":{"line":2,"column":0},"end":{"line":null,"column":-1}},"2":{"start":{"line":3,"column":0},"end":{"line":null,"column":-1}},"3":{"start":{"line":4,"column":0},"end":{"line":null,"column":-1}},"4":{"start":{"line":5,"column":0},"end":{"line":null,"column":-1}},"5":{"start":{"line":6,"column":0},"end":{"line":null,"column":-1}},"6":{"start":{"line":7,"column":0},"end":{"line":null,"column":-1}},"7":{"start":{"line":12,"column":4},"end":{"line":null,"column":-1}},"8":{"start":{"line":24,"column":8},"end":{"line":15,"column":11}},"9":{"start":{"line":15,"column":11},"end":{"line":15,"column":10}},"10":{"start":{"line":15,"column":11},"end":{"line":null,"column":-1}},"11":{"start":{"line":28,"column":16},"end":{"line":28,"column":4}},"12":{"start":{"line":30,"column":4},"end":{"line":37,"column":6}},"13":{"start":{"line":31,"column":6},"end":{"line":30,"column":4}},"14":{"start":{"line":37,"column":6},"end":{"line":null,"column":-1}},"15":{"start":{"line":43,"column":4},"end":{"line":null,"column":-1}},"16":{"start":{"line":58,"column":14},"end":{"line":58,"column":0}},"17":{"start":{"line":64,"column":16},"end":{"line":64,"column":0}},"18":{"start":{"line":65,"column":13},"end":{"line":65,"column":12}},"19":{"start":{"line":65,"column":13},"end":{"line":64,"column":5}},"20":{"start":{"line":66,"column":22},"end":{"line":66,"column":21}},"21":{"start":{"line":66,"column":22},"end":{"line":64,"column":5}},"22":{"start":{"line":68,"column":19},"end":{"line":68,"column":18}},"23":{"start":{"line":68,"column":19},"end":{"line":64,"column":5}},"24":{"start":{"line":71,"column":4},"end":{"line":64,"column":5}}},"fnMap":{"0":{"name":"(anonymous_16)","decl":{"start":{"line":65,"column":13},"end":{"line":65,"column":15}},"loc":{"start":{"line":65,"column":13},"end":{"line":64,"column":6}}},"1":{"name":"(anonymous_17)","decl":{"start":{"line":66,"column":22},"end":{"line":66,"column":24}},"loc":{"start":{"line":66,"column":22},"end":{"line":64,"column":6}}},"2":{"name":"(anonymous_18)","decl":{"start":{"line":68,"column":19},"end":{"line":68,"column":21}},"loc":{"start":{"line":68,"column":19},"end":{"line":64,"column":6}}},"3":{"name":"(anonymous_19)","decl":{"start":{"line":71,"column":4},"end":{"line":71,"column":13}},"loc":{"start":{"line":71,"column":4},"end":{"line":64,"column":6}}}},"branchMap":{"0":{"loc":{"start":{"line":23,"column":13},"end":{"line":15,"column":11}},"type":"cond-expr","locations":[{"start":{"line":23,"column":13},"end":{"line":15,"column":11}},{"start":{"line":15,"column":11},"end":{"line":null,"column":-1}}]},"1":{"loc":{"start":{"line":30,"column":4},"end":{"line":37,"column":6}},"type":"if","locations":[{"start":{"line":30,"column":4},"end":{"line":37,"column":6}},{"start":{"line":30,"column":4},"end":{"line":37,"column":6}}]},"2":{"loc":{"start":{"line":38,"column":36},"end":{"line":38,"column":17}},"type":"cond-expr","locations":[{"start":{"line":38,"column":36},"end":{"line":38,"column":17}},{"start":{"line":38,"column":46},"end":{"line":37,"column":14}}]},"3":{"loc":{"start":{"line":49,"column":11},"end":{"line":49,"column":18}},"type":"binary-expr","locations":[{"start":{"line":49,"column":11},"end":{"line":49,"column":18}},{"start":{"line":49,"column":19},"end":{"line":45,"column":8}}]},"4":{"loc":{"start":{"line":65,"column":37},"end":{"line":65,"column":29}},"type":"cond-expr","locations":[{"start":{"line":65,"column":37},"end":{"line":65,"column":29}},{"start":{"line":65,"column":50},"end":{"line":65,"column":13}}]},"5":{"loc":{"start":{"line":68,"column":43},"end":{"line":68,"column":35}},"type":"cond-expr","locations":[{"start":{"line":68,"column":43},"end":{"line":68,"column":35}},{"start":{"line":68,"column":48},"end":{"line":68,"column":19}}]},"6":{"loc":{"start":{"line":71,"column":31},"end":{"line":71,"column":14}},"type":"cond-expr","locations":[{"start":{"line":71,"column":31},"end":{"line":71,"column":14}},{"start":{"line":71,"column":55},"end":{"line":71,"column":4}}]}},"s":{"0":0,"1":0,"2":0,"3":0,"4":0,"5":0,"6":0,"7":0,"8":0,"9":0,"10":0,"11":0,"12":0,"13":0,"14":0,"15":0,"16":0,"17":0,"18":0,"19":0,"20":0,"21":0,"22":0,"23":0,"24":0},"f":{"0":0,"1":0,"2":0,"3":0},"b":{"0":[0,0],"1":[0,0],"2":[0,0],"3":[0,0],"4":[0,0],"5":[0,0],"6":[0,0]}}
,"/Users/connorelsea/Projects/remix-platform/src/components/Card.js": {"path":"/Users/connorelsea/Projects/remix-platform/src/components/Card.js","statementMap":{"0":{"start":{"line":1,"column":0},"end":{"line":null,"column":-1}},"1":{"start":{"line":4,"column":22},"end":{"line":null,"column":-1}},"2":{"start":{"line":11,"column":4},"end":{"line":null,"column":-1}}},"fnMap":{},"branchMap":{"0":{"loc":{"start":{"line":11,"column":13},"end":{"line":11,"column":12}},"type":"binary-expr","locations":[{"start":{"line":11,"column":13},"end":{"line":11,"column":12}},{"start":{"line":11,"column":29},"end":{"line":11,"column":4}}]}},"s":{"0":0,"1":0,"2":0},"f":{},"b":{"0":[0,0]}}
,"/Users/connorelsea/Projects/remix-platform/src/components/ChatInputArea.js": {"path":"/Users/connorelsea/Projects/remix-platform/src/components/ChatInputArea.js","statementMap":{"0":{"start":{"line":1,"column":0},"end":{"line":null,"column":-1}},"1":{"start":{"line":2,"column":0},"end":{"line":null,"column":-1}},"2":{"start":{"line":3,"column":0},"end":{"line":null,"column":-1}},"3":{"start":{"line":4,"column":0},"end":{"line":null,"column":-1}},"4":{"start":{"line":5,"column":0},"end":{"line":null,"column":-1}},"5":{"start":{"line":7,"column":0},"end":{"line":null,"column":-1}},"6":{"start":{"line":8,"column":0},"end":{"line":null,"column":-1}},"7":{"start":{"line":10,"column":0},"end":{"line":null,"column":-1}},"8":{"start":{"line":11,"column":0},"end":{"line":null,"column":-1}},"9":{"start":{"line":20,"column":4},"end":{"line":null,"column":-1}},"10":{"start":{"line":25,"column":22},"end":{"line":24,"column":16}},"11":{"start":{"line":26,"column":52},"end":{"line":24,"column":16}},"12":{"start":{"line":24,"column":16},"end":{"line":24,"column":15}},"13":{"start":{"line":28,"column":4},"end":{"line":null,"column":-1}},"14":{"start":{"line":32,"column":4},"end":{"line":null,"column":-1}},"15":{"start":{"line":34,"column":4},"end":{"line":null,"column":-1}},"16":{"start":{"line":45,"column":6},"end":{"line":null,"column":-1}},"17":{"start":{"line":46,"column":6},"end":{"line":null,"column":-1}},"18":{"start":{"line":47,"column":6},"end":{"line":null,"column":-1}},"19":{"start":{"line":52,"column":22},"end":{"line":51,"column":11}},"20":{"start":{"line":53,"column":25},"end":{"line":51,"column":11}},"21":{"start":{"line":55,"column":4},"end":{"line":null,"column":-1}},"22":{"start":{"line":96,"column":18},"end":{"line":96,"column":0}},"23":{"start":{"line":108,"column":15},"end":{"line":108,"column":0}}},"fnMap":{"0":{"name":"(anonymous_15)","decl":{"start":{"line":44,"column":12},"end":{"line":44,"column":17}},"loc":{"start":{"line":44,"column":18},"end":{"line":34,"column":4}}}},"branchMap":{},"s":{"0":0,"1":0,"2":0,"3":0,"4":0,"5":0,"6":0,"7":0,"8":0,"9":0,"10":0,"11":0,"12":0,"13":0,"14":0,"15":0,"16":0,"17":0,"18":0,"19":0,"20":0,"21":0,"22":0,"23":0},"f":{"0":0},"b":{}}
,"/Users/connorelsea/Projects/remix-platform/src/components/ColorPicker.js": {"path":"/Users/connorelsea/Projects/remix-platform/src/components/ColorPicker.js","statementMap":{"0":{"start":{"line":1,"column":0},"end":{"line":null,"column":-1}},"1":{"start":{"line":2,"column":0},"end":{"line":null,"column":-1}},"2":{"start":{"line":3,"column":0},"end":{"line":null,"column":-1}},"3":{"start":{"line":4,"column":0},"end":{"line":null,"column":-1}},"4":{"start":{"line":6,"column":0},"end":{"line":null,"column":-1}},"5":{"start":{"line":7,"column":0},"end":{"line":null,"column":-1}},"6":{"start":{"line":8,"column":0},"end":{"line":null,"column":-1}},"7":{"start":{"line":9,"column":0},"end":{"line":null,"column":-1}},"8":{"start":{"line":10,"column":0},"end":{"line":null,"column":-1}},"9":{"start":{"line":19,"column":19},"end":{"line":null,"column":-1}},"10":{"start":{"line":20,"column":4},"end":{"line":null,"column":-1}},"11":{"start":{"line":21,"column":6},"end":{"line":null,"column":-1}},"12":{"start":{"line":22,"column":6},"end":{"line":null,"column":-1}},"13":{"start":{"line":27,"column":4},"end":{"line":30,"column":5}},"14":{"start":{"line":28,"column":6},"end":{"line":null,"column":-1}},"15":{"start":{"line":29,"column":6},"end":{"line":null,"column":-1}},"16":{"start":{"line":32,"column":4},"end":{"line":null,"column":-1}},"17":{"start":{"line":34,"column":4},"end":{"line":null,"column":-1}},"18":{"start":{"line":37,"column":11},"end":{"line":null,"column":-1}},"19":{"start":{"line":38,"column":38},"end":{"line":37,"column":11}},"20":{"start":{"line":37,"column":11},"end":{"line":37,"column":10}},"21":{"start":{"line":40,"column":4},"end":{"line":null,"column":-1}},"22":{"start":{"line":43,"column":28},"end":{"line":43,"column":10}},"23":{"start":{"line":45,"column":10},"end":{"line":null,"column":-1}},"24":{"start":{"line":60,"column":18},"end":{"line":60,"column":0}},"25":{"start":{"line":69,"column":18},"end":{"line":69,"column":0}},"26":{"start":{"line":71,"column":14},"end":{"line":71,"column":0}},"27":{"start":{"line":75,"column":22},"end":{"line":75,"column":21}},"28":{"start":{"line":75,"column":22},"end":{"line":71,"column":5}},"29":{"start":{"line":78,"column":6},"end":{"line":78,"column":5}},"30":{"start":{"line":78,"column":6},"end":{"line":71,"column":5}},"31":{"start":{"line":83,"column":13},"end":{"line":83,"column":0}},"32":{"start":{"line":84,"column":11},"end":{"line":84,"column":10}},"33":{"start":{"line":84,"column":11},"end":{"line":83,"column":5}}},"fnMap":{"0":{"name":"(anonymous_14)","decl":{"start":{"line":20,"column":11},"end":{"line":20,"column":16}},"loc":{"start":{"line":20,"column":17},"end":{"line":20,"column":4}}},"1":{"name":"(anonymous_17)","decl":{"start":{"line":42,"column":20},"end":{"line":42,"column":20}},"loc":{"start":{"line":42,"column":30},"end":{"line":42,"column":9}}},"2":{"name":"(anonymous_19)","decl":{"start":{"line":75,"column":22},"end":{"line":75,"column":24}},"loc":{"start":{"line":75,"column":22},"end":{"line":71,"column":6}}},"3":{"name":"(anonymous_20)","decl":{"start":{"line":78,"column":6},"end":{"line":78,"column":8}},"loc":{"start":{"line":78,"column":6},"end":{"line":71,"column":6}}},"4":{"name":"(anonymous_21)","decl":{"start":{"line":84,"column":11},"end":{"line":84,"column":13}},"loc":{"start":{"line":84,"column":11},"end":{"line":83,"column":6}}}},"branchMap":{"0":{"loc":{"start":{"line":27,"column":4},"end":{"line":30,"column":5}},"type":"if","locations":[{"start":{"line":27,"column":4},"end":{"line":30,"column":5}},{"start":{"line":27,"column":4},"end":{"line":30,"column":5}}]},"1":{"loc":{"start":{"line":79,"column":19},"end":{"line":79,"column":6}},"type":"cond-expr","locations":[{"start":{"line":79,"column":19},"end":{"line":79,"column":6}},{"start":{"line":79,"column":45},"end":{"line":78,"column":6}}]}},"s":{"0":0,"1":0,"2":0,"3":0,"4":0,"5":0,"6":0,"7":0,"8":0,"9":0,"10":0,"11":0,"12":0,"13":0,"14":0,"15":0,"16":0,"17":0,"18":0,"19":0,"20":0,"21":0,"22":0,"23":0,"24":0,"25":0,"26":0,"27":0,"28":0,"29":0,"30":0,"31":0,"32":0,"33":0},"f":{"0":0,"1":0,"2":0,"3":0,"4":0},"b":{"0":[0,0],"1":[0,0]}}
,"/Users/connorelsea/Projects/remix-platform/src/components/CustomKeyboardAwareView.js": {"path":"/Users/connorelsea/Projects/remix-platform/src/components/CustomKeyboardAwareView.js","statementMap":{"0":{"start":{"line":3,"column":0},"end":{"line":null,"column":-1}},"1":{"start":{"line":13,"column":0},"end":{"line":null,"column":-1}},"2":{"start":{"line":16,"column":21},"end":{"line":null,"column":-1}},"3":{"start":{"line":18,"column":4},"end":{"line":null,"column":-1}},"4":{"start":{"line":21,"column":4},"end":{"line":16,"column":21}},"5":{"start":{"line":25,"column":4},"end":{"line":null,"column":-1}},"6":{"start":{"line":26,"column":4},"end":{"line":null,"column":-1}},"7":{"start":{"line":32,"column":4},"end":{"line":34,"column":5}},"8":{"start":{"line":33,"column":6},"end":{"line":null,"column":-1}},"9":{"start":{"line":37,"column":24},"end":{"line":null,"column":-1}},"10":{"start":{"line":38,"column":15},"end":{"line":38,"column":4}},"11":{"start":{"line":39,"column":17},"end":{"line":39,"column":4}},"12":{"start":{"line":40,"column":4},"end":{"line":null,"column":-1}},"13":{"start":{"line":42,"column":4},"end":{"line":null,"column":-1}},"14":{"start":{"line":43,"column":6},"end":{"line":43,"column":34}},"15":{"start":{"line":43,"column":34},"end":{"line":null,"column":-1}},"16":{"start":{"line":44,"column":6},"end":{"line":null,"column":-1}},"17":{"start":{"line":45,"column":8},"end":{"line":null,"column":-1}},"18":{"start":{"line":49,"column":36},"end":{"line":49,"column":8}},"19":{"start":{"line":50,"column":33},"end":{"line":50,"column":8}},"20":{"start":{"line":51,"column":24},"end":{"line":51,"column":8}},"21":{"start":{"line":52,"column":8},"end":{"line":54,"column":9}},"22":{"start":{"line":53,"column":10},"end":{"line":null,"column":-1}},"23":{"start":{"line":56,"column":8},"end":{"line":null,"column":-1}},"24":{"start":{"line":61,"column":8},"end":{"line":null,"column":-1}},"25":{"start":{"line":74,"column":24},"end":{"line":null,"column":-1}},"26":{"start":{"line":75,"column":15},"end":{"line":75,"column":4}},"27":{"start":{"line":76,"column":17},"end":{"line":76,"column":4}},"28":{"start":{"line":77,"column":4},"end":{"line":null,"column":-1}},"29":{"start":{"line":79,"column":4},"end":{"line":null,"column":-1}},"30":{"start":{"line":80,"column":6},"end":{"line":80,"column":34}},"31":{"start":{"line":80,"column":34},"end":{"line":null,"column":-1}},"32":{"start":{"line":81,"column":6},"end":{"line":null,"column":-1}},"33":{"start":{"line":82,"column":8},"end":{"line":null,"column":-1}},"34":{"start":{"line":86,"column":36},"end":{"line":86,"column":8}},"35":{"start":{"line":87,"column":33},"end":{"line":87,"column":8}},"36":{"start":{"line":88,"column":24},"end":{"line":88,"column":8}},"37":{"start":{"line":89,"column":8},"end":{"line":91,"column":9}},"38":{"start":{"line":90,"column":10},"end":{"line":null,"column":-1}},"39":{"start":{"line":93,"column":8},"end":{"line":null,"column":-1}},"40":{"start":{"line":98,"column":8},"end":{"line":null,"column":-1}},"41":{"start":{"line":103,"column":11},"end":{"line":null,"column":-1}},"42":{"start":{"line":104,"column":4},"end":{"line":null,"column":-1}},"43":{"start":{"line":107,"column":10},"end":{"line":null,"column":-1}},"44":{"start":{"line":111,"column":40},"end":{"line":110,"column":23}},"45":{"start":{"line":110,"column":23},"end":{"line":110,"column":22}},"46":{"start":{"line":112,"column":10},"end":{"line":null,"column":-1}},"47":{"start":{"line":117,"column":10},"end":{"line":123,"column":11}},"48":{"start":{"line":118,"column":12},"end":{"line":122,"column":13}},"49":{"start":{"line":121,"column":14},"end":{"line":null,"column":-1}},"50":{"start":{"line":128,"column":12},"end":{"line":null,"column":-1}},"51":{"start":{"line":132,"column":42},"end":{"line":131,"column":25}},"52":{"start":{"line":131,"column":25},"end":{"line":131,"column":24}}},"fnMap":{"0":{"name":"(anonymous_14)","decl":{"start":{"line":42,"column":26},"end":{"line":42,"column":31}},"loc":{"start":{"line":42,"column":32},"end":{"line":42,"column":4}}},"1":{"name":"(anonymous_15)","decl":{"start":{"line":44,"column":29},"end":{"line":44,"column":29}},"loc":{"start":{"line":44,"column":64},"end":{"line":44,"column":6}}},"2":{"name":"(anonymous_17)","decl":{"start":{"line":79,"column":26},"end":{"line":79,"column":31}},"loc":{"start":{"line":79,"column":32},"end":{"line":79,"column":4}}},"3":{"name":"(anonymous_18)","decl":{"start":{"line":81,"column":29},"end":{"line":81,"column":29}},"loc":{"start":{"line":81,"column":64},"end":{"line":81,"column":6}}},"4":{"name":"ref","decl":{"start":{"line":106,"column":13},"end":{"line":106,"column":19}},"loc":{"start":{"line":106,"column":20},"end":{"line":105,"column":6}}},"5":{"name":"onLayout","decl":{"start":{"line":110,"column":18},"end":{"line":110,"column":22}},"loc":{"start":{"line":110,"column":23},"end":{"line":105,"column":6}}},"6":{"name":"ref","decl":{"start":{"line":127,"column":15},"end":{"line":127,"column":21}},"loc":{"start":{"line":127,"column":22},"end":{"line":126,"column":8}}},"7":{"name":"onLayout","decl":{"start":{"line":131,"column":20},"end":{"line":131,"column":24}},"loc":{"start":{"line":131,"column":25},"end":{"line":126,"column":8}}}},"branchMap":{"0":{"loc":{"start":{"line":16,"column":21},"end":{"line":null,"column":-1}},"type":"binary-expr","locations":[{"start":{"line":16,"column":21},"end":{"line":null,"column":-1}},{"start":{"line":16,"column":21},"end":{"line":null,"column":-1}}]},"1":{"loc":{"start":{"line":32,"column":4},"end":{"line":34,"column":5}},"type":"if","locations":[{"start":{"line":32,"column":4},"end":{"line":34,"column":5}},{"start":{"line":32,"column":4},"end":{"line":34,"column":5}}]},"2":{"loc":{"start":{"line":43,"column":6},"end":{"line":43,"column":34}},"type":"if","locations":[{"start":{"line":43,"column":6},"end":{"line":43,"column":34}},{"start":{"line":43,"column":6},"end":{"line":43,"column":34}}]},"3":{"loc":{"start":{"line":52,"column":8},"end":{"line":54,"column":9}},"type":"if","locations":[{"start":{"line":52,"column":8},"end":{"line":54,"column":9}},{"start":{"line":52,"column":8},"end":{"line":54,"column":9}}]},"4":{"loc":{"start":{"line":58,"column":42},"end":{"line":58,"column":20}},"type":"cond-expr","locations":[{"start":{"line":58,"column":42},"end":{"line":58,"column":20}},{"start":{"line":58,"column":48},"end":{"line":56,"column":43}}]},"5":{"loc":{"start":{"line":80,"column":6},"end":{"line":80,"column":34}},"type":"if","locations":[{"start":{"line":80,"column":6},"end":{"line":80,"column":34}},{"start":{"line":80,"column":6},"end":{"line":80,"column":34}}]},"6":{"loc":{"start":{"line":89,"column":8},"end":{"line":91,"column":9}},"type":"if","locations":[{"start":{"line":89,"column":8},"end":{"line":91,"column":9}},{"start":{"line":89,"column":8},"end":{"line":91,"column":9}}]},"7":{"loc":{"start":{"line":95,"column":42},"end":{"line":95,"column":20}},"type":"cond-expr","locations":[{"start":{"line":95,"column":42},"end":{"line":95,"column":20}},{"start":{"line":95,"column":48},"end":{"line":93,"column":43}}]},"8":{"loc":{"start":{"line":117,"column":10},"end":{"line":123,"column":11}},"type":"if","locations":[{"start":{"line":117,"column":10},"end":{"line":123,"column":11}},{"start":{"line":117,"column":10},"end":{"line":123,"column":11}}]},"9":{"loc":{"start":{"line":118,"column":12},"end":{"line":122,"column":13}},"type":"if","locations":[{"start":{"line":118,"column":12},"end":{"line":122,"column":13}},{"start":{"line":118,"column":12},"end":{"line":122,"column":13}}]}},"s":{"0":0,"1":0,"2":0,"3":0,"4":0,"5":0,"6":0,"7":0,"8":0,"9":0,"10":0,"11":0,"12":0,"13":0,"14":0,"15":0,"16":0,"17":0,"18":0,"19":0,"20":0,"21":0,"22":0,"23":0,"24":0,"25":0,"26":0,"27":0,"28":0,"29":0,"30":0,"31":0,"32":0,"33":0,"34":0,"35":0,"36":0,"37":0,"38":0,"39":0,"40":0,"41":0,"42":0,"43":0,"44":0,"45":0,"46":0,"47":0,"48":0,"49":0,"50":0,"51":0,"52":0},"f":{"0":0,"1":0,"2":0,"3":0,"4":0,"5":0,"6":0,"7":0},"b":{"0":[0,0],"1":[0,0],"2":[0,0],"3":[0,0],"4":[0,0],"5":[0,0],"6":[0,0],"7":[0,0],"8":[0,0],"9":[0,0]}}
,"/Users/connorelsea/Projects/remix-platform/src/components/DataManager.js": {"path":"/Users/connorelsea/Projects/remix-platform/src/components/DataManager.js","statementMap":{"0":{"start":{"line":1,"column":0},"end":{"line":null,"column":-1}},"1":{"start":{"line":2,"column":0},"end":{"line":null,"column":-1}},"2":{"start":{"line":3,"column":0},"end":{"line":null,"column":-1}},"3":{"start":{"line":4,"column":0},"end":{"line":null,"column":-1}},"4":{"start":{"line":5,"column":0},"end":{"line":null,"column":-1}},"5":{"start":{"line":9,"column":4},"end":{"line":null,"column":-1}},"6":{"start":{"line":17,"column":6},"end":{"line":null,"column":-1}},"7":{"start":{"line":27,"column":8},"end":{"line":22,"column":22}},"8":{"start":{"line":22,"column":22},"end":{"line":22,"column":21}},"9":{"start":{"line":29,"column":4},"end":{"line":null,"column":-1}},"10":{"start":{"line":30,"column":4},"end":{"line":null,"column":-1}},"11":{"start":{"line":34,"column":4},"end":{"line":null,"column":-1}},"12":{"start":{"line":39,"column":2},"end":{"line":null,"column":-1}},"13":{"start":{"line":41,"column":6},"end":{"line":null,"column":-1}},"14":{"start":{"line":44,"column":6},"end":{"line":null,"column":-1}},"15":{"start":{"line":46,"column":21},"end":{"line":39,"column":8}},"16":{"start":{"line":47,"column":25},"end":{"line":39,"column":8}},"17":{"start":{"line":52,"column":2},"end":{"line":null,"column":-1}}},"fnMap":{"0":{"name":"mapDispatchToProps","decl":{"start":{"line":38,"column":9},"end":{"line":38,"column":0}},"loc":{"start":{"line":38,"column":38},"end":{"line":49,"column":1}}},"1":{"name":"subscribeToFriendRequests","decl":{"start":{"line":40,"column":31},"end":{"line":40,"column":36}},"loc":{"start":{"line":40,"column":37},"end":{"line":39,"column":9}}},"2":{"name":"subscribeToMessages","decl":{"start":{"line":43,"column":25},"end":{"line":43,"column":30}},"loc":{"start":{"line":43,"column":31},"end":{"line":39,"column":9}}},"3":{"name":"loadInitialUser","decl":{"start":{"line":46,"column":21},"end":{"line":46,"column":26}},"loc":{"start":{"line":46,"column":21},"end":{"line":39,"column":9}}},"4":{"name":"removeFriendRequest","decl":{"start":{"line":47,"column":25},"end":{"line":47,"column":30}},"loc":{"start":{"line":47,"column":25},"end":{"line":39,"column":9}}}},"branchMap":{},"s":{"0":0,"1":0,"2":0,"3":0,"4":0,"5":0,"6":0,"7":0,"8":0,"9":0,"10":0,"11":0,"12":0,"13":0,"14":0,"15":0,"16":0,"17":0},"f":{"0":0,"1":0,"2":0,"3":0,"4":0},"b":{}}
,"/Users/connorelsea/Projects/remix-platform/src/components/DeviceCard.js": {"path":"/Users/connorelsea/Projects/remix-platform/src/components/DeviceCard.js","statementMap":{"0":{"start":{"line":3,"column":0},"end":{"line":null,"column":-1}},"1":{"start":{"line":4,"column":0},"end":{"line":null,"column":-1}},"2":{"start":{"line":5,"column":0},"end":{"line":null,"column":-1}},"3":{"start":{"line":6,"column":0},"end":{"line":null,"column":-1}},"4":{"start":{"line":8,"column":0},"end":{"line":null,"column":-1}},"5":{"start":{"line":9,"column":0},"end":{"line":null,"column":-1}},"6":{"start":{"line":10,"column":0},"end":{"line":null,"column":-1}},"7":{"start":{"line":11,"column":0},"end":{"line":null,"column":-1}},"8":{"start":{"line":12,"column":0},"end":{"line":null,"column":-1}},"9":{"start":{"line":13,"column":0},"end":{"line":null,"column":-1}},"10":{"start":{"line":14,"column":0},"end":{"line":null,"column":-1}},"11":{"start":{"line":15,"column":0},"end":{"line":null,"column":-1}},"12":{"start":{"line":24,"column":29},"end":{"line":23,"column":17}},"13":{"start":{"line":23,"column":17},"end":{"line":23,"column":16}},"14":{"start":{"line":26,"column":4},"end":{"line":null,"column":-1}}},"fnMap":{},"branchMap":{},"s":{"0":0,"1":0,"2":0,"3":0,"4":0,"5":0,"6":0,"7":0,"8":0,"9":0,"10":0,"11":0,"12":0,"13":0,"14":0},"f":{},"b":{}}
,"/Users/connorelsea/Projects/remix-platform/src/components/FlexContainer.js": {"path":"/Users/connorelsea/Projects/remix-platform/src/components/FlexContainer.js","statementMap":{"0":{"start":{"line":1,"column":0},"end":{"line":null,"column":-1}}},"fnMap":{},"branchMap":{},"s":{"0":0},"f":{},"b":{}}
,"/Users/connorelsea/Projects/remix-platform/src/components/FlexContainer.web.js": {"path":"/Users/connorelsea/Projects/remix-platform/src/components/FlexContainer.web.js","statementMap":{"0":{"start":{"line":1,"column":0},"end":{"line":null,"column":-1}}},"fnMap":{},"branchMap":{},"s":{"0":0},"f":{},"b":{}}
,"/Users/connorelsea/Projects/remix-platform/src/components/FlexContainerItem.js": {"path":"/Users/connorelsea/Projects/remix-platform/src/components/FlexContainerItem.js","statementMap":{"0":{"start":{"line":1,"column":0},"end":{"line":null,"column":-1}}},"fnMap":{},"branchMap":{},"s":{"0":0},"f":{},"b":{}}
,"/Users/connorelsea/Projects/remix-platform/src/components/FlexContainerItem.web.js": {"path":"/Users/connorelsea/Projects/remix-platform/src/components/FlexContainerItem.web.js","statementMap":{"0":{"start":{"line":1,"column":0},"end":{"line":null,"column":-1}}},"fnMap":{},"branchMap":{},"s":{"0":0},"f":{},"b":{}}
,"/Users/connorelsea/Projects/remix-platform/src/components/FriendRequest.js": {"path":"/Users/connorelsea/Projects/remix-platform/src/components/FriendRequest.js","statementMap":{"0":{"start":{"line":1,"column":0},"end":{"line":null,"column":-1}},"1":{"start":{"line":2,"column":0},"end":{"line":null,"column":-1}},"2":{"start":{"line":3,"column":0},"end":{"line":null,"column":-1}},"3":{"start":{"line":4,"column":0},"end":{"line":null,"column":-1}},"4":{"start":{"line":5,"column":0},"end":{"line":null,"column":-1}},"5":{"start":{"line":6,"column":0},"end":{"line":null,"column":-1}},"6":{"start":{"line":7,"column":0},"end":{"line":null,"column":-1}},"7":{"start":{"line":8,"column":0},"end":{"line":null,"column":-1}},"8":{"start":{"line":9,"column":0},"end":{"line":null,"column":-1}},"9":{"start":{"line":10,"column":0},"end":{"line":null,"column":-1}},"10":{"start":{"line":20,"column":4},"end":{"line":null,"column":-1}},"11":{"start":{"line":25,"column":4},"end":{"line":null,"column":-1}},"12":{"start":{"line":29,"column":20},"end":{"line":null,"column":-1}},"13":{"start":{"line":30,"column":36},"end":{"line":29,"column":20}},"14":{"start":{"line":32,"column":4},"end":{"line":null,"column":-1}},"15":{"start":{"line":32,"column":11},"end":{"line":32,"column":3}},"16":{"start":{"line":33,"column":6},"end":{"line":32,"column":11}},"17":{"start":{"line":33,"column":17},"end":{"line":33,"column":5}},"18":{"start":{"line":32,"column":11},"end":{"line":null,"column":-1}},"19":{"start":{"line":32,"column":11},"end":{"line":35,"column":9}},"20":{"start":{"line":35,"column":10},"end":{"line":32,"column":11}},"21":{"start":{"line":44,"column":6},"end":{"line":32,"column":11}},"22":{"start":{"line":49,"column":40},"end":{"line":48,"column":11}},"23":{"start":{"line":48,"column":11},"end":{"line":48,"column":10}},"24":{"start":{"line":50,"column":32},"end":{"line":48,"column":11}},"25":{"start":{"line":52,"column":4},"end":{"line":null,"column":-1}},"26":{"start":{"line":90,"column":13},"end":{"line":90,"column":0}},"27":{"start":{"line":91,"column":20},"end":{"line":90,"column":5}},"28":{"start":{"line":93,"column":21},"end":{"line":90,"column":5}},"29":{"start":{"line":97,"column":16},"end":{"line":97,"column":0}},"30":{"start":{"line":99,"column":22},"end":{"line":99,"column":21}},"31":{"start":{"line":99,"column":22},"end":{"line":97,"column":5}},"32":{"start":{"line":108,"column":15},"end":{"line":108,"column":0}}},"fnMap":{"0":{"name":"_callee","decl":{"start":{"line":32,"column":11},"end":{"line":null,"column":-1}},"loc":{"start":{"line":32,"column":11},"end":{"line":32,"column":4}}},"1":{"name":"(anonymous_24)","decl":{"start":{"line":33,"column":17},"end":{"line":33,"column":22}},"loc":{"start":{"line":33,"column":17},"end":{"line":33,"column":6}}},"2":{"name":"action","decl":{"start":{"line":79,"column":64},"end":{"line":79,"column":69}},"loc":{"start":{"line":79,"column":70},"end":{"line":79,"column":14}}},"3":{"name":"(anonymous_28)","decl":{"start":{"line":91,"column":20},"end":{"line":91,"column":29}},"loc":{"start":{"line":91,"column":20},"end":{"line":90,"column":6}}},"4":{"name":"(anonymous_29)","decl":{"start":{"line":93,"column":21},"end":{"line":93,"column":29}},"loc":{"start":{"line":93,"column":21},"end":{"line":90,"column":6}}},"5":{"name":"(anonymous_30)","decl":{"start":{"line":99,"column":22},"end":{"line":99,"column":24}},"loc":{"start":{"line":99,"column":22},"end":{"line":97,"column":6}}}},"branchMap":{"0":{"loc":{"start":{"line":32,"column":11},"end":{"line":35,"column":9}},"type":"switch","locations":[{"start":{"line":32,"column":11},"end":{"line":35,"column":9}},{"start":{"line":32,"column":11},"end":{"line":32,"column":10}},{"start":{"line":32,"column":11},"end":{"line":32,"column":3}},{"start":{"line":32,"column":11},"end":{"line":32,"column":3}}]},"1":{"loc":{"start":{"line":63,"column":16},"end":{"line":62,"column":13}},"type":"cond-expr","locations":[{"start":{"line":63,"column":16},"end":{"line":62,"column":13}},{"start":{"line":64,"column":16},"end":{"line":61,"column":10}}]},"2":{"loc":{"start":{"line":71,"column":9},"end":{"line":71,"column":8}},"type":"binary-expr","locations":[{"start":{"line":71,"column":9},"end":{"line":71,"column":8}},{"start":{"line":72,"column":10},"end":{"line":53,"column":6}}]},"3":{"loc":{"start":{"line":91,"column":42},"end":{"line":91,"column":30}},"type":"cond-expr","locations":[{"start":{"line":91,"column":42},"end":{"line":91,"column":30}},{"start":{"line":91,"column":50},"end":{"line":91,"column":20}}]},"4":{"loc":{"start":{"line":93,"column":30},"end":{"line":93,"column":29}},"type":"binary-expr","locations":[{"start":{"line":93,"column":30},"end":{"line":93,"column":29}},{"start":{"line":93,"column":42},"end":{"line":93,"column":21}}]},"5":{"loc":{"start":{"line":100,"column":12},"end":{"line":100,"column":4}},"type":"cond-expr","locations":[{"start":{"line":100,"column":12},"end":{"line":100,"column":4}},{"start":{"line":100,"column":38},"end":{"line":99,"column":22}}]}},"s":{"0":0,"1":0,"2":0,"3":0,"4":0,"5":0,"6":0,"7":0,"8":0,"9":0,"10":0,"11":0,"12":0,"13":0,"14":0,"15":0,"16":0,"17":0,"18":0,"19":0,"20":0,"21":0,"22":0,"23":0,"24":0,"25":0,"26":0,"27":0,"28":0,"29":0,"30":0,"31":0,"32":0},"f":{"0":0,"1":0,"2":0,"3":0,"4":0,"5":0},"b":{"0":[0,0,0,0],"1":[0,0],"2":[0,0],"3":[0,0],"4":[0,0],"5":[0,0]}}
,"/Users/connorelsea/Projects/remix-platform/src/components/Gradient.js": {"path":"/Users/connorelsea/Projects/remix-platform/src/components/Gradient.js","statementMap":{"0":{"start":{"line":1,"column":0},"end":{"line":null,"column":-1}},"1":{"start":{"line":2,"column":0},"end":{"line":null,"column":-1}},"2":{"start":{"line":6,"column":36},"end":{"line":5,"column":11}},"3":{"start":{"line":5,"column":11},"end":{"line":5,"column":10}},"4":{"start":{"line":7,"column":4},"end":{"line":null,"column":-1}}},"fnMap":{},"branchMap":{},"s":{"0":0,"1":0,"2":0,"3":0,"4":0},"f":{},"b":{}}
,"/Users/connorelsea/Projects/remix-platform/src/components/GroupCard.js": {"path":"/Users/connorelsea/Projects/remix-platform/src/components/GroupCard.js","statementMap":{"0":{"start":{"line":1,"column":0},"end":{"line":null,"column":-1}},"1":{"start":{"line":2,"column":0},"end":{"line":null,"column":-1}},"2":{"start":{"line":3,"column":0},"end":{"line":null,"column":-1}},"3":{"start":{"line":4,"column":0},"end":{"line":null,"column":-1}},"4":{"start":{"line":5,"column":0},"end":{"line":null,"column":-1}},"5":{"start":{"line":7,"column":0},"end":{"line":null,"column":-1}},"6":{"start":{"line":8,"column":0},"end":{"line":null,"column":-1}},"7":{"start":{"line":9,"column":0},"end":{"line":null,"column":-1}},"8":{"start":{"line":10,"column":0},"end":{"line":null,"column":-1}},"9":{"start":{"line":11,"column":0},"end":{"line":null,"column":-1}},"10":{"start":{"line":12,"column":0},"end":{"line":null,"column":-1}},"11":{"start":{"line":13,"column":0},"end":{"line":null,"column":-1}},"12":{"start":{"line":18,"column":19},"end":{"line":17,"column":12}},"13":{"start":{"line":19,"column":4},"end":{"line":null,"column":-1}},"14":{"start":{"line":30,"column":8},"end":{"line":22,"column":11}},"15":{"start":{"line":22,"column":11},"end":{"line":22,"column":10}},"16":{"start":{"line":31,"column":38},"end":{"line":22,"column":11}},"17":{"start":{"line":33,"column":16},"end":{"line":33,"column":4}},"18":{"start":{"line":34,"column":15},"end":{"line":34,"column":4}},"19":{"start":{"line":36,"column":4},"end":{"line":44,"column":5}},"20":{"start":{"line":37,"column":6},"end":{"line":null,"column":-1}},"21":{"start":{"line":38,"column":6},"end":{"line":null,"column":-1}},"22":{"start":{"line":40,"column":24},"end":{"line":40,"column":6}},"23":{"start":{"line":40,"column":37},"end":{"line":40,"column":23}},"24":{"start":{"line":41,"column":29},"end":{"line":41,"column":6}},"25":{"start":{"line":41,"column":40},"end":{"line":41,"column":28}},"26":{"start":{"line":42,"column":6},"end":{"line":null,"column":-1}},"27":{"start":{"line":43,"column":6},"end":{"line":null,"column":-1}},"28":{"start":{"line":46,"column":4},"end":{"line":null,"column":-1}},"29":{"start":{"line":73,"column":23},"end":{"line":70,"column":16}},"30":{"start":{"line":93,"column":2},"end":{"line":null,"column":-1}},"31":{"start":{"line":95,"column":6},"end":{"line":null,"column":-1}},"32":{"start":{"line":98,"column":6},"end":{"line":null,"column":-1}},"33":{"start":{"line":100,"column":21},"end":{"line":93,"column":8}},"34":{"start":{"line":101,"column":25},"end":{"line":93,"column":8}},"35":{"start":{"line":106,"column":2},"end":{"line":null,"column":-1}},"36":{"start":{"line":118,"column":18},"end":{"line":118,"column":0}},"37":{"start":{"line":120,"column":14},"end":{"line":120,"column":0}},"38":{"start":{"line":128,"column":18},"end":{"line":128,"column":0}},"39":{"start":{"line":132,"column":25},"end":{"line":132,"column":0}},"40":{"start":{"line":137,"column":13},"end":{"line":137,"column":0}}},"fnMap":{"0":{"name":"(anonymous_16)","decl":{"start":{"line":40,"column":37},"end":{"line":40,"column":46}},"loc":{"start":{"line":40,"column":37},"end":{"line":40,"column":24}}},"1":{"name":"(anonymous_17)","decl":{"start":{"line":41,"column":40},"end":{"line":41,"column":44}},"loc":{"start":{"line":41,"column":40},"end":{"line":41,"column":29}}},"2":{"name":"(anonymous_18)","decl":{"start":{"line":73,"column":23},"end":{"line":73,"column":23}},"loc":{"start":{"line":73,"column":23},"end":{"line":70,"column":17}}},"3":{"name":"mapDispatchToProps","decl":{"start":{"line":92,"column":9},"end":{"line":92,"column":0}},"loc":{"start":{"line":92,"column":38},"end":{"line":103,"column":1}}},"4":{"name":"subscribeToFriendRequests","decl":{"start":{"line":94,"column":31},"end":{"line":94,"column":36}},"loc":{"start":{"line":94,"column":37},"end":{"line":93,"column":9}}},"5":{"name":"subscribeToMessages","decl":{"start":{"line":97,"column":25},"end":{"line":97,"column":30}},"loc":{"start":{"line":97,"column":31},"end":{"line":93,"column":9}}},"6":{"name":"loadInitialUser","decl":{"start":{"line":100,"column":21},"end":{"line":100,"column":26}},"loc":{"start":{"line":100,"column":21},"end":{"line":93,"column":9}}},"7":{"name":"removeFriendRequest","decl":{"start":{"line":101,"column":25},"end":{"line":101,"column":30}},"loc":{"start":{"line":101,"column":25},"end":{"line":93,"column":9}}}},"branchMap":{"0":{"loc":{"start":{"line":36,"column":4},"end":{"line":44,"column":5}},"type":"if","locations":[{"start":{"line":36,"column":4},"end":{"line":44,"column":5}},{"start":{"line":36,"column":4},"end":{"line":44,"column":5}}]},"1":{"loc":{"start":{"line":41,"column":29},"end":{"line":41,"column":70}},"type":"binary-expr","locations":[{"start":{"line":41,"column":29},"end":{"line":41,"column":70}},{"start":{"line":41,"column":71},"end":{"line":41,"column":6}}]},"2":{"loc":{"start":{"line":52,"column":21},"end":{"line":52,"column":28}},"type":"binary-expr","locations":[{"start":{"line":52,"column":21},"end":{"line":52,"column":28}},{"start":{"line":52,"column":29},"end":{"line":51,"column":22}}]}},"s":{"0":0,"1":0,"2":0,"3":0,"4":0,"5":0,"6":0,"7":0,"8":0,"9":0,"10":0,"11":0,"12":0,"13":0,"14":0,"15":0,"16":0,"17":0,"18":0,"19":0,"20":0,"21":0,"22":0,"23":0,"24":0,"25":0,"26":0,"27":0,"28":0,"29":0,"30":0,"31":0,"32":0,"33":0,"34":0,"35":0,"36":0,"37":0,"38":0,"39":0,"40":0},"f":{"0":0,"1":0,"2":0,"3":0,"4":0,"5":0,"6":0,"7":0},"b":{"0":[0,0],"1":[0,0],"2":[0,0]}}
,"/Users/connorelsea/Projects/remix-platform/src/components/Header.js": {"path":"/Users/connorelsea/Projects/remix-platform/src/components/Header.js","statementMap":{"0":{"start":{"line":1,"column":0},"end":{"line":null,"column":-1}},"1":{"start":{"line":2,"column":0},"end":{"line":null,"column":-1}},"2":{"start":{"line":3,"column":0},"end":{"line":null,"column":-1}},"3":{"start":{"line":4,"column":0},"end":{"line":null,"column":-1}},"4":{"start":{"line":5,"column":0},"end":{"line":null,"column":-1}},"5":{"start":{"line":6,"column":0},"end":{"line":null,"column":-1}},"6":{"start":{"line":7,"column":0},"end":{"line":null,"column":-1}},"7":{"start":{"line":8,"column":0},"end":{"line":null,"column":-1}},"8":{"start":{"line":10,"column":0},"end":{"line":null,"column":-1}},"9":{"start":{"line":12,"column":18},"end":{"line":12,"column":0}},"10":{"start":{"line":17,"column":4},"end":{"line":null,"column":-1}},"11":{"start":{"line":22,"column":4},"end":{"line":null,"column":-1}},"12":{"start":{"line":25,"column":21},"end":{"line":null,"column":-1}},"13":{"start":{"line":28,"column":4},"end":{"line":25,"column":21}},"14":{"start":{"line":36,"column":11},"end":{"line":null,"column":-1}},"15":{"start":{"line":37,"column":46},"end":{"line":36,"column":11}},"16":{"start":{"line":36,"column":11},"end":{"line":36,"column":10}},"17":{"start":{"line":38,"column":4},"end":{"line":null,"column":-1}},"18":{"start":{"line":44,"column":9},"end":{"line":44,"column":8}},"19":{"start":{"line":44,"column":9},"end":{"line":39,"column":5}},"20":{"start":{"line":81,"column":12},"end":{"line":81,"column":0}},"21":{"start":{"line":88,"column":12},"end":{"line":81,"column":5}},"22":{"start":{"line":91,"column":13},"end":{"line":91,"column":0}},"23":{"start":{"line":96,"column":17},"end":{"line":96,"column":0}},"24":{"start":{"line":102,"column":14},"end":{"line":102,"column":0}},"25":{"start":{"line":106,"column":4},"end":{"line":102,"column":5}},"26":{"start":{"line":109,"column":18},"end":{"line":109,"column":0}},"27":{"start":{"line":115,"column":14},"end":{"line":115,"column":0}},"28":{"start":{"line":117,"column":15},"end":{"line":115,"column":5}}},"fnMap":{"0":{"name":"(anonymous_16)","decl":{"start":{"line":44,"column":9},"end":{"line":44,"column":11}},"loc":{"start":{"line":44,"column":9},"end":{"line":39,"column":6}}},"1":{"name":"(anonymous_18)","decl":{"start":{"line":88,"column":12},"end":{"line":88,"column":20}},"loc":{"start":{"line":88,"column":12},"end":{"line":81,"column":6}}},"2":{"name":"(anonymous_19)","decl":{"start":{"line":106,"column":4},"end":{"line":106,"column":13}},"loc":{"start":{"line":106,"column":4},"end":{"line":102,"column":6}}},"3":{"name":"(anonymous_20)","decl":{"start":{"line":117,"column":15},"end":{"line":117,"column":24}},"loc":{"start":{"line":117,"column":15},"end":{"line":115,"column":6}}}},"branchMap":{"0":{"loc":{"start":{"line":25,"column":21},"end":{"line":null,"column":-1}},"type":"binary-expr","locations":[{"start":{"line":25,"column":21},"end":{"line":null,"column":-1}},{"start":{"line":25,"column":21},"end":{"line":null,"column":-1}}]},"1":{"loc":{"start":{"line":41,"column":28},"end":{"line":41,"column":20}},"type":"cond-expr","locations":[{"start":{"line":41,"column":28},"end":{"line":41,"column":20}},{"start":{"line":41,"column":34},"end":{"line":41,"column":13}}]},"2":{"loc":{"start":{"line":53,"column":20},"end":{"line":52,"column":16}},"type":"cond-expr","locations":[{"start":{"line":53,"column":20},"end":{"line":52,"column":16}},{"start":{"line":54,"column":20},"end":{"line":46,"column":12}}]},"3":{"loc":{"start":{"line":52,"column":16},"end":{"line":52,"column":15}},"type":"binary-expr","locations":[{"start":{"line":52,"column":16},"end":{"line":52,"column":15}},{"start":{"line":52,"column":26},"end":{"line":52,"column":16}}]},"4":{"loc":{"start":{"line":59,"column":37},"end":{"line":59,"column":29}},"type":"cond-expr","locations":[{"start":{"line":59,"column":37},"end":{"line":59,"column":29}},{"start":{"line":59,"column":42},"end":{"line":59,"column":14}}]},"5":{"loc":{"start":{"line":61,"column":17},"end":{"line":61,"column":16}},"type":"binary-expr","locations":[{"start":{"line":61,"column":17},"end":{"line":61,"column":16}},{"start":{"line":62,"column":18},"end":{"line":60,"column":14}}]},"6":{"loc":{"start":{"line":65,"column":31},"end":{"line":65,"column":42}},"type":"binary-expr","locations":[{"start":{"line":65,"column":31},"end":{"line":65,"column":42}},{"start":{"line":65,"column":43},"end":{"line":65,"column":20}}]},"7":{"loc":{"start":{"line":68,"column":17},"end":{"line":68,"column":16}},"type":"binary-expr","locations":[{"start":{"line":68,"column":17},"end":{"line":68,"column":16}},{"start":{"line":68,"column":27},"end":{"line":60,"column":14}}]},"8":{"loc":{"start":{"line":69,"column":38},"end":{"line":69,"column":46}},"type":"binary-expr","locations":[{"start":{"line":69,"column":38},"end":{"line":69,"column":46}},{"start":{"line":69,"column":47},"end":{"line":69,"column":16}}]},"9":{"loc":{"start":{"line":106,"column":29},"end":{"line":106,"column":14}},"type":"cond-expr","locations":[{"start":{"line":106,"column":29},"end":{"line":106,"column":14}},{"start":{"line":106,"column":74},"end":{"line":106,"column":4}}]},"10":{"loc":{"start":{"line":117,"column":39},"end":{"line":117,"column":25}},"type":"cond-expr","locations":[{"start":{"line":117,"column":39},"end":{"line":117,"column":25}},{"start":{"line":117,"column":44},"end":{"line":117,"column":15}}]}},"s":{"0":0,"1":0,"2":0,"3":0,"4":0,"5":0,"6":0,"7":0,"8":0,"9":0,"10":0,"11":0,"12":0,"13":0,"14":0,"15":0,"16":0,"17":0,"18":0,"19":0,"20":0,"21":0,"22":0,"23":0,"24":0,"25":0,"26":0,"27":0,"28":0},"f":{"0":0,"1":0,"2":0,"3":0},"b":{"0":[0,0],"1":[0,0],"2":[0,0],"3":[0,0],"4":[0,0],"5":[0,0],"6":[0,0],"7":[0,0],"8":[0,0],"9":[0,0],"10":[0,0]}}
,"/Users/connorelsea/Projects/remix-platform/src/components/HelpCard.js": {"path":"/Users/connorelsea/Projects/remix-platform/src/components/HelpCard.js","statementMap":{"0":{"start":{"line":1,"column":0},"end":{"line":null,"column":-1}},"1":{"start":{"line":2,"column":0},"end":{"line":null,"column":-1}},"2":{"start":{"line":3,"column":0},"end":{"line":null,"column":-1}},"3":{"start":{"line":7,"column":22},"end":{"line":6,"column":11}},"4":{"start":{"line":8,"column":4},"end":{"line":null,"column":-1}},"5":{"start":{"line":18,"column":18},"end":{"line":18,"column":0}}},"fnMap":{},"branchMap":{},"s":{"0":0,"1":0,"2":0,"3":0,"4":0,"5":0},"f":{},"b":{}}
,"/Users/connorelsea/Projects/remix-platform/src/components/Input.js": {"path":"/Users/connorelsea/Projects/remix-platform/src/components/Input.js","statementMap":{"0":{"start":{"line":1,"column":0},"end":{"line":null,"column":-1}},"1":{"start":{"line":2,"column":0},"end":{"line":null,"column":-1}},"2":{"start":{"line":3,"column":0},"end":{"line":null,"column":-1}},"3":{"start":{"line":15,"column":8},"end":{"line":6,"column":11}},"4":{"start":{"line":6,"column":11},"end":{"line":6,"column":10}},"5":{"start":{"line":6,"column":11},"end":{"line":null,"column":-1}},"6":{"start":{"line":17,"column":4},"end":{"line":null,"column":-1}},"7":{"start":{"line":32,"column":20},"end":{"line":32,"column":0}}},"fnMap":{},"branchMap":{"0":{"loc":{"start":{"line":14,"column":24},"end":{"line":6,"column":11}},"type":"cond-expr","locations":[{"start":{"line":14,"column":24},"end":{"line":6,"column":11}},{"start":{"line":6,"column":11},"end":{"line":null,"column":-1}}]}},"s":{"0":0,"1":0,"2":0,"3":0,"4":0,"5":0,"6":0,"7":0},"f":{},"b":{"0":[0,0]}}
,"/Users/connorelsea/Projects/remix-platform/src/components/KeyboardSpacer.js": {"path":"/Users/connorelsea/Projects/remix-platform/src/components/KeyboardSpacer.js","statementMap":{"0":{"start":{"line":1,"column":0},"end":{"line":null,"column":-1}},"1":{"start":{"line":2,"column":0},"end":{"line":null,"column":-1}},"2":{"start":{"line":4,"column":15},"end":{"line":null,"column":-1}}},"fnMap":{},"branchMap":{},"s":{"0":0,"1":0,"2":0},"f":{},"b":{}}
,"/Users/connorelsea/Projects/remix-platform/src/components/KeyboardSpacer.web.js": {"path":"/Users/connorelsea/Projects/remix-platform/src/components/KeyboardSpacer.web.js","statementMap":{"0":{"start":{"line":1,"column":0},"end":{"line":null,"column":-1}},"1":{"start":{"line":4,"column":15},"end":{"line":null,"column":-1}}},"fnMap":{},"branchMap":{},"s":{"0":0,"1":0},"f":{},"b":{}}
,"/Users/connorelsea/Projects/remix-platform/src/components/LinearGradient.js": {"path":"/Users/connorelsea/Projects/remix-platform/src/components/LinearGradient.js","statementMap":{"0":{"start":{"line":3,"column":0},"end":{"line":null,"column":-1}},"1":{"start":{"line":4,"column":0},"end":{"line":null,"column":-1}},"2":{"start":{"line":30,"column":8},"end":{"line":21,"column":11}},"3":{"start":{"line":21,"column":11},"end":{"line":21,"column":10}},"4":{"start":{"line":21,"column":11},"end":{"line":null,"column":-1}},"5":{"start":{"line":31,"column":16},"end":{"line":31,"column":4}},"6":{"start":{"line":32,"column":21},"end":{"line":32,"column":4}},"7":{"start":{"line":33,"column":21},"end":{"line":33,"column":4}},"8":{"start":{"line":34,"column":21},"end":{"line":34,"column":4}},"9":{"start":{"line":36,"column":6},"end":{"line":35,"column":4}},"10":{"start":{"line":36,"column":30},"end":{"line":36,"column":18}},"11":{"start":{"line":37,"column":25},"end":{"line":37,"column":4}},"12":{"start":{"line":38,"column":11},"end":{"line":37,"column":24}},"13":{"start":{"line":40,"column":4},"end":{"line":null,"column":-1}}},"fnMap":{"0":{"name":"(anonymous_13)","decl":{"start":{"line":36,"column":30},"end":{"line":36,"column":30}},"loc":{"start":{"line":36,"column":30},"end":{"line":36,"column":19}}},"1":{"name":"(anonymous_14)","decl":{"start":{"line":38,"column":11},"end":{"line":38,"column":11}},"loc":{"start":{"line":38,"column":11},"end":{"line":37,"column":25}}}},"branchMap":{"0":{"loc":{"start":{"line":36,"column":6},"end":{"line":36,"column":18}},"type":"binary-expr","locations":[{"start":{"line":36,"column":6},"end":{"line":36,"column":18}},{"start":{"line":36,"column":19},"end":{"line":35,"column":4}}]}},"s":{"0":0,"1":0,"2":0,"3":0,"4":0,"5":0,"6":0,"7":0,"8":0,"9":0,"10":0,"11":0,"12":0,"13":0},"f":{"0":0,"1":0},"b":{"0":[0,0]}}
,"/Users/connorelsea/Projects/remix-platform/src/components/Logo.js": {"path":"/Users/connorelsea/Projects/remix-platform/src/components/Logo.js","statementMap":{"0":{"start":{"line":1,"column":0},"end":{"line":null,"column":-1}},"1":{"start":{"line":2,"column":0},"end":{"line":null,"column":-1}},"2":{"start":{"line":3,"column":0},"end":{"line":null,"column":-1}},"3":{"start":{"line":4,"column":0},"end":{"line":null,"column":-1}},"4":{"start":{"line":17,"column":27},"end":{"line":16,"column":11}},"5":{"start":{"line":18,"column":26},"end":{"line":18,"column":4}},"6":{"start":{"line":35,"column":4},"end":{"line":null,"column":-1}},"7":{"start":{"line":41,"column":11},"end":{"line":37,"column":7}},"8":{"start":{"line":47,"column":41},"end":{"line":47,"column":20}},"9":{"start":{"line":69,"column":18},"end":{"line":69,"column":0}},"10":{"start":{"line":71,"column":25},"end":{"line":71,"column":0}},"11":{"start":{"line":76,"column":13},"end":{"line":76,"column":0}},"12":{"start":{"line":81,"column":14},"end":{"line":81,"column":0}},"13":{"start":{"line":84,"column":11},"end":{"line":81,"column":5}},"14":{"start":{"line":86,"column":10},"end":{"line":81,"column":5}},"15":{"start":{"line":87,"column":13},"end":{"line":81,"column":5}}},"fnMap":{"0":{"name":"(anonymous_13)","decl":{"start":{"line":41,"column":11},"end":{"line":null,"column":-1}},"loc":{"start":{"line":41,"column":11},"end":{"line":37,"column":8}}},"1":{"name":"(anonymous_14)","decl":{"start":{"line":47,"column":41},"end":{"line":47,"column":41}},"loc":{"start":{"line":47,"column":41},"end":{"line":47,"column":21}}},"2":{"name":"(anonymous_16)","decl":{"start":{"line":84,"column":11},"end":{"line":84,"column":19}},"loc":{"start":{"line":84,"column":11},"end":{"line":81,"column":6}}},"3":{"name":"(anonymous_17)","decl":{"start":{"line":86,"column":10},"end":{"line":86,"column":18}},"loc":{"start":{"line":86,"column":10},"end":{"line":81,"column":6}}},"4":{"name":"(anonymous_18)","decl":{"start":{"line":87,"column":13},"end":{"line":87,"column":21}},"loc":{"start":{"line":87,"column":13},"end":{"line":81,"column":6}}}},"branchMap":{"0":{"loc":{"start":{"line":44,"column":16},"end":{"line":43,"column":15}},"type":"cond-expr","locations":[{"start":{"line":44,"column":16},"end":{"line":43,"column":15}},{"start":{"line":43,"column":15},"end":{"line":42,"column":12}}]}},"s":{"0":0,"1":0,"2":0,"3":0,"4":0,"5":0,"6":0,"7":0,"8":0,"9":0,"10":0,"11":0,"12":0,"13":0,"14":0,"15":0},"f":{"0":0,"1":0,"2":0,"3":0,"4":0},"b":{"0":[0,0]}}
,"/Users/connorelsea/Projects/remix-platform/src/components/Message.js": {"path":"/Users/connorelsea/Projects/remix-platform/src/components/Message.js","statementMap":{"0":{"start":{"line":1,"column":0},"end":{"line":null,"column":-1}},"1":{"start":{"line":2,"column":0},"end":{"line":null,"column":-1}},"2":{"start":{"line":3,"column":0},"end":{"line":null,"column":-1}},"3":{"start":{"line":4,"column":0},"end":{"line":null,"column":-1}},"4":{"start":{"line":5,"column":0},"end":{"line":null,"column":-1}},"5":{"start":{"line":6,"column":0},"end":{"line":null,"column":-1}},"6":{"start":{"line":7,"column":0},"end":{"line":null,"column":-1}},"7":{"start":{"line":8,"column":0},"end":{"line":null,"column":-1}},"8":{"start":{"line":10,"column":0},"end":{"line":null,"column":-1}},"9":{"start":{"line":14,"column":4},"end":{"line":16,"column":5}},"10":{"start":{"line":15,"column":6},"end":{"line":null,"column":-1}},"11":{"start":{"line":18,"column":4},"end":{"line":20,"column":5}},"12":{"start":{"line":19,"column":6},"end":{"line":null,"column":-1}},"13":{"start":{"line":22,"column":4},"end":{"line":27,"column":5}},"14":{"start":{"line":26,"column":6},"end":{"line":null,"column":-1}},"15":{"start":{"line":29,"column":4},"end":{"line":31,"column":5}},"16":{"start":{"line":30,"column":6},"end":{"line":null,"column":-1}},"17":{"start":{"line":33,"column":4},"end":{"line":null,"column":-1}},"18":{"start":{"line":38,"column":62},"end":{"line":37,"column":35}},"19":{"start":{"line":37,"column":35},"end":{"line":37,"column":34}},"20":{"start":{"line":39,"column":22},"end":{"line":39,"column":4}},"21":{"start":{"line":40,"column":32},"end":{"line":37,"column":35}},"22":{"start":{"line":41,"column":24},"end":{"line":41,"column":4}},"23":{"start":{"line":43,"column":4},"end":{"line":124,"column":5}},"24":{"start":{"line":44,"column":6},"end":{"line":null,"column":-1}},"25":{"start":{"line":61,"column":11},"end":{"line":124,"column":5}},"26":{"start":{"line":62,"column":6},"end":{"line":78,"column":7}},"27":{"start":{"line":63,"column":8},"end":{"line":null,"column":-1}},"28":{"start":{"line":80,"column":6},"end":{"line":null,"column":-1}},"29":{"start":{"line":92,"column":11},"end":{"line":124,"column":5}},"30":{"start":{"line":94,"column":6},"end":{"line":110,"column":7}},"31":{"start":{"line":95,"column":8},"end":{"line":null,"column":-1}},"32":{"start":{"line":112,"column":6},"end":{"line":null,"column":-1}},"33":{"start":{"line":129,"column":39},"end":{"line":128,"column":13}},"34":{"start":{"line":128,"column":13},"end":{"line":128,"column":12}},"35":{"start":{"line":130,"column":4},"end":{"line":null,"column":-1}},"36":{"start":{"line":133,"column":11},"end":{"line":null,"column":-1}},"37":{"start":{"line":142,"column":8},"end":{"line":133,"column":11}},"38":{"start":{"line":133,"column":11},"end":{"line":133,"column":10}},"39":{"start":{"line":144,"column":25},"end":{"line":144,"column":4}},"40":{"start":{"line":145,"column":24},"end":{"line":145,"column":4}},"41":{"start":{"line":146,"column":18},"end":{"line":146,"column":4}},"42":{"start":{"line":148,"column":18},"end":{"line":148,"column":4}},"43":{"start":{"line":150,"column":4},"end":{"line":null,"column":-1}},"44":{"start":{"line":157,"column":13},"end":{"line":157,"column":12}},"45":{"start":{"line":157,"column":13},"end":{"line":153,"column":9}},"46":{"start":{"line":176,"column":29},"end":{"line":176,"column":10}},"47":{"start":{"line":192,"column":12},"end":{"line":192,"column":0}},"48":{"start":{"line":198,"column":19},"end":{"line":198,"column":0}},"49":{"start":{"line":199,"column":17},"end":{"line":198,"column":5}},"50":{"start":{"line":201,"column":17},"end":{"line":201,"column":0}},"51":{"start":{"line":202,"column":17},"end":{"line":201,"column":5}},"52":{"start":{"line":204,"column":17},"end":{"line":204,"column":0}},"53":{"start":{"line":206,"column":22},"end":{"line":206,"column":0}},"54":{"start":{"line":213,"column":16},"end":{"line":213,"column":0}},"55":{"start":{"line":217,"column":18},"end":{"line":217,"column":0}},"56":{"start":{"line":218,"column":16},"end":{"line":218,"column":15}},"57":{"start":{"line":218,"column":16},"end":{"line":217,"column":5}},"58":{"start":{"line":220,"column":17},"end":{"line":220,"column":16}},"59":{"start":{"line":220,"column":17},"end":{"line":217,"column":5}},"60":{"start":{"line":225,"column":15},"end":{"line":225,"column":0}},"61":{"start":{"line":226,"column":13},"end":{"line":225,"column":5}},"62":{"start":{"line":228,"column":22},"end":{"line":228,"column":21}},"63":{"start":{"line":228,"column":22},"end":{"line":225,"column":5}},"64":{"start":{"line":229,"column":15},"end":{"line":225,"column":5}},"65":{"start":{"line":230,"column":13},"end":{"line":225,"column":5}},"66":{"start":{"line":233,"column":4},"end":{"line":233,"column":3}},"67":{"start":{"line":233,"column":4},"end":{"line":225,"column":5}},"68":{"start":{"line":233,"column":46},"end":{"line":233,"column":45}},"69":{"start":{"line":233,"column":46},"end":{"line":225,"column":5}},"7
[...]
line":20,"column":7},"end":{"line":23,"column":37}},"5":{"start":{"line":32,"column":7},"end":{"line":null,"column":-1}},"6":{"start":{"line":32,"column":7},"end":{"line":33,"column":5}},"7":{"start":{"line":33,"column":6},"end":{"line":32,"column":7}},"8":{"start":{"line":37,"column":7},"end":{"line":null,"column":-1}},"9":{"start":{"line":37,"column":7},"end":{"line":38,"column":5}},"10":{"start":{"line":38,"column":6},"end":{"line":37,"column":7}},"11":{"start":{"line":39,"column":2},"end":{"line":37,"column":7}},"12":{"start":{"line":6,"column":2},"end":{"line":8,"column":1}},"13":{"start":{"line":6,"column":29},"end":{"line":6,"column":2}},"14":{"start":{"line":7,"column":7},"end":{"line":8,"column":1}},"15":{"start":{"line":11,"column":2},"end":{"line":13,"column":1}},"16":{"start":{"line":11,"column":29},"end":{"line":11,"column":2}},"17":{"start":{"line":12,"column":7},"end":{"line":13,"column":1}},"18":{"start":{"line":16,"column":2},"end":{"line":18,"column":1}},"19":{"start":{"line":16,"column":29},"end":{"line":16,"column":2}},"20":{"start":{"line":17,"column":7},"end":{"line":18,"column":1}},"21":{"start":{"line":28,"column":34},"end":{"line":28,"column":2}},"22":{"start":{"line":29,"column":2},"end":{"line":30,"column":1}}},"fnMap":{"0":{"name":"_callee$","decl":{"start":{"line":20,"column":7},"end":{"line":null,"column":-1}},"loc":{"start":{"line":20,"column":7},"end":{"line":null,"column":-1}}},"1":{"name":"_callee2$","decl":{"start":{"line":32,"column":7},"end":{"line":null,"column":-1}},"loc":{"start":{"line":32,"column":7},"end":{"line":null,"column":-1}}},"2":{"name":"_callee3$","decl":{"start":{"line":37,"column":7},"end":{"line":null,"column":-1}},"loc":{"start":{"line":37,"column":7},"end":{"line":null,"column":-1}}},"3":{"name":"remove","decl":{"start":{"line":5,"column":16},"end":{"line":5,"column":7}},"loc":{"start":{"line":5,"column":53},"end":{"line":10,"column":7}}},"4":{"name":"get","decl":{"start":{"line":10,"column":16},"end":{"line":10,"column":7}},"loc":{"start":{"line":10,"column":59},"end":{"line":15,"column":7}}},"5":{"name":"set","decl":{"start":{"line":15,"column":16},"end":{"line":15,"column":7}},"loc":{"start":{"line":15,"column":60},"end":{"line":27,"column":7}}}},"branchMap":{"0":{"loc":{"start":{"line":20,"column":7},"end":{"line":21,"column":7}},"type":"switch","locations":[{"start":{"line":20,"column":7},"end":{"line":21,"column":7}},{"start":{"line":20,"column":7},"end":{"line":null,"column":-1}},{"start":{"line":20,"column":7},"end":{"line":null,"column":-1}},{"start":{"line":20,"column":7},"end":{"line":null,"column":-1}},{"start":{"line":20,"column":7},"end":{"line":null,"column":-1}},{"start":{"line":20,"column":7},"end":{"line":null,"column":-1}}]},"1":{"loc":{"start":{"line":20,"column":7},"end":{"line":22,"column":49}},"type":"if","locations":[{"start":{"line":20,"column":7},"end":{"line":22,"column":49}},{"start":{"line":20,"column":7},"end":{"line":22,"column":49}}]},"2":{"loc":{"start":{"line":22,"column":6},"end":{"line":22,"column":5}},"type":"binary-expr","locations":[{"start":{"line":22,"column":6},"end":{"line":22,"column":5}},{"start":{"line":22,"column":28},"end":{"line":20,"column":7}}]},"3":{"loc":{"start":{"line":20,"column":7},"end":{"line":23,"column":37}},"type":"if","locations":[{"start":{"line":20,"column":7},"end":{"line":23,"column":37}},{"start":{"line":20,"column":7},"end":{"line":23,"column":37}}]},"4":{"loc":{"start":{"line":32,"column":7},"end":{"line":33,"column":5}},"type":"switch","locations":[{"start":{"line":32,"column":7},"end":{"line":33,"column":5}},{"start":{"line":32,"column":7},"end":{"line":null,"column":-1}},{"start":{"line":32,"column":7},"end":{"line":null,"column":-1}},{"start":{"line":32,"column":7},"end":{"line":null,"column":-1}}]},"5":{"loc":{"start":{"line":37,"column":7},"end":{"line":38,"column":5}},"type":"switch","locations":[{"start":{"line":37,"column":7},"end":{"line":38,"column":5}},{"start":{"line":37,"column":7},"end":{"line":null,"column":-1}},{"start":{"line":37,"column":7},"end":{"line":null,"column":-1}},{"start":{"line":37,"column":7},"end":{"line":null,"column":-1}}]},"6":{"loc":{"start":{"line":6,"column":2},"end":{"line":8,"column":1}},"type":"if","locations":[{"start":{"line":6,"column":2},"end":{"line":8,"column":1}},{"start":{"line":6,"column":2},"end":{"line":8,"column":1}}]},"7":{"loc":{"start":{"line":11,"column":2},"end":{"line":13,"column":1}},"type":"if","locations":[{"start":{"line":11,"column":2},"end":{"line":13,"column":1}},{"start":{"line":11,"column":2},"end":{"line":13,"column":1}}]},"8":{"loc":{"start":{"line":16,"column":2},"end":{"line":18,"column":1}},"type":"if","locations":[{"start":{"line":16,"column":2},"end":{"line":18,"column":1}},{"start":{"line":16,"column":2},"end":{"line":18,"column":1}}]}},"s":{"0":0,"1":0,"2":0,"3":0,"4":0,"5":0,"6":0,"7":0,"8":0,"9":0,"10":0,"11":0,"12":0,"13":0,"14":0,"15":0,"16":0,"17":0,"18":0,"19":0,"20":0,"21":0,"22":0},"f":{"0":0,"1":0,"2":0,"3":0,"4":0,"5":0},"b":{"0":[0,0,0,0,0,0],"1":[0,0],"2":[0,0],"3":[0,0],"4":[0,0,0,0],"5":[0,0,0,0],"6":[0,0],"7":[0,0],"8":[0,0]}}
,"/Users/connorelsea/Projects/remix-platform/src/utilities/theme.js": {"path":"/Users/connorelsea/Projects/remix-platform/src/utilities/theme.js","statementMap":{"0":{"start":{"line":1,"column":0},"end":{"line":null,"column":-1}},"1":{"start":{"line":2,"column":0},"end":{"line":null,"column":-1}},"2":{"start":{"line":72,"column":17},"end":{"line":72,"column":0}},"3":{"start":{"line":85,"column":25},"end":{"line":85,"column":0}},"4":{"start":{"line":92,"column":26},"end":{"line":92,"column":0}},"5":{"start":{"line":150,"column":25},"end":{"line":150,"column":0}},"6":{"start":{"line":206,"column":35},"end":{"line":206,"column":0}},"7":{"start":{"line":263,"column":34},"end":{"line":263,"column":0}},"8":{"start":{"line":320,"column":13},"end":{"line":320,"column":7}},"9":{"start":{"line":327,"column":14},"end":{"line":327,"column":0}}},"fnMap":{},"branchMap":{},"s":{"0":0,"1":0,"2":0,"3":0,"4":0,"5":0,"6":0,"7":0,"8":0,"9":0},"f":{},"b":{}}
,"/Users/connorelsea/Projects/remix-platform/src/utilities/routing/BrowserAppContainer.js": {"path":"/Users/connorelsea/Projects/remix-platform/src/utilities/routing/BrowserAppContainer.js","statementMap":{"0":{"start":{"line":1,"column":0},"end":{"line":null,"column":-1}},"1":{"start":{"line":2,"column":0},"end":{"line":null,"column":-1}},"2":{"start":{"line":4,"column":0},"end":{"line":null,"column":-1}},"3":{"start":{"line":7,"column":17},"end":{"line":7,"column":2}},"4":{"start":{"line":8,"column":2},"end":{"line":10,"column":3}},"5":{"start":{"line":9,"column":4},"end":{"line":null,"column":-1}},"6":{"start":{"line":11,"column":2},"end":{"line":null,"column":-1}},"7":{"start":{"line":18,"column":24},"end":{"line":18,"column":2}},"8":{"start":{"line":22,"column":23},"end":{"line":22,"column":2}},"9":{"start":{"line":25,"column":2},"end":{"line":17,"column":38}},"10":{"start":{"line":17,"column":38},"end":{"line":null,"column":-1}},"11":{"start":{"line":17,"column":38},"end":{"line":29,"column":23}},"12":{"start":{"line":73,"column":20},"end":{"line":73,"column":6}},"13":{"start":{"line":78,"column":6},"end":{"line":92,"column":7}},"14":{"start":{"line":79,"column":8},"end":{"line":null,"column":-1}},"15":{"start":{"line":80,"column":13},"end":{"line":92,"column":7}},"16":{"start":{"line":81,"column":8},"end":{"line":null,"column":-1}},"17":{"start":{"line":82,"column":8},"end":{"line":null,"column":-1}},"18":{"start":{"line":83,"column":8},"end":{"line":null,"column":-1}},"19":{"start":{"line":84,"column":8},"end":{"line":null,"column":-1}},"20":{"start":{"line":85,"column":8},"end":{"line":null,"column":-1}},"21":{"start":{"line":87,"column":8},"end":{"line":null,"column":-1}},"22":{"start":{"line":94,"column":6},"end":{"line":96,"column":7}},"23":{"start":{"line":95,"column":8},"end":{"line":null,"column":-1}},"24":{"start":{"line":98,"column":6},"end":{"line":101,"column":7}},"25":{"start":{"line":99,"column":8},"end":{"line":null,"column":-1}},"26":{"start":{"line":100,"column":8},"end":{"line":null,"column":-1}},"27":{"start":{"line":102,"column":6},"end":{"line":null,"column":-1}},"28":{"start":{"line":116,"column":8},"end":{"line":115,"column":6}},"29":{"start":{"line":118,"column":23},"end":{"line":114,"column":32}},"30":{"start":{"line":114,"column":32},"end":{"line":114,"column":31}},"31":{"start":{"line":121,"column":6},"end":{"line":null,"column":-1}},"32":{"start":{"line":124,"column":6},"end":{"line":null,"column":-1}},"33":{"start":{"line":17,"column":38},"end":{"line":27,"column":35}},"34":{"start":{"line":29,"column":24},"end":{"line":30,"column":5}},"35":{"start":{"line":30,"column":25},"end":{"line":30,"column":6}},"36":{"start":{"line":34,"column":6},"end":{"line":37,"column":6}},"37":{"start":{"line":37,"column":6},"end":{"line":45,"column":5}},"38":{"start":{"line":38,"column":8},"end":{"line":39,"column":8}},"39":{"start":{"line":39,"column":23},"end":{"line":39,"column":8}},"40":{"start":{"line":43,"column":8},"end":{"line":44,"column":7}},"41":{"start":{"line":43,"column":20},"end":{"line":44,"column":7}},"42":{"start":{"line":50,"column":10},"end":{"line":46,"column":38}},"43":{"start":{"line":46,"column":38},"end":{"line":46,"column":37}},"44":{"start":{"line":51,"column":24},"end":{"line":51,"column":6}},"45":{"start":{"line":52,"column":12},"end":{"line":52,"column":6}},"46":{"start":{"line":53,"column":6},"end":{"line":56,"column":6}},"47":{"start":{"line":54,"column":8},"end":{"line":55,"column":7}},"48":{"start":{"line":56,"column":25},"end":{"line":56,"column":6}},"49":{"start":{"line":60,"column":6},"end":{"line":63,"column":5}},"50":{"start":{"line":65,"column":25},"end":{"line":64,"column":25}},"51":{"start":{"line":64,"column":25},"end":{"line":64,"column":24}},"52":{"start":{"line":68,"column":6},"end":{"line":71,"column":5}},"53":{"start":{"line":69,"column":8},"end":{"line":70,"column":7}},"54":{"start":{"line":105,"column":6},"end":{"line":113,"column":5}},"55":{"start":{"line":132,"column":6},"end":{"line":null,"column":-1}},"56":{"start":{"line":139,"column":2},"end":{"line":null,"column":-1}}},"fnMap":{"0":{"name":"(anonymous_10)","decl":{"start":{"line":17,"column":38},"end":{"line":null,"column":-1}},"loc":{"start":{"line":17,"column":38},"end":{"line":27,"column":35}}},"1":{"name":"(anonymous_12)","decl":{"start":{"line":72,"column":15},"end":{"line":72,"column":24}},"loc":{"start":{"line":72,"column":25},"end":{"line":17,"column":38}}},"2":{"name":"(anonymous_13)","decl":{"start":{"line":114,"column":22},"end":{"line":114,"column":31}},"loc":{"start":{"line":114,"column":32},"end":{"line":17,"column":38}}},"3":{"name":"(anonymous_14)","decl":{"start":{"line":123,"column":32},"end":{"line":123,"column":32}},"loc":{"start":{"line":123,"column":50},"end":{"line":17,"column":38}}},"4":{"name":"componentDidMount","decl":{"start":{"line":17,"column":38},"end":{"line":29,"column":23}},"loc":{"start":{"line":29,"column":24},"end":{"line":17,"column":38}}},"5":{"name":"(anonymous_16)","decl":{"start":{"line":37,"column":26},"end":{"line":37,"column":30}},"loc":{"start":{"line":37,"column":31},"end":{"line":37,"column":6}}},"6":{"name":"componentWillUpdate","decl":{"start":{"line":17,"column":38},"end":{"line":46,"column":23}},"loc":{"start":{"line":46,"column":38},"end":{"line":17,"column":38}}},"7":{"name":"componentDidUpdate","decl":{"start":{"line":17,"column":38},"end":{"line":64,"column":24}},"loc":{"start":{"line":64,"column":25},"end":{"line":17,"column":38}}},"8":{"name":"render","decl":{"start":{"line":17,"column":38},"end":{"line":104,"column":12}},"loc":{"start":{"line":104,"column":13},"end":{"line":17,"column":38}}},"9":{"name":"__reactstandin__regenerateByEval","decl":{"start":{"line":17,"column":38},"end":{"line":27,"column":35}},"loc":{"start":{"line":17,"column":38},"end":{"line":27,"column":35}}}},"branchMap":{"0":{"loc":{"start":{"line":8,"column":2},"end":{"line":10,"column":3}},"type":"if","locations":[{"start":{"line":8,"column":2},"end":{"line":10,"column":3}},{"start":{"line":8,"column":2},"end":{"line":10,"column":3}}]},"1":{"loc":{"start":{"line":17,"column":38},"end":{"line":null,"column":-1}},"type":"binary-expr","locations":[{"start":{"line":17,"column":38},"end":{"line":null,"column":-1}},{"start":{"line":17,"column":38},"end":{"line":null,"column":-1}}]},"2":{"loc":{"start":{"line":78,"column":6},"end":{"line":92,"column":7}},"type":"if","locations":[{"start":{"line":78,"column":6},"end":{"line":92,"column":7}},{"start":{"line":78,"column":6},"end":{"line":92,"column":7}}]},"3":{"loc":{"start":{"line":80,"column":13},"end":{"line":92,"column":7}},"type":"if","locations":[{"start":{"line":80,"column":13},"end":{"line":92,"column":7}},{"start":{"line":80,"column":13},"end":{"line":92,"column":7}}]},"4":{"loc":{"start":{"line":94,"column":6},"end":{"line":96,"column":7}},"type":"if","locations":[{"start":{"line":94,"column":6},"end":{"line":96,"column":7}},{"start":{"line":94,"column":6},"end":{"line":96,"column":7}}]},"5":{"loc":{"start":{"line":98,"column":6},"end":{"line":101,"column":7}},"type":"if","locations":[{"start":{"line":98,"column":6},"end":{"line":101,"column":7}},{"start":{"line":98,"column":6},"end":{"line":101,"column":7}}]},"6":{"loc":{"start":{"line":116,"column":8},"end":{"line":null,"column":-1}},"type":"binary-expr","locations":[{"start":{"line":116,"column":8},"end":{"line":null,"column":-1}},{"start":{"line":117,"column":8},"end":{"line":115,"column":6}}]},"7":{"loc":{"start":{"line":43,"column":8},"end":{"line":44,"column":7}},"type":"if","locations":[{"start":{"line":43,"column":8},"end":{"line":44,"column":7}},{"start":{"line":43,"column":8},"end":{"line":44,"column":7}}]},"8":{"loc":{"start":{"line":51,"column":24},"end":{"line":51,"column":23}},"type":"cond-expr","locations":[{"start":{"line":51,"column":24},"end":{"line":51,"column":23}},{"start":{"line":51,"column":68},"end":{"line":51,"column":6}}]},"9":{"loc":{"start":{"line":51,"column":24},"end":{"line":51,"column":33}},"type":"binary-expr","locations":[{"start":{"line":51,"column":24},"end":{"line":51,"column":33}},{"start":{"line":51,"column":34},"end":{"line":51,"column":24}}]},"10":{"loc":{"start":{"line":53,"column":6},"end":{"line":56,"column":6}},"type":"if","locations":[{"start":{"line":53,"column":6},"end":{"line":56,"column":6}},{"start":{"line":53,"column":6},"end":{"line":56,"column":6}}]},"11":{"loc":{"start":{"line":68,"column":6},"end":{"line":71,"column":5}},"type":"if","locations":[{"start":{"line":68,"column":6},"end":{"line":71,"column":5}},{"start":{"line":68,"column":6},"end":{"line":71,"column":5}}]},"12":{"loc":{"start":{"line":68,"column":10},"end":{"line":68,"column":19}},"type":"binary-expr","locations":[{"start":{"line":68,"column":10},"end":{"line":68,"column":19}},{"start":{"line":68,"column":20},"end":{"line":68,"column":6}}]}},"s":{"0":0,"1":0,"2":0,"3":0,"4":0,"5":0,"6":0,"7":0,"8":0,"9":0,"10":0,"11":0,"12":0,"13":0,"14":0,"15":0,"16":0,"17":0,"18":0,"19":0,"20":0,"21":0,"22":0,"23":0,"24":0,"25":0,"26":0,"27":0,"28":0,"29":0,"30":0,"31":0,"32":0,"33":0,"34":0,"35":0,"36":0,"37":0,"38":0,"39":0,"40":0,"41":0,"42":0,"43":0,"44":0,"45":0,"46":0,"47":0,"48":0,"49":0,"50":0,"51":0,"52":0,"53":0,"54":0,"55":0,"56":0},"f":{"0":0,"1":0,"2":0,"3":0,"4":0,"5":0,"6":0,"7":0,"8":0,"9":0},"b":{"0":[0,0],"1":[0,0],"2":[0,0],"3":[0,0],"4":[0,0],"5":[0,0],"6":[0,0],"7":[0,0],"8":[0,0],"9":[0,0],"10":[0,0],"11":[0,0],"12":[0,0]}}
,"/Users/connorelsea/Projects/remix-platform/src/utilities/routing/index.android.js": {"path":"/Users/connorelsea/Projects/remix-platform/src/utilities/routing/index.android.js","statementMap":{"0":{"start":{"line":1,"column":0},"end":{"line":null,"column":-1}},"1":{"start":{"line":3,"column":13},"end":{"line":3,"column":7}}},"fnMap":{},"branchMap":{},"s":{"0":0,"1":0},"f":{},"b":{}}
,"/Users/connorelsea/Projects/remix-platform/src/utilities/routing/index.ios.js": {"path":"/Users/connorelsea/Projects/remix-platform/src/utilities/routing/index.ios.js","statementMap":{"0":{"start":{"line":1,"column":0},"end":{"line":null,"column":-1}},"1":{"start":{"line":3,"column":13},"end":{"line":3,"column":7}}},"fnMap":{},"branchMap":{},"s":{"0":0,"1":0},"f":{},"b":{}}
,"/Users/connorelsea/Projects/remix-platform/src/utilities/routing/index.js": {"path":"/Users/connorelsea/Projects/remix-platform/src/utilities/routing/index.js","statementMap":{"0":{"start":{"line":1,"column":0},"end":{"line":null,"column":-1}},"1":{"start":{"line":3,"column":13},"end":{"line":3,"column":7}}},"fnMap":{},"branchMap":{},"s":{"0":0,"1":0},"f":{},"b":{}}
,"/Users/connorelsea/Projects/remix-platform/src/utilities/routing/router.js": {"path":"/Users/connorelsea/Projects/remix-platform/src/utilities/routing/router.js","statementMap":{"0":{"start":{"line":4,"column":2},"end":{"line":3,"column":0}},"1":{"start":{"line":12,"column":13},"end":{"line":12,"column":7}}},"fnMap":{},"branchMap":{"0":{"loc":{"start":{"line":5,"column":6},"end":{"line":4,"column":2}},"type":"cond-expr","locations":[{"start":{"line":5,"column":6},"end":{"line":4,"column":2}},{"start":{"line":6,"column":6},"end":{"line":3,"column":0}}]},"1":{"loc":{"start":{"line":14,"column":6},"end":{"line":13,"column":2}},"type":"cond-expr","locations":[{"start":{"line":14,"column":6},"end":{"line":13,"column":2}},{"start":{"line":15,"column":6},"end":{"line":12,"column":7}}]}},"s":{"0":0,"1":0},"f":{},"b":{"0":[0,0],"1":[0,0]}}
,"/Users/connorelsea/Projects/remix-platform/src/utilities/storage/history.js": {"path":"/Users/connorelsea/Projects/remix-platform/src/utilities/storage/history.js","statementMap":{"0":{"start":{"line":1,"column":0},"end":{"line":null,"column":-1}},"1":{"start":{"line":4,"column":16},"end":{"line":4,"column":0}}},"fnMap":{},"branchMap":{},"s":{"0":0,"1":0},"f":{},"b":{}}
,"/Users/connorelsea/Projects/remix-platform/src/utilities/storage/store.js": {"path":"/Users/connorelsea/Projects/remix-platform/src/utilities/storage/store.js","statementMap":{"0":{"start":{"line":1,"column":0},"end":{"line":null,"column":-1}},"1":{"start":{"line":2,"column":0},"end":{"line":null,"column":-1}},"2":{"start":{"line":4,"column":0},"end":{"line":null,"column":-1}},"3":{"start":{"line":5,"column":0},"end":{"line":null,"column":-1}},"4":{"start":{"line":9,"column":0},"end":{"line":null,"column":-1}},"5":{"start":{"line":10,"column":0},"end":{"line":null,"column":-1}},"6":{"start":{"line":11,"column":0},"end":{"line":null,"column":-1}},"7":{"start":{"line":12,"column":0},"end":{"line":null,"column":-1}},"8":{"start":{"line":13,"column":0},"end":{"line":null,"column":-1}},"9":{"start":{"line":15,"column":19},"end":{"line":15,"column":0}},"10":{"start":{"line":16,"column":25},"end":{"line":16,"column":0}},"11":{"start":{"line":18,"column":16},"end":{"line":18,"column":0}},"12":{"start":{"line":20,"column":4},"end":{"line":null,"column":-1}},"13":{"start":{"line":26,"column":4},"end":{"line":null,"column":-1}},"14":{"start":{"line":39,"column":16},"end":{"line":39,"column":0}},"15":{"start":{"line":50,"column":18},"end":{"line":50,"column":0}},"16":{"start":{"line":52,"column":0},"end":{"line":null,"column":-1}},"17":{"start":{"line":54,"column":17},"end":{"line":54,"column":0}},"18":{"start":{"line":59,"column":14},"end":{"line":59,"column":0}}},"fnMap":{"0":{"name":"(anonymous_3)","decl":{"start":{"line":19,"column":22},"end":{"line":19,"column":22}},"loc":{"start":{"line":19,"column":54},"end":{"line":19,"column":2}}}},"branchMap":{"0":{"loc":{"start":{"line":16,"column":25},"end":{"line":16,"column":24}},"type":"binary-expr","locations":[{"start":{"line":16,"column":25},"end":{"line":16,"column":24}},{"start":{"line":16,"column":25},"end":{"line":16,"column":0}}]}},"s":{"0":0,"1":0,"2":0,"3":0,"4":0,"5":0,"6":0,"7":0,"8":0,"9":0,"10":0,"11":0,"12":0,"13":0,"14":0,"15":0,"16":0,"17":0,"18":0},"f":{"0":0},"b":{"0":[0,0]}}
}
