TN:
SF:/Users/connorelsea/Projects/remix-platform/src/app/App.js
FN:27,mapStyles
FN:35,bounce
FN:74,component
FNF:3
FNH:0
FNDA:0,mapStyles
FNDA:0,bounce
FNDA:0,component
DA:1,0
DA:3,0
DA:5,0
DA:6,0
DA:7,0
DA:8,0
DA:9,0
DA:10,0
DA:11,0
DA:12,0
DA:13,0
DA:14,0
DA:15,0
DA:16,0
DA:17,0
DA:18,0
DA:19,0
DA:20,0
DA:21,0
DA:23,0
DA:28,0
DA:36,0
DA:43,0
DA:63,0
DA:66,0
DA:68,0
DA:74,0
DA:83,0
DA:84,0
DA:87,0
DA:89,0
DA:102,0
DA:109,0
DA:130,0
DA:131,0
DA:132,0
DA:133,0
DA:134,0
DA:138,0
DA:161,0
DA:172,0
DA:179,0
LF:42
LH:0
BRDA:132,0,0,0
BRDA:132,0,1,0
BRDA:133,1,0,0
BRDA:133,1,1,0
BRF:4
BRH:0
end_of_record
TN:
SF:/Users/connorelsea/Projects/remix-platform/src/app/App.web.js
FN:33,component
FN:57,(anonymous_16)
FN:133,(anonymous_23)
FNF:3
FNH:0
FNDA:0,component
FNDA:0,(anonymous_16)
FNDA:0,(anonymous_23)
DA:1,0
DA:3,0
DA:5,0
DA:6,0
DA:7,0
DA:8,0
DA:9,0
DA:10,0
DA:11,0
DA:12,0
DA:13,0
DA:14,0
DA:15,0
DA:16,0
DA:17,0
DA:18,0
DA:19,0
DA:20,0
DA:22,0
DA:26,0
DA:27,0
DA:33,0
DA:54,0
DA:55,0
DA:57,0
DA:63,0
DA:72,0
DA:101,0
DA:102,0
DA:103,0
DA:104,0
DA:105,0
DA:109,0
DA:114,0
DA:125,0
DA:131,0
DA:133,0
DA:138,0
LF:38
LH:0
BRDA:57,0,0,0
BRDA:57,0,1,0
BRDA:103,1,0,0
BRDA:103,1,1,0
BRDA:104,2,0,0
BRDA:104,2,1,0
BRF:6
BRH:0
end_of_record
TN:
SF:/Users/connorelsea/Projects/remix-platform/src/app/AppProviders.js
FNF:0
FNH:0
DA:3,0
DA:4,0
DA:5,0
DA:6,0
DA:7,0
DA:8,0
DA:9,0
DA:10,0
DA:11,0
DA:12,0
DA:13,0
DA:14,0
DA:15,0
DA:16,0
DA:21,0
DA:23,0
DA:24,0
DA:26,0
DA:28,0
DA:30,0
DA:34,0
DA:39,0
LF:22
LH:0
BRDA:26,0,0,0
BRDA:26,0,1,0
BRF:2
BRH:0
end_of_record
TN:
SF:/Users/connorelsea/Projects/remix-platform/src/app/AppStateManager.js
FNF:0
FNH:0
DA:1,0
DA:2,0
DA:3,0
DA:4,0
DA:5,0
DA:6,0
DA:9,0
DA:10,0
DA:11,0
DA:20,0
DA:21,0
LF:11
LH:0
BRF:0
BRH:0
end_of_record
TN:
SF:/Users/connorelsea/Projects/remix-platform/src/app/AuthManager.js
FNF:0
FNH:0
DA:1,0
DA:2,0
DA:3,0
DA:4,0
DA:5,0
DA:6,0
DA:7,0
DA:8,0
DA:9,0
DA:10,0
DA:11,0
DA:12,0
DA:13,0
DA:26,0
DA:33,0
DA:35,0
DA:36,0
DA:39,0
DA:40,0
DA:48,0
DA:54,0
LF:21
LH:0
BRDA:35,0,0,0
BRDA:35,0,1,0
BRDA:39,1,0,0
BRDA:39,1,1,0
BRF:4
BRH:0
end_of_record
TN:
SF:/Users/connorelsea/Projects/remix-platform/src/app/NewApp.web.js
FNF:0
FNH:0
DA:3,0
DA:4,0
DA:5,0
DA:6,0
DA:7,0
DA:8,0
DA:9,0
DA:10,0
DA:11,0
DA:12,0
DA:13,0
DA:14,0
DA:15,0
DA:16,0
DA:17,0
DA:27,0
DA:28,0
DA:30,0
DA:31,0
DA:32,0
DA:42,0
DA:57,0
DA:72,0
DA:73,0
DA:78,0
LF:25
LH:0
BRDA:30,0,0,0
BRDA:30,0,1,0
BRDA:31,1,0,0
BRDA:31,1,1,0
BRF:4
BRH:0
end_of_record
TN:
SF:/Users/connorelsea/Projects/remix-platform/src/app/ResponsiveManager.js
FNF:0
FNH:0
DA:1,0
DA:2,0
DA:3,0
DA:4,0
DA:5,0
DA:21,0
DA:29,0
DA:30,0
DA:32,0
DA:41,0
LF:10
LH:0
BRDA:34,0,0,0
BRDA:34,0,1,0
BRF:2
BRH:0
end_of_record
TN:
SF:/Users/connorelsea/Projects/remix-platform/src/app/index.js
FN:35,render
FNF:1
FNH:0
FNDA:0,render
DA:1,0
DA:3,0
DA:4,0
DA:8,0
DA:10,0
DA:18,0
DA:19,0
DA:21,0
DA:22,0
DA:24,0
DA:28,0
DA:30,0
DA:31,0
DA:32,0
DA:35,0
DA:36,0
LF:16
LH:0
BRDA:21,0,0,0
BRDA:21,0,1,0
BRDA:30,1,0,0
BRDA:30,1,1,0
BRF:4
BRH:0
end_of_record
TN:
SF:/Users/connorelsea/Projects/remix-platform/src/components/AppScrollContainer.js
FN:22,ref
FNF:1
FNH:0
FNDA:0,ref
DA:1,0
DA:2,0
DA:3,0
DA:5,0
DA:7,0
DA:10,0
DA:11,0
DA:12,0
DA:23,0
DA:33,0
LF:10
LH:0
BRDA:16,0,0,0
BRDA:16,0,1,0
BRDA:17,1,0,0
BRDA:17,1,1,0
BRF:4
BRH:0
end_of_record
TN:
SF:/Users/connorelsea/Projects/remix-platform/src/components/AppScrollContainer.web.js
FN:52,(anonymous_16)
FNF:1
FNH:0
FNDA:0,(anonymous_16)
DA:1,0
DA:2,0
DA:3,0
DA:4,0
DA:5,0
DA:6,0
DA:7,0
DA:8,0
DA:17,0
DA:18,0
DA:20,0
DA:21,0
DA:22,0
DA:23,0
DA:26,0
DA:27,0
DA:28,0
DA:30,0
DA:48,0
DA:52,0
DA:57,0
DA:70,0
LF:22
LH:0
BRDA:20,0,0,0
BRDA:20,0,1,0
BRDA:20,1,0,0
BRDA:20,1,1,0
BRDA:22,2,0,0
BRDA:22,2,1,0
BRDA:22,3,0,0
BRDA:22,3,1,0
BRDA:27,4,0,0
BRDA:27,4,1,0
BRDA:34,5,0,0
BRDA:34,5,1,0
BRDA:35,6,0,0
BRDA:35,6,1,0
BRF:14
BRH:0
end_of_record
TN:
SF:/Users/connorelsea/Projects/remix-platform/src/components/Button.js
FN:65,(anonymous_16)
FN:66,(anonymous_17)
FN:68,(anonymous_18)
FN:71,(anonymous_19)
FNF:4
FNH:0
FNDA:0,(anonymous_16)
FNDA:0,(anonymous_17)
FNDA:0,(anonymous_18)
FNDA:0,(anonymous_19)
DA:1,0
DA:2,0
DA:3,0
DA:4,0
DA:5,0
DA:6,0
DA:7,0
DA:12,0
DA:15,0
DA:24,0
DA:28,0
DA:30,0
DA:31,0
DA:37,0
DA:43,0
DA:58,0
DA:64,0
DA:65,0
DA:66,0
DA:68,0
DA:71,0
LF:21
LH:0
BRDA:23,0,0,0
BRDA:23,0,1,0
BRDA:30,1,0,0
BRDA:30,1,1,0
BRDA:38,2,0,0
BRDA:38,2,1,0
BRDA:49,3,0,0
BRDA:49,3,1,0
BRDA:65,4,0,0
BRDA:65,4,1,0
BRDA:68,5,0,0
BRDA:68,5,1,0
BRDA:71,6,0,0
BRDA:71,6,1,0
BRF:14
BRH:0
end_of_record
TN:
SF:/Users/connorelsea/Projects/remix-platform/src/components/Card.js
FNF:0
FNH:0
DA:1,0
DA:4,0
DA:11,0
LF:3
LH:0
BRDA:11,0,0,0
BRDA:11,0,1,0
BRF:2
BRH:0
end_of_record
TN:
SF:/Users/connorelsea/Projects/remix-platform/src/components/ChatInputArea.js
FN:44,(anonymous_15)
FNF:1
FNH:0
FNDA:0,(anonymous_15)
DA:1,0
DA:2,0
DA:3,0
DA:4,0
DA:5,0
DA:7,0
DA:8,0
DA:10,0
DA:11,0
DA:20,0
DA:24,0
DA:25,0
DA:26,0
DA:28,0
DA:32,0
DA:34,0
DA:45,0
DA:46,0
DA:47,0
DA:52,0
DA:53,0
DA:55,0
DA:96,0
DA:108,0
LF:24
LH:0
BRF:0
BRH:0
end_of_record
TN:
SF:/Users/connorelsea/Projects/remix-platform/src/components/ColorPicker.js
FN:20,(anonymous_14)
FN:42,(anonymous_17)
FN:75,(anonymous_19)
FN:78,(anonymous_20)
FN:84,(anonymous_21)
FNF:5
FNH:0
FNDA:0,(anonymous_14)
FNDA:0,(anonymous_17)
FNDA:0,(anonymous_19)
FNDA:0,(anonymous_20)
FNDA:0,(anonymous_21)
DA:1,0
DA:2,0
DA:3,0
DA:4,0
DA:6,0
DA:7,0
DA:8,0
DA:9,0
DA:10,0
DA:19,0
DA:20,0
DA:21,0
DA:22,0
DA:27,0
DA:28,0
DA:29,0
DA:32,0
DA:34,0
DA:37,0
DA:38,0
DA:40,0
DA:43,0
DA:45,0
DA:60,0
DA:69,0
DA:71,0
DA:75,0
DA:78,0
DA:83,0
DA:84,0
LF:30
LH:0
BRDA:27,0,0,0
BRDA:27,0,1,0
BRDA:79,1,0,0
BRDA:79,1,1,0
BRF:4
BRH:0
end_of_record
TN:
SF:/Users/connorelsea/Projects/remix-platform/src/components/CustomKeyboardAwareView.js
FN:42,(anonymous_14)
FN:44,(anonymous_15)
FN:79,(anonymous_17)
FN:81,(anonymous_18)
FN:106,ref
FN:110,onLayout
FN:127,ref
FN:131,onLayout
FNF:8
FNH:0
FNDA:0,(anonymous_14)
FNDA:0,(anonymous_15)
FNDA:0,(anonymous_17)
FNDA:0,(anonymous_18)
FNDA:0,ref
FNDA:0,onLayout
FNDA:0,ref
FNDA:0,onLayout
DA:3,0
DA:13,0
DA:16,0
DA:18,0
DA:21,0
DA:25,0
DA:26,0
DA:32,0
DA:33,0
DA:37,0
DA:38,0
DA:39,0
DA:40,0
DA:42,0
DA:43,0
DA:44,0
DA:45,0
DA:49,0
DA:50,0
DA:51,0
DA:52,0
DA:53,0
DA:56,0
DA:61,0
DA:74,0
DA:75,0
DA:76,0
DA:77,0
DA:79,0
DA:80,0
DA:81,0
DA:82,0
DA:86,0
DA:87,0
DA:88,0
DA:89,0
DA:90,0
DA:93,0
DA:98,0
DA:103,0
DA:104,0
DA:107,0
DA:110,0
DA:111,0
DA:112,0
DA:117,0
DA:118,0
DA:121,0
DA:128,0
DA:131,0
DA:132,0
LF:51
LH:0
BRDA:16,0,0,0
BRDA:16,0,1,0
BRDA:32,1,0,0
BRDA:32,1,1,0
BRDA:43,2,0,0
BRDA:43,2,1,0
BRDA:52,3,0,0
BRDA:52,3,1,0
BRDA:58,4,0,0
BRDA:58,4,1,0
BRDA:80,5,0,0
BRDA:80,5,1,0
BRDA:89,6,0,0
BRDA:89,6,1,0
BRDA:95,7,0,0
BRDA:95,7,1,0
BRDA:117,8,0,0
BRDA:117,8,1,0
BRDA:118,9,0,0
BRDA:118,9,1,0
BRF:20
BRH:0
end_of_record
TN:
SF:/Users/connorelsea/Projects/remix-platform/src/components/DataManager.js
FN:38,mapDispatchToProps
FN:40,subscribeToFriendRequests
FN:43,subscribeToMessages
FN:46,loadInitialUser
FN:47,removeFriendRequest
FNF:5
FNH:0
FNDA:0,mapDispatchToProps
FNDA:0,subscribeToFriendRequests
FNDA:0,subscribeToMessages
FNDA:0,loadInitialUser
FNDA:0,removeFriendRequest
DA:1,0
DA:2,0
DA:3,0
DA:4,0
DA:5,0
DA:9,0
DA:17,0
DA:22,0
DA:27,0
DA:29,0
DA:30,0
DA:34,0
DA:39,0
DA:41,0
DA:44,0
DA:46,0
DA:47,0
DA:52,0
LF:18
LH:0
BRF:0
BRH:0
end_of_record
TN:
SF:/Users/connorelsea/Projects/remix-platform/src/components/DeviceCard.js
FNF:0
FNH:0
DA:3,0
DA:4,0
DA:5,0
DA:6,0
DA:8,0
DA:9,0
DA:10,0
DA:11,0
DA:12,0
DA:13,0
DA:14,0
DA:15,0
DA:23,0
DA:24,0
DA:26,0
LF:15
LH:0
BRF:0
BRH:0
end_of_record
TN:
SF:/Users/connorelsea/Projects/remix-platform/src/components/FlexContainer.js
FNF:0
FNH:0
DA:1,0
LF:1
LH:0
BRF:0
BRH:0
end_of_record
TN:
SF:/Users/connorelsea/Projects/remix-platform/src/components/FlexContainer.web.js
FNF:0
FNH:0
DA:1,0
LF:1
LH:0
BRF:0
BRH:0
end_of_record
TN:
SF:/Users/connorelsea/Projects/remix-platform/src/components/FlexContainerItem.js
FNF:0
FNH:0
DA:1,0
LF:1
LH:0
BRF:0
BRH:0
end_of_record
TN:
SF:/Users/connorelsea/Projects/remix-platform/src/components/FlexContainerItem.web.js
FNF:0
FNH:0
DA:1,0
LF:1
LH:0
BRF:0
BRH:0
end_of_record
TN:
SF:/Users/connorelsea/Projects/remix-platform/src/components/FriendRequest.js
FN:32,_callee
FN:33,(anonymous_24)
FN:79,action
FN:91,(anonymous_28)
FN:93,(anonymous_29)
FN:99,(anonymous_30)
FNF:6
FNH:0
FNDA:0,_callee
FNDA:0,(anonymous_24)
FNDA:0,action
FNDA:0,(anonymous_28)
FNDA:0,(anonymous_29)
FNDA:0,(anonymous_30)
DA:1,0
DA:2,0
DA:3,0
DA:4,0
DA:5,0
DA:6,0
DA:7,0
DA:8,0
DA:9,0
DA:10,0
DA:20,0
DA:25,0
DA:29,0
DA:30,0
DA:32,0
DA:33,0
DA:35,0
DA:44,0
DA:48,0
DA:49,0
DA:50,0
DA:52,0
DA:90,0
DA:91,0
DA:93,0
DA:97,0
DA:99,0
DA:108,0
LF:28
LH:0
BRDA:32,0,0,0
BRDA:32,0,1,0
BRDA:32,0,2,0
BRDA:32,0,3,0
BRDA:63,1,0,0
BRDA:63,1,1,0
BRDA:71,2,0,0
BRDA:71,2,1,0
BRDA:91,3,0,0
BRDA:91,3,1,0
BRDA:93,4,0,0
BRDA:93,4,1,0
BRDA:100,5,0,0
BRDA:100,5,1,0
BRF:14
BRH:0
end_of_record
TN:
SF:/Users/connorelsea/Projects/remix-platform/src/components/Gradient.js
FNF:0
FNH:0
DA:1,0
DA:2,0
DA:5,0
DA:6,0
DA:7,0
LF:5
LH:0
BRF:0
BRH:0
end_of_record
TN:
SF:/Users/connorelsea/Projects/remix-platform/src/components/GroupCard.js
FN:40,(anonymous_16)
FN:41,(anonymous_17)
FN:73,(anonymous_18)
FN:92,mapDispatchToProps
FN:94,subscribeToFriendRequests
FN:97,subscribeToMessages
FN:100,loadInitialUser
FN:101,removeFriendRequest
FNF:8
FNH:0
FNDA:0,(anonymous_16)
FNDA:0,(anonymous_17)
FNDA:0,(anonymous_18)
FNDA:0,mapDispatchToProps
FNDA:0,subscribeToFriendRequests
FNDA:0,subscribeToMessages
FNDA:0,loadInitialUser
FNDA:0,removeFriendRequest
DA:1,0
DA:2,0
DA:3,0
DA:4,0
DA:5,0
DA:7,0
DA:8,0
DA:9,0
DA:10,0
DA:11,0
DA:12,0
DA:13,0
DA:18,0
DA:19,0
DA:22,0
DA:30,0
DA:31,0
DA:33,0
DA:34,0
DA:36,0
DA:37,0
DA:38,0
DA:40,0
DA:41,0
DA:42,0
DA:43,0
DA:46,0
DA:73,0
DA:93,0
DA:95,0
DA:98,0
DA:100,0
DA:101,0
DA:106,0
DA:118,0
DA:120,0
DA:128,0
DA:132,0
DA:137,0
LF:39
LH:0
BRDA:36,0,0,0
BRDA:36,0,1,0
BRDA:41,1,0,0
BRDA:41,1,1,0
BRDA:52,2,0,0
BRDA:52,2,1,0
BRF:6
BRH:0
end_of_record
TN:
SF:/Users/connorelsea/Projects/remix-platform/src/components/Header.js
FN:44,(anonymous_16)
FN:88,(anonymous_18)
FN:106,(anonymous_19)
FN:117,(anonymous_20)
FNF:4
FNH:0
FNDA:0,(anonymous_16)
FNDA:0,(anonymous_18)
FNDA:0,(anonymous_19)
FNDA:0,(anonymous_20)
DA:1,0
DA:2,0
DA:3,0
DA:4,0
DA:5,0
DA:6,0
DA:7,0
DA:8,0
DA:10,0
DA:12,0
DA:17,0
DA:22,0
DA:25,0
DA:28,0
DA:36,0
DA:37,0
DA:38,0
DA:44,0
DA:81,0
DA:88,0
DA:91,0
DA:96,0
DA:102,0
DA:106,0
DA:109,0
DA:115,0
DA:117,0
LF:27
LH:0
BRDA:25,0,0,0
BRDA:25,0,1,0
BRDA:41,1,0,0
BRDA:41,1,1,0
BRDA:53,2,0,0
BRDA:53,2,1,0
BRDA:52,3,0,0
BRDA:52,3,1,0
BRDA:59,4,0,0
BRDA:59,4,1,0
BRDA:61,5,0,0
BRDA:61,5,1,0
BRDA:65,6,0,0
BRDA:65,6,1,0
BRDA:68,7,0,0
BRDA:68,7,1,0
BRDA:69,8,0,0
BRDA:69,8,1,0
BRDA:106,9,0,0
BRDA:106,9,1,0
BRDA:117,10,0,0
BRDA:117,10,1,0
BRF:22
BRH:0
end_of_record
TN:
SF:/Users/connorelsea/Projects/remix-platform/src/components/HelpCard.js
FNF:0
FNH:0
DA:1,0
DA:2,0
DA:3,0
DA:7,0
DA:8,0
DA:18,0
LF:6
LH:0
BRF:0
BRH:0
end_of_record
TN:
SF:/Users/connorelsea/Projects/remix-platform/src/components/Input.js
FNF:0
FNH:0
DA:1,0
DA:2,0
DA:3,0
DA:6,0
DA:15,0
DA:17,0
DA:32,0
LF:7
LH:0
BRDA:14,0,0,0
BRDA:14,0,1,0
BRF:2
BRH:0
end_of_record
TN:
SF:/Users/connorelsea/Projects/remix-platform/src/components/KeyboardSpacer.js
FNF:0
FNH:0
DA:1,0
DA:2,0
DA:4,0
LF:3
LH:0
BRF:0
BRH:0
end_of_record
TN:
SF:/Users/connorelsea/Projects/remix-platform/src/components/KeyboardSpacer.web.js
FNF:0
FNH:0
DA:1,0
DA:4,0
LF:2
LH:0
BRF:0
BRH:0
end_of_record
TN:
SF:/Users/connorelsea/Projects/remix-platform/src/components/LinearGradient.js
FN:36,(anonymous_13)
FN:38,(anonymous_14)
FNF:2
FNH:0
FNDA:0,(anonymous_13)
FNDA:0,(anonymous_14)
DA:3,0
DA:4,0
DA:21,0
DA:30,0
DA:31,0
DA:32,0
DA:33,0
DA:34,0
DA:36,0
DA:37,0
DA:38,0
DA:40,0
LF:12
LH:0
BRDA:36,0,0,0
BRDA:36,0,1,0
BRF:2
BRH:0
end_of_record
TN:
SF:/Users/connorelsea/Projects/remix-platform/src/components/Logo.js
FN:41,(anonymous_13)
FN:47,(anonymous_14)
FN:84,(anonymous_16)
FN:86,(anonymous_17)
FN:87,(anonymous_18)
FNF:5
FNH:0
FNDA:0,(anonymous_13)
FNDA:0,(anonymous_14)
FNDA:0,(anonymous_16)
FNDA:0,(anonymous_17)
FNDA:0,(anonymous_18)
DA:1,0
DA:2,0
DA:3,0
DA:4,0
DA:17,0
DA:18,0
DA:35,0
DA:41,0
DA:47,0
DA:69,0
DA:71,0
DA:76,0
DA:81,0
DA:84,0
DA:86,0
DA:87,0
LF:16
LH:0
BRDA:44,0,0,0
BRDA:44,0,1,0
BRF:2
BRH:0
end_of_record
TN:
SF:/Users/connorelsea/Projects/remix-platform/src/components/Message.js
FN:157,(anonymous_17)
FN:176,(anonymous_18)
FN:199,(anonymous_20)
FN:202,(anonymous_21)
FN:218,(anonymous_22)
FN:220,(anonymous_23)
FN:226,(anonymous_24)
FN:228,(anonymous_25)
FN:229,(anonymous_26)
FN:230,(anonymous_27)
FN:233,(anonymous_28)
FN:233,(anonymous_29)
FNF:12
FNH:0
FNDA:0,(anonymous_17)
FNDA:0,(anonymous_18)
FNDA:0,(anonymous_20)
FNDA:0,(anonymous_21)
FNDA:0,(anonymous_22)
FNDA:0,(anonymous_23)
FNDA:0,(anonymous_24)
FNDA:0,(anonymous_25)
FNDA:0,(anonymous_26)
FNDA:0,(anonymous_27)
FNDA:0,(anonymous_28)
FNDA:0,(anonymous_29)
DA:1,0
DA:2,0
DA:3,0
DA:4,0
DA:5,0
DA:6,0
DA:7,0
DA:8,0
DA:10,0
DA:14,0
DA:15,0
DA:18,0
DA:19,0
DA:22,0
DA:26,0
DA:29,0
DA:30,0
DA:33,0
DA:37,0
DA:38,0
DA:39,0
DA:40,0
DA:41,0
DA:43,0
DA:44,0
DA:61,0
DA:62,0
DA:63,0
DA:80,0
DA:92,0
DA:94,0
DA:95,0
DA:112,0
DA:128,0
DA:129,0
DA:130,0
DA:133,0
DA:142,0
DA:144,0
DA:145,0
DA:146,0
DA:148,0
DA:150,0
DA:157,0
DA:176,0
DA:192,0
DA:198,0
DA:199,0
DA:201,0
DA:202,0
DA:204,0
DA:206,0
DA:213,0
DA:217,0
DA:218,0
DA:220,0
DA:225,0
DA:226,0
DA:228,0
DA:229,0
DA:230,0
DA:233,0
DA:237,0
LF:63
LH:0
BRDA:14,0,0,0
BRDA:14,0,1,0
BRDA:18,1,0,0
BRDA:18,1,1,0
BRDA:22,2,0,0
BRDA:22,2,1,0
BRDA:23,3,0,0
BRDA:23,3,1,0
BRDA:29,4,0,0
BRDA:29,4,1,0
BRDA:41,5,0,0
BRDA:41,5,1,0
BRDA:43,6,0,0
BRDA:43,6,1,0
BRDA:49,7,0,0
BRDA:49,7,1,0
BRDA:50,8,0,0
BRDA:50,8,1,0
BRDA:54,9,0,0
BRDA:54,9,1,0
BRDA:55,10,0,0
BRDA:55,10,1,0
BRDA:61,11,0,0
BRDA:61,11,1,0
BRDA:62,12,0,0
BRDA:62,12,1,0
BRDA:68,13,0,0
BRDA:68,13,1,0
BRDA:69,14,0,0
BRDA:69,14,1,0
BRDA:92,15,0,0
BRDA:92,15,1,0
BRDA:94,16,0,0
BRDA:94,16,1,0
BRDA:100,17,0,0
BRDA:100,17,1,0
BRDA:101,18,0,0
BRDA:101,18,1,0
BRDA:144,19,0,0
BRDA:144,19,1,0
BRDA:145,20,0,0
BRDA:145,20,1,0
BRDA:148,21,0,0
BRDA:148,21,1,0
BRDA:159,22,0,0
BRDA:159,22,1,0
BRDA:175,23,0,0
BRDA:175,23,1,0
BRDA:175,23,2,0
BRDA:219,24,0,0
BRDA:219,24,1,0
BRDA:221,25,0,0
BRDA:221,25,1,0
BRDA:226,26,0,0
BRDA:226,26,1,0
BRDA:228,27,0,0
BRDA:228,27,1,0
BRDA:229,28,0,0
BRDA:229,28,1,0
BRDA:233,29,0,0
BRDA:233,29,1,0
BRDA:234,30,0,0
BRDA:234,30,1,0
BRF:63
BRH:0
end_of_record
TN:
SF:/Users/connorelsea/Projects/remix-platform/src/components/MessageList.js
FN:7,(anonymous_11)
FN:32,ref
FN:45,keyExtractor
FNF:3
FNH:0
FNDA:0,(anonymous_11)
FNDA:0,ref
FNDA:0,keyExtractor
DA:1,0
DA:3,0
DA:6,0
DA:7,0
DA:8,0
DA:9,0
DA:23,0
DA:24,0
DA:27,0
DA:29,0
DA:33,0
DA:45,0
LF:12
LH:0
BRDA:15,0,0,0
BRDA:15,0,1,0
BRF:2
BRH:0
end_of_record
TN:
SF:/Users/connorelsea/Projects/remix-platform/src/components/MessageList.web.js
FN:12,(anonymous_11)
FNF:1
FNH:0
FNDA:0,(anonymous_11)
DA:1,0
DA:2,0
DA:3,0
DA:4,0
DA:7,0
DA:8,0
DA:9,0
DA:12,0
DA:33,0
LF:9
LH:0
BRDA:19,0,0,0
BRDA:19,0,1,0
BRF:2
BRH:0
end_of_record
TN:
SF:/Users/connorelsea/Projects/remix-platform/src/components/MessageMock.js
FNF:0
FNH:0
DA:1,0
DA:2,0
DA:4,0
LF:3
LH:0
BRDA:10,0,0,0
BRDA:10,0,1,0
BRF:2
BRH:0
end_of_record
TN:
SF:/Users/connorelsea/Projects/remix-platform/src/components/Option.js
FN:11,(anonymous_11)
FN:30,(anonymous_13)
FNF:2
FNH:0
FNDA:0,(anonymous_11)
FNDA:0,(anonymous_13)
DA:1,0
DA:2,0
DA:7,0
DA:9,0
DA:11,0
DA:21,0
DA:27,0
DA:30,0
LF:8
LH:0
BRF:0
BRH:0
end_of_record
TN:
SF:/Users/connorelsea/Projects/remix-platform/src/components/Spacing.js
FN:22,(anonymous_13)
FN:23,(anonymous_14)
FN:24,(anonymous_15)
FNF:3
FNH:0
FNDA:0,(anonymous_13)
FNDA:0,(anonymous_14)
FNDA:0,(anonymous_15)
DA:1,0
DA:2,0
DA:12,0
DA:15,0
DA:16,0
DA:17,0
DA:21,0
DA:22,0
DA:23,0
DA:25,0
LF:10
LH:0
BRDA:16,0,0,0
BRDA:16,0,1,0
BRDA:23,1,0,0
BRDA:23,1,1,0
BRDA:25,2,0,0
BRDA:25,2,1,0
BRF:6
BRH:0
end_of_record
TN:
SF:/Users/connorelsea/Projects/remix-platform/src/components/Text.js
FNF:0
FNH:0
DA:1,0
DA:2,0
DA:4,0
DA:82,0
DA:83,0
DA:84,0
DA:85,0
DA:88,0
DA:89,0
LF:9
LH:0
BRDA:82,0,0,0
BRDA:82,0,1,0
BRDA:83,1,0,0
BRDA:83,1,1,0
BRDA:84,2,0,0
BRDA:84,2,1,0
BRDA:85,3,0,0
BRDA:85,3,1,0
BRDA:85,3,2,0
BRDA:88,4,0,0
BRDA:88,4,1,0
BRDA:89,5,0,0
BRDA:89,5,1,0
BRF:13
BRH:0
end_of_record
TN:
SF:/Users/connorelsea/Projects/remix-platform/src/components/Text.web.js
FN:94,getColor
FN:101,getSize
FN:127,(anonymous_17)
FN:128,EditableText
FN:127,__reactstandin__regenerateByEval
FN:158,(anonymous_22)
FN:159,(anonymous_23)
FN:160,(anonymous_24)
FN:161,(anonymous_25)
FN:164,(anonymous_26)
FN:165,(anonymous_27)
FNF:11
FNH:0
FNDA:0,getColor
FNDA:0,getSize
FNDA:0,(anonymous_17)
FNDA:0,EditableText
FNDA:0,__reactstandin__regenerateByEval
FNDA:0,(anonymous_22)
FNDA:0,(anonymous_23)
FNDA:0,(anonymous_24)
FNDA:0,(anonymous_25)
FNDA:0,(anonymous_26)
FNDA:0,(anonymous_27)
DA:1,0
DA:2,0
DA:3,0
DA:4,0
DA:6,0
DA:94,0
DA:95,0
DA:96,0
DA:97,0
DA:98,0
DA:101,0
DA:102,0
DA:103,0
DA:104,0
DA:106,0
DA:107,0
DA:108,0
DA:109,0
DA:115,0
DA:119,0
DA:120,0
DA:127,0
DA:128,0
DA:131,0
DA:138,0
DA:142,0
DA:144,0
DA:148,0
DA:149,0
DA:151,0
DA:157,0
DA:158,0
DA:159,0
DA:160,0
DA:161,0
DA:164,0
DA:165,0
LF:37
LH:0
BRDA:95,0,0,0
BRDA:95,0,1,0
BRDA:96,1,0,0
BRDA:96,1,1,0
BRDA:97,2,0,0
BRDA:97,2,1,0
BRDA:102,3,0,0
BRDA:102,3,1,0
BRDA:103,4,0,0
BRDA:103,4,1,0
BRDA:107,5,0,0
BRDA:107,5,1,0
BRDA:108,6,0,0
BRDA:108,6,1,0
BRDA:115,7,0,0
BRDA:115,7,1,0
BRDA:119,8,0,0
BRDA:119,8,1,0
BRDA:120,9,0,0
BRDA:120,9,1,0
BRDA:128,10,0,0
BRDA:128,10,1,0
BRDA:158,11,0,0
BRDA:158,11,1,0
BRDA:159,12,0,0
BRDA:159,12,1,0
BRDA:160,13,0,0
BRDA:160,13,1,0
BRDA:161,14,0,0
BRDA:161,14,1,0
BRDA:161,14,2,0
BRDA:164,15,0,0
BRDA:164,15,1,0
BRDA:165,16,0,0
BRDA:165,16,1,0
BRF:35
BRH:0
end_of_record
TN:
SF:/Users/connorelsea/Projects/remix-platform/src/components/TextInput.js
FN:4,Input
FNF:1
FNH:0
FNDA:0,Input
DA:1,0
DA:2,0
DA:4,0
DA:20,0
LF:4
LH:0
BRDA:8,0,0,0
BRDA:8,0,1,0
BRDA:12,1,0,0
BRDA:12,1,1,0
BRF:4
BRH:0
end_of_record
TN:
SF:/Users/connorelsea/Projects/remix-platform/src/components/TopLevelScreenComponent.js
FNF:0
FNH:0
DA:1,0
DA:12,0
DA:14,0
DA:24,0
DA:57,0
LF:5
LH:0
BRDA:12,0,0,0
BRDA:12,0,1,0
BRF:2
BRH:0
end_of_record
TN:
SF:/Users/connorelsea/Projects/remix-platform/src/components/UserManager.js
FNF:0
FNH:0
DA:1,0
DA:3,0
DA:4,0
DA:5,0
DA:6,0
DA:8,0
DA:9,0
DA:11,0
DA:15,0
DA:24,0
LF:10
LH:0
BRF:0
BRH:0
end_of_record
TN:
SF:/Users/connorelsea/Projects/remix-platform/src/components/VibrancyView.js
FNF:0
FNH:0
DA:1,0
DA:2,0
DA:4,0
LF:3
LH:0
BRF:0
BRH:0
end_of_record
TN:
SF:/Users/connorelsea/Projects/remix-platform/src/components/VibrancyView.web.js
FNF:0
FNH:0
DA:1,0
DA:3,0
LF:2
LH:0
BRDA:17,0,0,0
BRDA:17,0,1,0
BRF:2
BRH:0
end_of_record
TN:
SF:/Users/connorelsea/Projects/remix-platform/src/components/ChatInput/index.js
FN:63,(anonymous_15)
FN:91,(anonymous_18)
FN:103,mapStateToProps
FNF:3
FNH:0
FNDA:0,(anonymous_15)
FNDA:0,(anonymous_18)
FNDA:0,mapStateToProps
DA:1,0
DA:2,0
DA:3,0
DA:4,0
DA:5,0
DA:6,0
DA:7,0
DA:8,0
DA:9,0
DA:11,0
DA:12,0
DA:14,0
DA:32,0
DA:33,0
DA:39,0
DA:40,0
DA:41,0
DA:43,0
DA:47,0
DA:49,0
DA:64,0
DA:71,0
DA:86,0
DA:91,0
DA:104,0
DA:110,0
LF:26
LH:0
BRF:0
BRH:0
end_of_record
TN:
SF:/Users/connorelsea/Projects/remix-platform/src/components/Icon/index.js
FN:26,(anonymous_12)
FN:27,(anonymous_13)
FN:32,(anonymous_14)
FNF:3
FNH:0
FNDA:0,(anonymous_12)
FNDA:0,(anonymous_13)
FNDA:0,(anonymous_14)
DA:3,0
DA:4,0
DA:13,0
DA:14,0
DA:15,0
DA:25,0
DA:26,0
DA:27,0
DA:32,0
LF:9
LH:0
BRDA:14,0,0,0
BRDA:14,0,1,0
BRDA:14,1,0,0
BRDA:14,1,1,0
BRF:4
BRH:0
end_of_record
TN:
SF:/Users/connorelsea/Projects/remix-platform/src/components/Message/index.js
FN:65,(anonymous_12)
FN:74,(anonymous_13)
FNF:2
FNH:0
FNDA:0,(anonymous_12)
FNDA:0,(anonymous_13)
DA:1,0
DA:2,0
DA:4,0
DA:8,0
DA:9,0
DA:11,0
DA:12,0
DA:14,0
DA:15,0
DA:17,0
DA:29,0
DA:30,0
DA:32,0
DA:33,0
DA:35,0
DA:62,0
DA:65,0
DA:69,0
DA:74,0
LF:19
LH:0
BRDA:38,0,0,0
BRDA:38,0,1,0
BRDA:38,0,2,0
BRDA:46,1,0,0
BRDA:46,1,1,0
BRDA:46,1,2,0
BRDA:52,2,0,0
BRDA:52,2,1,0
BRDA:65,3,0,0
BRDA:65,3,1,0
BRF:10
BRH:0
end_of_record
TN:
SF:/Users/connorelsea/Projects/remix-platform/src/components/Tab/index.js
FN:66,(anonymous_17)
FN:109,(anonymous_19)
FN:111,(anonymous_20)
FN:133,mapStateToProps
FN:141,setCurrentTab
FNF:5
FNH:0
FNDA:0,(anonymous_17)
FNDA:0,(anonymous_19)
FNDA:0,(anonymous_20)
FNDA:0,mapStateToProps
FNDA:0,setCurrentTab
DA:3,0
DA:4,0
DA:5,0
DA:6,0
DA:7,0
DA:8,0
DA:9,0
DA:10,0
DA:11,0
DA:12,0
DA:14,0
DA:19,0
DA:20,0
DA:21,0
DA:22,0
DA:24,0
DA:36,0
DA:37,0
DA:38,0
DA:45,0
DA:58,0
DA:59,0
DA:63,0
DA:66,0
DA:67,0
DA:70,0
DA:104,0
DA:108,0
DA:109,0
DA:111,0
DA:134,0
DA:140,0
DA:141,0
LF:33
LH:0
BRDA:38,0,0,0
BRDA:38,0,1,0
BRDA:48,1,0,0
BRDA:48,1,1,0
BRDA:82,2,0,0
BRDA:82,2,1,0
BRDA:90,3,0,0
BRDA:90,3,1,0
BRDA:113,4,0,0
BRDA:113,4,1,0
BRF:10
BRH:0
end_of_record
TN:
SF:/Users/connorelsea/Projects/remix-platform/src/components/TabBar/index.js
FN:69,(anonymous_19)
FN:80,(anonymous_20)
FN:130,mapStateToProps
FN:138,createNewTab
FN:145,dispatchReplaceAllTabs
FNF:5
FNH:0
FNDA:0,(anonymous_19)
FNDA:0,(anonymous_20)
FNDA:0,mapStateToProps
FNDA:0,createNewTab
FNDA:0,dispatchReplaceAllTabs
DA:3,0
DA:4,0
DA:5,0
DA:6,0
DA:7,0
DA:8,0
DA:9,0
DA:10,0
DA:11,0
DA:12,0
DA:13,0
DA:15,0
DA:17,0
DA:24,0
DA:41,0
DA:42,0
DA:56,0
DA:57,0
DA:59,0
DA:73,0
DA:80,0
DA:95,0
DA:96,0
DA:99,0
DA:106,0
DA:109,0
DA:110,0
DA:111,0
DA:112,0
DA:113,0
DA:117,0
DA:131,0
DA:137,0
DA:138,0
DA:145,0
LF:35
LH:0
BRDA:44,0,0,0
BRDA:44,0,1,0
BRDA:95,1,0,0
BRDA:95,1,1,0
BRF:4
BRH:0
end_of_record
TN:
SF:/Users/connorelsea/Projects/remix-platform/src/components/TabControls/index.js
FN:55,onClick
FN:69,onClick
FN:76,mapStateToProps
FN:84,createNewTab
FNF:4
FNH:0
FNDA:0,onClick
FNDA:0,onClick
FNDA:0,mapStateToProps
FNDA:0,createNewTab
DA:1,0
DA:2,0
DA:3,0
DA:4,0
DA:6,0
DA:7,0
DA:8,0
DA:9,0
DA:10,0
DA:25,0
DA:26,0
DA:28,0
DA:55,0
DA:69,0
DA:77,0
DA:83,0
DA:84,0
LF:17
LH:0
BRF:0
BRH:0
end_of_record
TN:
SF:/Users/connorelsea/Projects/remix-platform/src/components/Template/index.js
FN:17,(anonymous_11)
FN:23,mapStateToProps
FN:29,(anonymous_15)
FN:29,(anonymous_18)
FNF:4
FNH:0
FNDA:0,(anonymous_11)
FNDA:0,mapStateToProps
FNDA:0,(anonymous_15)
FNDA:0,(anonymous_18)
DA:3,0
DA:4,0
DA:5,0
DA:13,0
DA:14,0
DA:17,0
DA:24,0
DA:28,0
DA:29,0
LF:9
LH:0
BRF:0
BRH:0
end_of_record
TN:
SF:/Users/connorelsea/Projects/remix-platform/src/ducks/app.js
FN:20,themeSelector
FN:43,initData
FN:44,(anonymous_10)
FN:44,_callee
FN:44,_callee$
FN:44,(anonymous_13)
FN:66,setActiveSubscriptions
FN:75,invalidateActiveSubsriptions
FN:76,(anonymous_16)
FN:76,_callee2
FN:76,_callee2$
FN:87,(anonymous_19)
FN:76,(anonymous_20)
FNF:13
FNH:0
FNDA:0,themeSelector
FNDA:0,initData
FNDA:0,(anonymous_10)
FNDA:0,_callee
FNDA:0,_callee$
FNDA:0,(anonymous_13)
FNDA:0,setActiveSubscriptions
FNDA:0,invalidateActiveSubsriptions
FNDA:0,(anonymous_16)
FNDA:0,_callee2
FNDA:0,_callee2$
FNDA:0,(anonymous_19)
FNDA:0,(anonymous_20)
DA:1,0
DA:2,0
DA:3,0
DA:4,0
DA:5,0
DA:6,0
DA:20,0
DA:44,0
DA:45,0
DA:51,0
DA:56,0
DA:67,0
DA:76,0
DA:77,0
DA:79,0
DA:85,0
DA:87,0
DA:89,0
DA:91,0
DA:104,0
DA:105,0
DA:107,0
DA:113,0
LF:23
LH:0
BRDA:44,0,0,0
BRDA:44,0,1,0
BRDA:44,0,2,0
BRDA:44,0,3,0
BRDA:44,0,4,0
BRDA:76,1,0,0
BRDA:76,1,1,0
BRDA:76,1,2,0
BRDA:76,1,3,0
BRDA:76,1,4,0
BRDA:104,2,0,0
BRDA:104,2,1,0
BRDA:104,3,0,0
BRDA:104,3,1,0
BRDA:106,4,0,0
BRDA:106,4,1,0
BRF:16
BRH:0
end_of_record
TN:
SF:/Users/connorelsea/Projects/remix-platform/src/ducks/auth.js
FN:200,_callee$
FN:150,addDevice
FN:160,replaceDevice
FN:171,setCurrentDeviceId
FN:178,CurrentDeviceSelector
FN:179,(anonymous_18)
FN:213,decodeToken
FN:227,loginWithCurrentDevice
FN:228,(anonymous_21)
FN:228,_callee3
FN:228,_callee3$
FN:274,(anonymous_24)
FN:307,genTimeoutFn
FN:308,(anonymous_26)
FN:308,_callee2
FN:308,timeoutCallback
FN:335,(anonymous_30)
FN:353,connectionParams
FN:364,connectionCallback
FN:377,(anonymous_33)
FN:383,(anonymous_34)
FN:228,(anonymous_35)
FN:418,getNewRefreshToken
FN:423,(anonymous_37)
FN:423,_callee4
FN:423,_callee4$
FN:435,(anonymous_40)
FN:423,(anonymous_41)
FN:503,loginWithDevicePassword
FN:513,setApolloClient
FN:527,updateCurrentRefreshToken
FN:541,updateCurrentAccessToken
FN:551,setRefreshTokenExpired
FN:567,logout
FN:574,setAuthStatus
FN:606,(anonymous_50)
FNF:36
FNH:0
FNDA:0,_callee$
FNDA:0,addDevice
FNDA:0,replaceDevice
FNDA:0,setCurrentDeviceId
FNDA:0,CurrentDeviceSelector
FNDA:0,(anonymous_18)
FNDA:0,decodeToken
FNDA:0,loginWithCurrentDevice
FNDA:0,(anonymous_21)
FNDA:0,_callee3
FNDA:0,_callee3$
FNDA:0,(anonymous_24)
FNDA:0,genTimeoutFn
FNDA:0,(anonymous_26)
FNDA:0,_callee2
FNDA:0,timeoutCallback
FNDA:0,(anonymous_30)
FNDA:0,connectionParams
FNDA:0,connectionCallback
FNDA:0,(anonymous_33)
FNDA:0,(anonymous_34)
FNDA:0,(anonymous_35)
FNDA:0,getNewRefreshToken
FNDA:0,(anonymous_37)
FNDA:0,_callee4
FNDA:0,_callee4$
FNDA:0,(anonymous_40)
FNDA:0,(anonymous_41)
FNDA:0,loginWithDevicePassword
FNDA:0,setApolloClient
FNDA:0,updateCurrentRefreshToken
FNDA:0,updateCurrentAccessToken
FNDA:0,setRefreshTokenExpired
FNDA:0,logout
FNDA:0,setAuthStatus
FNDA:0,(anonymous_50)
DA:3,0
DA:4,0
DA:5,0
DA:6,0
DA:7,0
DA:8,0
DA:9,0
DA:10,0
DA:11,0
DA:12,0
DA:13,0
DA:14,0
DA:15,0
DA:16,0
DA:17,0
DA:18,0
DA:19,0
DA:20,0
DA:21,0
DA:26,0
DA:28,0
DA:43,0
DA:151,0
DA:161,0
DA:172,0
DA:178,0
DA:179,0
DA:181,0
DA:200,0
DA:201,0
DA:202,0
DA:203,0
DA:214,0
DA:215,0
DA:217,0
DA:228,0
DA:234,0
DA:238,0
DA:240,0
DA:241,0
DA:243,0
DA:244,0
DA:246,0
DA:249,0
DA:250,0
DA:252,0
DA:258,0
DA:264,0
DA:265,0
DA:266,0
DA:268,0
DA:273,0
DA:274,0
DA:282,0
DA:284,0
DA:285,0
DA:286,0
DA:288,0
DA:290,0
DA:296,0
DA:297,0
DA:305,0
DA:307,0
DA:308,0
DA:309,0
DA:313,0
DA:314,0
DA:315,0
DA:317,0
DA:322,0
DA:326,0
DA:329,0
DA:335,0
DA:336,0
DA:338,0
DA:339,0
DA:341,0
DA:351,0
DA:354,0
DA:356,0
DA:360,0
DA:362,0
DA:365,0
DA:366,0
DA:367,0
DA:369,0
DA:374,0
DA:375,0
DA:377,0
DA:378,0
DA:381,0
DA:383,0
DA:384,0
DA:385,0
DA:391,0
DA:393,0
DA:398,0
DA:402,0
DA:403,0
DA:404,0
DA:406,0
DA:408,0
DA:409,0
DA:411,0
DA:412,0
DA:413,0
DA:422,0
DA:423,0
DA:424,0
DA:430,0
DA:434,0
DA:435,0
DA:438,0
DA:444,0
DA:466,0
DA:472,0
DA:479,0
DA:485,0
DA:490,0
DA:493,0
DA:495,0
DA:507,0
DA:514,0
DA:530,0
DA:542,0
DA:554,0
DA:568,0
DA:575,0
DA:592,0
DA:593,0
DA:595,0
DA:602,0
DA:604,0
DA:606,0
DA:611,0
DA:619,0
DA:626,0
DA:633,0
DA:640,0
LF:139
LH:0
BRDA:200,0,0,0
BRDA:200,0,1,0
BRDA:200,0,2,0
BRDA:200,0,3,0
BRDA:228,1,0,0
BRDA:228,1,1,0
BRDA:228,1,2,0
BRDA:228,1,3,0
BRDA:228,1,4,0
BRDA:264,2,0,0
BRDA:264,2,1,0
BRDA:228,3,0,0
BRDA:228,3,1,0
BRDA:277,4,0,0
BRDA:277,4,1,0
BRDA:296,5,0,0
BRDA:296,5,1,0
BRDA:296,6,0,0
BRDA:296,6,1,0
BRDA:308,7,0,0
BRDA:308,7,1,0
BRDA:308,7,2,0
BRDA:308,7,3,0
BRDA:365,8,0,0
BRDA:365,8,1,0
BRDA:385,9,0,0
BRDA:385,9,1,0
BRDA:423,10,0,0
BRDA:423,10,1,0
BRDA:423,10,2,0
BRDA:423,10,3,0
BRDA:423,10,4,0
BRDA:423,10,5,0
BRDA:423,10,6,0
BRDA:423,10,7,0
BRDA:423,11,0,0
BRDA:423,11,1,0
BRDA:423,12,0,0
BRDA:423,12,1,0
BRDA:592,13,0,0
BRDA:592,13,1,0
BRDA:592,14,0,0
BRDA:592,14,1,0
BRDA:594,15,0,0
BRDA:594,15,1,0
BRDA:594,15,2,0
BRDA:594,15,3,0
BRDA:594,15,4,0
BRDA:594,15,5,0
BRDA:594,15,6,0
BRF:50
BRH:0
end_of_record
TN:
SF:/Users/connorelsea/Projects/remix-platform/src/ducks/duck_template.js
FN:37,doNameAction
FNF:1
FNH:0
FNDA:0,doNameAction
DA:12,0
DA:38,0
DA:46,0
DA:47,0
DA:49,0
DA:54,0
LF:6
LH:0
BRDA:46,0,0,0
BRDA:46,0,1,0
BRDA:46,1,0,0
BRDA:46,1,1,0
BRDA:48,2,0,0
BRDA:48,2,1,0
BRF:6
BRH:0
end_of_record
TN:
SF:/Users/connorelsea/Projects/remix-platform/src/ducks/friends.js
FN:56,fetchFriendsData
FN:57,(anonymous_11)
FN:57,_callee
FN:57,_callee$
FN:57,(anonymous_14)
FN:72,subscribeToRequests
FN:73,(anonymous_16)
FN:73,_callee2
FN:73,_callee2$
FN:97,next
FN:97,error
FN:73,(anonymous_21)
FN:109,setData
FN:116,addFriendRequest
FNF:14
FNH:0
FNDA:0,fetchFriendsData
FNDA:0,(anonymous_11)
FNDA:0,_callee
FNDA:0,_callee$
FNDA:0,(anonymous_14)
FNDA:0,subscribeToRequests
FNDA:0,(anonymous_16)
FNDA:0,_callee2
FNDA:0,_callee2$
FNDA:0,next
FNDA:0,error
FNDA:0,(anonymous_21)
FNDA:0,setData
FNDA:0,addFriendRequest
DA:1,0
DA:2,0
DA:3,0
DA:4,0
DA:5,0
DA:6,0
DA:18,0
DA:57,0
DA:58,0
DA:60,0
DA:66,0
DA:67,0
DA:68,0
DA:73,0
DA:74,0
DA:75,0
DA:77,0
DA:79,0
DA:99,0
DA:100,0
DA:103,0
DA:110,0
DA:119,0
DA:138,0
DA:139,0
DA:141,0
DA:146,0
LF:27
LH:0
BRDA:57,0,0,0
BRDA:57,0,1,0
BRDA:57,0,2,0
BRDA:57,0,3,0
BRDA:73,1,0,0
BRDA:73,1,1,0
BRDA:73,1,2,0
BRDA:138,2,0,0
BRDA:138,2,1,0
BRDA:138,3,0,0
BRDA:138,3,1,0
BRDA:140,4,0,0
BRDA:140,4,1,0
BRF:13
BRH:0
end_of_record
TN:
SF:/Users/connorelsea/Projects/remix-platform/src/ducks/messages.js
FN:51,fetchMessagesData
FN:52,(anonymous_12)
FN:52,_callee
FN:52,_callee$
FN:52,(anonymous_15)
FN:66,subscribeToMessages
FN:67,(anonymous_17)
FN:67,_callee2
FN:67,_callee2$
FN:91,next
FN:91,error
FN:67,(anonymous_22)
FN:108,setData
FN:115,addMessage
FN:124,getMessages
FN:134,(anonymous_26)
FN:137,(anonymous_27)
FN:139,(anonymous_28)
FN:157,(anonymous_29)
FN:162,(anonymous_30)
FN:165,(anonymous_31)
FN:166,(anonymous_32)
FN:169,(anonymous_33)
FN:178,(anonymous_34)
FN:179,(anonymous_35)
FN:181,(anonymous_36)
FN:183,(anonymous_37)
FNF:27
FNH:0
FNDA:0,fetchMessagesData
FNDA:0,(anonymous_12)
FNDA:0,_callee
FNDA:0,_callee$
FNDA:0,(anonymous_15)
FNDA:0,subscribeToMessages
FNDA:0,(anonymous_17)
FNDA:0,_callee2
FNDA:0,_callee2$
FNDA:0,next
FNDA:0,error
FNDA:0,(anonymous_22)
FNDA:0,setData
FNDA:0,addMessage
FNDA:0,getMessages
FNDA:0,(anonymous_26)
FNDA:0,(anonymous_27)
FNDA:0,(anonymous_28)
FNDA:0,(anonymous_29)
FNDA:0,(anonymous_30)
FNDA:0,(anonymous_31)
FNDA:0,(anonymous_32)
FNDA:0,(anonymous_33)
FNDA:0,(anonymous_34)
FNDA:0,(anonymous_35)
FNDA:0,(anonymous_36)
FNDA:0,(anonymous_37)
DA:3,0
DA:4,0
DA:5,0
DA:6,0
DA:7,0
DA:8,0
DA:9,0
DA:10,0
DA:11,0
DA:12,0
DA:13,0
DA:52,0
DA:53,0
DA:55,0
DA:61,0
DA:62,0
DA:67,0
DA:68,0
DA:69,0
DA:71,0
DA:73,0
DA:89,0
DA:93,0
DA:94,0
DA:97,0
DA:109,0
DA:116,0
DA:124,0
DA:133,0
DA:134,0
DA:138,0
DA:139,0
DA:140,0
DA:154,0
DA:162,0
DA:163,0
DA:165,0
DA:166,0
DA:169,0
DA:176,0
DA:178,0
DA:180,0
DA:181,0
DA:183,0
DA:193,0
DA:194,0
DA:195,0
DA:196,0
DA:197,0
DA:204,0
DA:205,0
DA:211,0
LF:52
LH:0
BRDA:52,0,0,0
BRDA:52,0,1,0
BRDA:52,0,2,0
BRDA:52,0,3,0
BRDA:67,1,0,0
BRDA:67,1,1,0
BRDA:67,1,2,0
BRDA:163,2,0,0
BRDA:163,2,1,0
BRDA:193,3,0,0
BRDA:193,3,1,0
BRDA:193,4,0,0
BRDA:193,4,1,0
BRDA:195,5,0,0
BRDA:195,5,1,0
BRDA:195,5,2,0
BRF:16
BRH:0
end_of_record
TN:
SF:/Users/connorelsea/Projects/remix-platform/src/ducks/tabs.js
FN:93,addTab
FN:102,showTabView
FN:109,createNewTab
FN:115,(anonymous_12)
FN:115,_callee
FN:115,_callee$
FN:118,(anonymous_15)
FN:115,(anonymous_16)
FN:132,setCurrentTab
FN:133,(anonymous_18)
FN:133,_callee2
FN:133,_callee2$
FN:133,(anonymous_21)
FN:139,setCurrentTabId
FN:146,updateTabByUrl
FN:153,(anonymous_24)
FN:153,_callee3
FN:153,_callee3$
FN:155,(anonymous_27)
FN:153,(anonymous_28)
FN:164,updateTab
FN:188,replaceAllTabs
FN:219,(anonymous_32)
FN:221,(anonymous_33)
FNF:24
FNH:0
FNDA:0,addTab
FNDA:0,showTabView
FNDA:0,createNewTab
FNDA:0,(anonymous_12)
FNDA:0,_callee
FNDA:0,_callee$
FNDA:0,(anonymous_15)
FNDA:0,(anonymous_16)
FNDA:0,setCurrentTab
FNDA:0,(anonymous_18)
FNDA:0,_callee2
FNDA:0,_callee2$
FNDA:0,(anonymous_21)
FNDA:0,setCurrentTabId
FNDA:0,updateTabByUrl
FNDA:0,(anonymous_24)
FNDA:0,_callee3
FNDA:0,_callee3$
FNDA:0,(anonymous_27)
FNDA:0,(anonymous_28)
FNDA:0,updateTab
FNDA:0,replaceAllTabs
FNDA:0,(anonymous_32)
FNDA:0,(anonymous_33)
DA:1,0
DA:2,0
DA:16,0
DA:94,0
DA:103,0
DA:115,0
DA:116,0
DA:117,0
DA:118,0
DA:120,0
DA:122,0
DA:123,0
DA:125,0
DA:126,0
DA:127,0
DA:133,0
DA:134,0
DA:135,0
DA:140,0
DA:153,0
DA:154,0
DA:155,0
DA:157,0
DA:158,0
DA:159,0
DA:171,0
DA:189,0
DA:199,0
DA:200,0
DA:202,0
DA:210,0
DA:217,0
DA:218,0
DA:219,0
DA:220,0
DA:221,0
DA:223,0
DA:239,0
DA:246,0
LF:39
LH:0
BRDA:115,0,0,0
BRDA:115,0,1,0
BRDA:115,0,2,0
BRDA:122,1,0,0
BRDA:122,1,1,0
BRDA:133,2,0,0
BRDA:133,2,1,0
BRDA:133,2,2,0
BRDA:153,3,0,0
BRDA:153,3,1,0
BRDA:153,3,2,0
BRDA:157,4,0,0
BRDA:157,4,1,0
BRDA:199,5,0,0
BRDA:199,5,1,0
BRDA:199,6,0,0
BRDA:199,6,1,0
BRDA:201,7,0,0
BRDA:201,7,1,0
BRDA:201,7,2,0
BRDA:201,7,3,0
BRDA:201,7,4,0
BRDA:229,8,0,0
BRDA:229,8,1,0
BRDA:230,9,0,0
BRDA:230,9,1,0
BRDA:231,10,0,0
BRDA:231,10,1,0
BRDA:232,11,0,0
BRDA:232,11,1,0
BRF:30
BRH:0
end_of_record
TN:
SF:/Users/connorelsea/Projects/remix-platform/src/ducks/user.js
FN:52,reducer
FN:88,(anonymous_12)
FN:100,(anonymous_13)
FN:164,(anonymous_14)
FN:174,isAuthenticated
FN:176,getUserById
FN:178,(anonymous_17)
FN:181,getMessages
FN:182,(anonymous_19)
FN:187,(anonymous_20)
FN:189,(anonymous_21)
FN:190,(anonymous_22)
FN:192,(anonymous_23)
FN:197,getGroups
FN:199,getChat
FN:200,(anonymous_26)
FN:202,(anonymous_27)
FN:205,(anonymous_28)
FN:210,(anonymous_29)
FN:213,(anonymous_30)
FN:214,(anonymous_31)
FN:217,(anonymous_32)
FN:218,(anonymous_33)
FN:223,(anonymous_34)
FN:226,(anonymous_35)
FN:229,(anonymous_36)
FN:231,(anonymous_37)
FN:233,(anonymous_38)
FN:234,(anonymous_39)
FN:237,(anonymous_40)
FN:247,creators
FN:250,subscribeToNewFriends
FN:283,(anonymous_43)
FN:284,(anonymous_44)
FN:292,subscribeToReadPositions
FN:308,(anonymous_46)
FN:309,(anonymous_47)
FN:316,subscribeToMessages
FN:337,(anonymous_49)
FN:338,(anonymous_50)
FN:345,subscribeToFriendRequests
FN:370,(anonymous_52)
FN:372,(anonymous_53)
FN:376,(anonymous_54)
FN:384,loadInitialUser
FN:387,(anonymous_56)
FN:387,_callee
FN:387,_callee$
FN:431,(anonymous_59)
FN:387,(anonymous_60)
FN:458,setUserMeta
FN:461,addFriendRequest
FN:465,addFriendRequests
FN:469,setFriendRequests
FN:473,removeFriendRequest
FN:477,addGroups
FN:481,setGroups
FN:485,addChat
FN:489,addMessages
FN:493,setMessages
FN:497,setUsers
FN:501,addUsers
FN:505,startUserLoading
FN:509,endUserLoading
FN:513,logout
FN:517,addReadPosition
FNF:66
FNH:0
FNDA:0,reducer
FNDA:0,(anonymous_12)
FNDA:0,(anonymous_13)
FNDA:0,(anonymous_14)
FNDA:0,isAuthenticated
FNDA:0,getUserById
FNDA:0,(anonymous_17)
FNDA:0,getMessages
FNDA:0,(anonymous_19)
FNDA:0,(anonymous_20)
FNDA:0,(anonymous_21)
FNDA:0,(anonymous_22)
FNDA:0,(anonymous_23)
FNDA:0,getGroups
FNDA:0,getChat
FNDA:0,(anonymous_26)
FNDA:0,(anonymous_27)
FNDA:0,(anonymous_28)
FNDA:0,(anonymous_29)
FNDA:0,(anonymous_30)
FNDA:0,(anonymous_31)
FNDA:0,(anonymous_32)
FNDA:0,(anonymous_33)
FNDA:0,(anonymous_34)
FNDA:0,(anonymous_35)
FNDA:0,(anonymous_36)
FNDA:0,(anonymous_37)
FNDA:0,(anonymous_38)
FNDA:0,(anonymous_39)
FNDA:0,(anonymous_40)
FNDA:0,creators
FNDA:0,subscribeToNewFriends
FNDA:0,(anonymous_43)
FNDA:0,(anonymous_44)
FNDA:0,subscribeToReadPositions
FNDA:0,(anonymous_46)
FNDA:0,(anonymous_47)
FNDA:0,subscribeToMessages
FNDA:0,(anonymous_49)
FNDA:0,(anonymous_50)
FNDA:0,subscribeToFriendRequests
FNDA:0,(anonymous_52)
FNDA:0,(anonymous_53)
FNDA:0,(anonymous_54)
FNDA:0,loadInitialUser
FNDA:0,(anonymous_56)
FNDA:0,_callee
FNDA:0,_callee$
FNDA:0,(anonymous_59)
FNDA:0,(anonymous_60)
FNDA:0,setUserMeta
FNDA:0,addFriendRequest
FNDA:0,addFriendRequests
FNDA:0,setFriendRequests
FNDA:0,removeFriendRequest
FNDA:0,addGroups
FNDA:0,setGroups
FNDA:0,addChat
FNDA:0,addMessages
FNDA:0,setMessages
FNDA:0,setUsers
FNDA:0,addUsers
FNDA:0,startUserLoading
FNDA:0,endUserLoading
FNDA:0,logout
FNDA:0,addReadPosition
DA:1,0
DA:2,0
DA:3,0
DA:4,0
DA:5,0
DA:6,0
DA:7,0
DA:53,0
DA:55,0
DA:57,0
DA:58,0
DA:65,0
DA:66,0
DA:73,0
DA:74,0
DA:81,0
DA:82,0
DA:86,0
DA:87,0
DA:88,0
DA:90,0
DA:94,0
DA:95,0
DA:99,0
DA:100,0
DA:101,0
DA:103,0
DA:105,0
DA:106,0
DA:108,0
DA:109,0
DA:113,0
DA:114,0
DA:121,0
DA:122,0
DA:126,0
DA:127,0
DA:131,0
DA:132,0
DA:136,0
DA:137,0
DA:141,0
DA:142,0
DA:146,0
DA:150,0
DA:154,0
DA:155,0
DA:156,0
DA:160,0
DA:163,0
DA:164,0
DA:166,0
DA:170,0
DA:174,0
DA:177,0
DA:178,0
DA:181,0
DA:183,0
DA:185,0
DA:187,0
DA:189,0
DA:190,0
DA:192,0
DA:197,0
DA:200,0
DA:201,0
DA:202,0
DA:205,0
DA:210,0
DA:214,0
DA:215,0
DA:217,0
DA:218,0
DA:221,0
DA:223,0
DA:226,0
DA:229,0
DA:231,0
DA:234,0
DA:235,0
DA:237,0
DA:251,0
DA:281,0
DA:283,0
DA:284,0
DA:285,0
DA:286,0
DA:287,0
DA:293,0
DA:306,0
DA:308,0
DA:309,0
DA:310,0
DA:311,0
DA:317,0
DA:333,0
DA:337,0
DA:338,0
DA:339,0
DA:340,0
DA:346,0
DA:348,0
DA:370,0
DA:371,0
DA:373,0
DA:374,0
DA:377,0
DA:378,0
DA:384,0
DA:385,0
DA:387,0
DA:388,0
DA:389,0
DA:396,0
DA:399,0
DA:400,0
DA:402,0
DA:403,0
DA:404,0
DA:405,0
DA:412,0
DA:429,0
DA:431,0
DA:433,0
DA:434,0
DA:435,0
DA:436,0
DA:437,0
DA:438,0
DA:439,0
DA:440,0
DA:441,0
DA:442,0
DA:459,0
DA:462,0
DA:466,0
DA:470,0
DA:474,0
DA:478,0
DA:482,0
DA:486,0
DA:490,0
DA:494,0
DA:498,0
DA:502,0
DA:506,0
DA:510,0
DA:514,0
DA:518,0
DA:521,0
LF:150
LH:0
BRDA:56,0,0,0
BRDA:56,0,1,0
BRDA:56,0,2,0
BRDA:56,0,3,0
BRDA:56,0,4,0
BRDA:56,0,5,0
BRDA:56,0,6,0
BRDA:56,0,7,0
BRDA:56,0,8,0
BRDA:56,0,9,0
BRDA:56,0,10,0
BRDA:56,0,11,0
BRDA:56,0,12,0
BRDA:56,0,13,0
BRDA:56,0,14,0
BRDA:56,0,15,0
BRDA:56,0,16,0
BRDA:164,1,0,0
BRDA:164,1,1,0
BRDA:201,2,0,0
BRDA:201,2,1,0
BRDA:215,3,0,0
BRDA:215,3,1,0
BRDA:387,4,0,0
BRDA:387,4,1,0
BRDA:387,4,2,0
BRDA:387,4,3,0
BRDA:387,4,4,0
BRDA:387,4,5,0
BRDA:387,4,6,0
BRDA:387,5,0,0
BRDA:387,5,1,0
BRDA:419,6,0,0
BRDA:419,6,1,0
BRDA:420,7,0,0
BRDA:420,7,1,0
BRDA:421,8,0,0
BRDA:421,8,1,0
BRDA:422,9,0,0
BRDA:422,9,1,0
BRDA:426,10,0,0
BRDA:426,10,1,0
BRF:42
BRH:0
end_of_record
TN:
SF:/Users/connorelsea/Projects/remix-platform/src/ducks/groups/index.js
FN:57,fetchGroupsData
FN:58,(anonymous_11)
FN:58,_callee
FN:58,_callee$
FN:58,(anonymous_14)
FN:74,setData
FN:81,addOrUpdateGroup
FN:99,(anonymous_17)
FN:100,(anonymous_18)
FN:101,(anonymous_19)
FN:102,(anonymous_20)
FN:107,(anonymous_21)
FN:108,(anonymous_22)
FN:125,(anonymous_23)
FN:127,fetchGroupsById
FN:128,(anonymous_25)
FN:128,_callee2
FN:128,_callee2$
FN:128,_loop
FN:139,(anonymous_29)
FN:128,(anonymous_30)
FN:166,fetchGroupsByName
FN:167,(anonymous_32)
FN:167,_callee3
FN:167,_callee3$
FN:167,_loop2
FN:178,(anonymous_36)
FN:167,(anonymous_37)
FN:222,(anonymous_39)
FN:228,(anonymous_40)
FNF:30
FNH:0
FNDA:0,fetchGroupsData
FNDA:0,(anonymous_11)
FNDA:0,_callee
FNDA:0,_callee$
FNDA:0,(anonymous_14)
FNDA:0,setData
FNDA:0,addOrUpdateGroup
FNDA:0,(anonymous_17)
FNDA:0,(anonymous_18)
FNDA:0,(anonymous_19)
FNDA:0,(anonymous_20)
FNDA:0,(anonymous_21)
FNDA:0,(anonymous_22)
FNDA:0,(anonymous_23)
FNDA:0,fetchGroupsById
FNDA:0,(anonymous_25)
FNDA:0,_callee2
FNDA:0,_callee2$
FNDA:0,_loop
FNDA:0,(anonymous_29)
FNDA:0,(anonymous_30)
FNDA:0,fetchGroupsByName
FNDA:0,(anonymous_32)
FNDA:0,_callee3
FNDA:0,_callee3$
FNDA:0,_loop2
FNDA:0,(anonymous_36)
FNDA:0,(anonymous_37)
FNDA:0,(anonymous_39)
FNDA:0,(anonymous_40)
DA:3,0
DA:4,0
DA:5,0
DA:6,0
DA:7,0
DA:8,0
DA:9,0
DA:11,0
DA:12,0
DA:13,0
DA:22,0
DA:58,0
DA:59,0
DA:61,0
DA:67,0
DA:69,0
DA:70,0
DA:75,0
DA:82,0
DA:97,0
DA:99,0
DA:100,0
DA:102,0
DA:103,0
DA:104,0
DA:105,0
DA:106,0
DA:107,0
DA:108,0
DA:110,0
DA:111,0
DA:113,0
DA:122,0
DA:125,0
DA:128,0
DA:129,0
DA:130,0
DA:131,0
DA:132,0
DA:138,0
DA:139,0
DA:140,0
DA:141,0
DA:146,0
DA:150,0
DA:151,0
DA:156,0
DA:157,0
DA:167,0
DA:168,0
DA:169,0
DA:170,0
DA:171,0
DA:177,0
DA:178,0
DA:179,0
DA:180,0
DA:185,0
DA:189,0
DA:190,0
DA:195,0
DA:196,0
DA:211,0
DA:212,0
DA:214,0
DA:220,0
DA:221,0
DA:222,0
DA:224,0
DA:227,0
DA:228,0
DA:234,0
DA:237,0
DA:244,0
LF:74
LH:0
BRDA:58,0,0,0
BRDA:58,0,1,0
BRDA:58,0,2,0
BRDA:58,0,3,0
BRDA:103,1,0,0
BRDA:103,1,1,0
BRDA:128,2,0,0
BRDA:128,2,1,0
BRDA:128,2,2,0
BRDA:128,2,3,0
BRDA:128,2,4,0
BRDA:128,2,5,0
BRDA:128,2,6,0
BRDA:128,2,7,0
BRDA:128,2,8,0
BRDA:128,2,9,0
BRDA:128,2,10,0
BRDA:128,2,11,0
BRDA:128,2,12,0
BRDA:128,2,13,0
BRDA:128,2,14,0
BRDA:128,2,15,0
BRDA:128,2,16,0
BRDA:128,2,17,0
BRDA:140,3,0,0
BRDA:140,3,1,0
BRDA:128,4,0,0
BRDA:128,4,1,0
BRDA:128,5,0,0
BRDA:128,5,1,0
BRDA:167,6,0,0
BRDA:167,6,1,0
BRDA:167,6,2,0
BRDA:167,6,3,0
BRDA:167,6,4,0
BRDA:167,6,5,0
BRDA:167,6,6,0
BRDA:167,6,7,0
BRDA:167,6,8,0
BRDA:167,6,9,0
BRDA:167,6,10,0
BRDA:167,6,11,0
BRDA:167,6,12,0
BRDA:167,6,13,0
BRDA:167,6,14,0
BRDA:167,6,15,0
BRDA:167,6,16,0
BRDA:167,6,17,0
BRDA:179,7,0,0
BRDA:179,7,1,0
BRDA:167,8,0,0
BRDA:167,8,1,0
BRDA:167,9,0,0
BRDA:167,9,1,0
BRDA:211,10,0,0
BRDA:211,10,1,0
BRDA:211,11,0,0
BRDA:211,11,1,0
BRDA:213,12,0,0
BRDA:213,12,1,0
BRDA:213,12,2,0
BRDA:224,13,0,0
BRDA:224,13,1,0
BRF:63
BRH:0
end_of_record
TN:
SF:/Users/connorelsea/Projects/remix-platform/src/ducks/identity/index.js
FN:52,setCurrentUserId
FN:59,addOrUpdateUser
FN:73,getAllUsers
FN:86,(anonymous_13)
FN:87,(anonymous_14)
FN:89,(anonymous_15)
FN:98,fetchRelevantUsers
FN:99,(anonymous_17)
FN:99,_callee
FN:99,_callee$
FN:99,(anonymous_20)
FN:150,fetchUsersById
FN:151,(anonymous_22)
FN:151,_callee2
FN:151,_callee2$
FN:151,_loop
FN:162,(anonymous_26)
FN:151,(anonymous_27)
FN:196,fetchUsersByName
FN:197,(anonymous_29)
FN:197,_callee3
FN:197,_callee3$
FN:208,(anonymous_33)
FN:197,(anonymous_34)
FNF:24
FNH:0
FNDA:0,setCurrentUserId
FNDA:0,addOrUpdateUser
FNDA:0,getAllUsers
FNDA:0,(anonymous_13)
FNDA:0,(anonymous_14)
FNDA:0,(anonymous_15)
FNDA:0,fetchRelevantUsers
FNDA:0,(anonymous_17)
FNDA:0,_callee
FNDA:0,_callee$
FNDA:0,(anonymous_20)
FNDA:0,fetchUsersById
FNDA:0,(anonymous_22)
FNDA:0,_callee2
FNDA:0,_callee2$
FNDA:0,_loop
FNDA:0,(anonymous_26)
FNDA:0,(anonymous_27)
FNDA:0,fetchUsersByName
FNDA:0,(anonymous_29)
FNDA:0,_callee3
FNDA:0,_callee3$
FNDA:0,(anonymous_33)
FNDA:0,(anonymous_34)
DA:3,0
DA:4,0
DA:5,0
DA:6,0
DA:7,0
DA:9,0
DA:10,0
DA:11,0
DA:21,0
DA:53,0
DA:60,0
DA:74,0
DA:75,0
DA:84,0
DA:87,0
DA:89,0
DA:99,0
DA:100,0
DA:101,0
DA:105,0
DA:106,0
DA:109,0
DA:111,0
DA:113,0
DA:118,0
DA:120,0
DA:121,0
DA:151,0
DA:152,0
DA:153,0
DA:154,0
DA:155,0
DA:161,0
DA:162,0
DA:163,0
DA:164,0
DA:169,0
DA:173,0
DA:174,0
DA:179,0
DA:180,0
DA:196,0
DA:197,0
DA:198,0
DA:199,0
DA:200,0
DA:201,0
DA:207,0
DA:208,0
DA:209,0
DA:210,0
DA:215,0
DA:219,0
DA:220,0
DA:225,0
DA:226,0
DA:237,0
DA:238,0
DA:240,0
DA:247,0
DA:254,0
LF:61
LH:0
BRDA:99,0,0,0
BRDA:99,0,1,0
BRDA:99,0,2,0
BRDA:99,0,3,0
BRDA:99,0,4,0
BRDA:99,0,5,0
BRDA:99,0,6,0
BRDA:99,0,7,0
BRDA:99,0,8,0
BRDA:99,0,9,0
BRDA:99,0,10,0
BRDA:99,0,11,0
BRDA:99,0,12,0
BRDA:99,1,0,0
BRDA:99,1,1,0
BRDA:151,2,0,0
BRDA:151,2,1,0
BRDA:151,2,2,0
BRDA:151,2,3,0
BRDA:151,2,4,0
BRDA:151,2,5,0
BRDA:151,2,6,0
BRDA:151,2,7,0
BRDA:151,2,8,0
BRDA:151,2,9,0
BRDA:151,2,10,0
BRDA:151,2,11,0
BRDA:151,2,12,0
BRDA:151,2,13,0
BRDA:151,2,14,0
BRDA:151,2,15,0
BRDA:151,2,16,0
BRDA:151,2,17,0
BRDA:163,3,0,0
BRDA:163,3,1,0
BRDA:151,4,0,0
BRDA:151,4,1,0
BRDA:151,5,0,0
BRDA:151,5,1,0
BRDA:197,6,0,0
BRDA:197,6,1,0
BRDA:197,6,2,0
BRDA:197,6,3,0
BRDA:197,6,4,0
BRDA:197,6,5,0
BRDA:197,6,6,0
BRDA:197,6,7,0
BRDA:197,6,8,0
BRDA:197,6,9,0
BRDA:197,6,10,0
BRDA:197,6,11,0
BRDA:197,6,12,0
BRDA:197,6,13,0
BRDA:197,6,14,0
BRDA:197,6,15,0
BRDA:197,6,16,0
BRDA:197,6,17,0
BRDA:209,7,0,0
BRDA:209,7,1,0
BRDA:197,8,0,0
BRDA:197,8,1,0
BRDA:197,9,0,0
BRDA:197,9,1,0
BRDA:237,10,0,0
BRDA:237,10,1,0
BRDA:237,11,0,0
BRDA:237,11,1,0
BRDA:239,12,0,0
BRDA:239,12,1,0
BRDA:239,12,2,0
BRF:70
BRH:0
end_of_record
TN:
SF:/Users/connorelsea/Projects/remix-platform/src/elements/Box.web.js
FNF:0
FNH:0
DA:1,0
DA:2,0
DA:3,0
DA:4,0
DA:5,0
DA:6,0
DA:16,0
DA:17,0
DA:19,0
DA:21,0
DA:23,0
DA:24,0
DA:25,0
DA:26,0
DA:28,0
DA:67,0
DA:68,0
LF:17
LH:0
BRDA:16,0,0,0
BRDA:16,0,1,0
BRDA:16,1,0,0
BRDA:16,1,1,0
BRDA:17,2,0,0
BRDA:17,2,1,0
BRDA:19,3,0,0
BRDA:19,3,1,0
BRDA:23,4,0,0
BRDA:23,4,1,0
BRDA:23,5,0,0
BRDA:23,5,1,0
BRDA:25,6,0,0
BRDA:25,6,1,0
BRDA:25,7,0,0
BRDA:25,7,1,0
BRF:16
BRH:0
end_of_record
TN:
SF:/Users/connorelsea/Projects/remix-platform/src/elements/BoxItem.web.js
FNF:0
FNH:0
DA:1,0
DA:2,0
DA:30,0
DA:37,0
DA:44,0
DA:51,0
LF:6
LH:0
BRF:0
BRH:0
end_of_record
TN:
SF:/Users/connorelsea/Projects/remix-platform/src/elements/Button.js
FN:92,(anonymous_18)
FN:98,(anonymous_19)
FN:106,(anonymous_20)
FN:107,(anonymous_21)
FN:112,(anonymous_22)
FN:113,(anonymous_23)
FNF:6
FNH:0
FNDA:0,(anonymous_18)
FNDA:0,(anonymous_19)
FNDA:0,(anonymous_20)
FNDA:0,(anonymous_21)
FNDA:0,(anonymous_22)
FNDA:0,(anonymous_23)
DA:3,0
DA:4,0
DA:5,0
DA:6,0
DA:7,0
DA:8,0
DA:32,0
DA:36,0
DA:40,0
DA:41,0
DA:42,0
DA:43,0
DA:44,0
DA:45,0
DA:48,0
DA:58,0
DA:60,0
DA:62,0
DA:64,0
DA:91,0
DA:92,0
DA:98,0
DA:106,0
DA:107,0
DA:112,0
DA:113,0
LF:26
LH:0
BRDA:41,0,0,0
BRDA:41,0,1,0
BRDA:43,1,0,0
BRDA:43,1,1,0
BRDA:55,2,0,0
BRDA:55,2,1,0
BRDA:56,3,0,0
BRDA:56,3,1,0
BRDA:66,4,0,0
BRDA:66,4,1,0
BRDA:67,5,0,0
BRDA:67,5,1,0
BRDA:68,6,0,0
BRDA:68,6,1,0
BRDA:69,7,0,0
BRDA:69,7,1,0
BRDA:73,8,0,0
BRDA:73,8,1,0
BRDA:77,9,0,0
BRDA:77,9,1,0
BRDA:82,10,0,0
BRDA:82,10,1,0
BRF:22
BRH:0
end_of_record
TN:
SF:/Users/connorelsea/Projects/remix-platform/src/elements/Card.js
FNF:0
FNH:0
DA:1,0
DA:4,0
DA:7,0
DA:8,0
DA:9,0
DA:14,0
LF:6
LH:0
BRDA:8,0,0,0
BRDA:8,0,1,0
BRF:2
BRH:0
end_of_record
TN:
SF:/Users/connorelsea/Projects/remix-platform/src/elements/ContentContainer.js
FN:7,(anonymous_2)
FNF:1
FNH:0
FNDA:0,(anonymous_2)
DA:1,0
DA:3,0
DA:7,0
LF:3
LH:0
BRDA:7,0,0,0
BRDA:7,0,1,0
BRF:2
BRH:0
end_of_record
TN:
SF:/Users/connorelsea/Projects/remix-platform/src/elements/DisplayJson.js
FNF:0
FNH:0
DA:1,0
DA:5,0
LF:2
LH:0
BRF:0
BRH:0
end_of_record
TN:
SF:/Users/connorelsea/Projects/remix-platform/src/elements/InnerContentContainer.js
FNF:0
FNH:0
DA:1,0
DA:3,0
LF:2
LH:0
BRF:0
BRH:0
end_of_record
TN:
SF:/Users/connorelsea/Projects/remix-platform/src/elements/Label.js
FNF:0
FNH:0
DA:3,0
DA:4,0
DA:8,0
DA:11,0
LF:4
LH:0
BRF:0
BRH:0
end_of_record
TN:
SF:/Users/connorelsea/Projects/remix-platform/src/elements/Paragraph.js
FN:41,(anonymous_13)
FN:42,(anonymous_14)
FNF:2
FNH:0
FNDA:0,(anonymous_13)
FNDA:0,(anonymous_14)
DA:3,0
DA:4,0
DA:5,0
DA:16,0
DA:17,0
DA:18,0
DA:21,0
DA:22,0
DA:23,0
DA:31,0
DA:41,0
DA:42,0
LF:12
LH:0
BRDA:16,0,0,0
BRDA:16,0,1,0
BRDA:17,1,0,0
BRDA:17,1,1,0
BRDA:42,2,0,0
BRDA:42,2,1,0
BRF:6
BRH:0
end_of_record
TN:
SF:/Users/connorelsea/Projects/remix-platform/src/elements/ScrollContainer.js
FNF:0
FNH:0
DA:1,0
DA:3,0
LF:2
LH:0
BRF:0
BRH:0
end_of_record
TN:
SF:/Users/connorelsea/Projects/remix-platform/src/elements/Subtitle.js
FNF:0
FNH:0
DA:1,0
DA:6,0
DA:7,0
LF:3
LH:0
BRF:0
BRH:0
end_of_record
TN:
SF:/Users/connorelsea/Projects/remix-platform/src/elements/TagLabel.js
FN:29,(anonymous_12)
FN:30,(anonymous_13)
FNF:2
FNH:0
FNDA:0,(anonymous_12)
FNDA:0,(anonymous_13)
DA:3,0
DA:4,0
DA:5,0
DA:6,0
DA:15,0
DA:16,0
DA:18,0
DA:28,0
DA:29,0
DA:30,0
LF:10
LH:0
BRF:0
BRH:0
end_of_record
TN:
SF:/Users/connorelsea/Projects/remix-platform/src/elements/TagLabel.stories.js
FN:6,(anonymous_1)
FNF:1
FNH:0
FNDA:0,(anonymous_1)
DA:1,0
DA:2,0
DA:3,0
DA:4,0
DA:6,0
LF:5
LH:0
BRF:0
BRH:0
end_of_record
TN:
SF:/Users/connorelsea/Projects/remix-platform/src/elements/TextInput.js
FN:22,(anonymous_12)
FN:24,(anonymous_13)
FN:28,(anonymous_14)
FN:29,(anonymous_15)
FN:33,(anonymous_16)
FN:37,(anonymous_17)
FN:41,(anonymous_18)
FN:45,(anonymous_19)
FNF:8
FNH:0
FNDA:0,(anonymous_12)
FNDA:0,(anonymous_13)
FNDA:0,(anonymous_14)
FNDA:0,(anonymous_15)
FNDA:0,(anonymous_16)
FNDA:0,(anonymous_17)
FNDA:0,(anonymous_18)
FNDA:0,(anonymous_19)
DA:3,0
DA:4,0
DA:15,0
DA:21,0
DA:22,0
DA:24,0
DA:28,0
DA:29,0
DA:33,0
DA:37,0
DA:41,0
DA:45,0
LF:12
LH:0
BRF:0
BRH:0
end_of_record
TN:
SF:/Users/connorelsea/Projects/remix-platform/src/elements/Title.js
FN:28,(anonymous_12)
FN:42,(anonymous_13)
FNF:2
FNH:0
FNDA:0,(anonymous_12)
FNDA:0,(anonymous_13)
DA:3,0
DA:4,0
DA:5,0
DA:17,0
DA:18,0
DA:19,0
DA:27,0
DA:28,0
DA:42,0
LF:9
LH:0
BRF:0
BRH:0
end_of_record
TN:
SF:/Users/connorelsea/Projects/remix-platform/src/elements/TouchableArea.js
FNF:0
FNH:0
DA:3,0
DA:12,0
DA:13,0
DA:15,0
LF:4
LH:0
BRF:0
BRH:0
end_of_record
TN:
SF:/Users/connorelsea/Projects/remix-platform/src/elements/TouchableNewTab.js
FN:44,mapStateToProps
FN:50,createNewTab
FNF:2
FNH:0
FNDA:0,mapStateToProps
FNDA:0,createNewTab
DA:3,0
DA:4,0
DA:5,0
DA:6,0
DA:7,0
DA:8,0
DA:26,0
DA:27,0
DA:29,0
DA:32,0
DA:33,0
DA:34,0
DA:36,0
DA:45,0
DA:49,0
DA:50,0
LF:16
LH:0
BRDA:29,0,0,0
BRDA:29,0,1,0
BRF:2
BRH:0
end_of_record
TN:
SF:/Users/connorelsea/Projects/remix-platform/src/providers/ProvideChat.js
FN:17,render
FN:26,(anonymous_12)
FNF:2
FNH:0
FNDA:0,render
FNDA:0,(anonymous_12)
DA:1,0
DA:2,0
DA:3,0
DA:10,0
DA:11,0
DA:12,0
DA:14,0
DA:18,0
DA:20,0
DA:22,0
DA:24,0
DA:26,0
LF:12
LH:0
BRDA:20,0,0,0
BRDA:20,0,1,0
BRF:2
BRH:0
end_of_record
TN:
SF:/Users/connorelsea/Projects/remix-platform/src/providers/ProvideGroups.js
FN:67,(anonymous_22)
FN:87,mapStateToProps
FN:93,dispatchFetchGroupsById
FN:95,dispatchFetchGroupsByName
FNF:4
FNH:0
FNDA:0,(anonymous_22)
FNDA:0,mapStateToProps
FNDA:0,dispatchFetchGroupsById
FNDA:0,dispatchFetchGroupsByName
DA:3,0
DA:4,0
DA:5,0
DA:6,0
DA:32,0
DA:59,0
DA:64,0
DA:67,0
DA:78,0
DA:82,0
DA:83,0
DA:88,0
DA:92,0
DA:93,0
DA:95,0
LF:15
LH:0
BRDA:59,0,0,0
BRDA:59,0,1,0
BRF:2
BRH:0
end_of_record
TN:
SF:/Users/connorelsea/Projects/remix-platform/src/providers/ProvideUsers.js
FN:67,(anonymous_22)
FN:91,mapStateToProps
FN:97,dispatchFetchUsersById
FN:99,dispatchFetchUsersByName
FNF:4
FNH:0
FNDA:0,(anonymous_22)
FNDA:0,mapStateToProps
FNDA:0,dispatchFetchUsersById
FNDA:0,dispatchFetchUsersByName
DA:3,0
DA:4,0
DA:5,0
DA:6,0
DA:30,0
DA:57,0
DA:62,0
DA:64,0
DA:67,0
DA:71,0
DA:73,0
DA:82,0
DA:86,0
DA:87,0
DA:92,0
DA:96,0
DA:97,0
DA:99,0
LF:18
LH:0
BRDA:57,0,0,0
BRDA:57,0,1,0
BRF:2
BRH:0
end_of_record
TN:
SF:/Users/connorelsea/Projects/remix-platform/src/reducers/rootReducer.js
FNF:0
FNH:0
DA:1,0
DA:2,0
DA:4,0
DA:5,0
DA:8,0
DA:9,0
DA:10,0
DA:14,0
DA:19,0
DA:24,0
LF:10
LH:0
BRF:0
BRH:0
end_of_record
TN:
SF:/Users/connorelsea/Projects/remix-platform/src/screens/Chat.js
FN:23,(anonymous_20)
FN:27,(anonymous_21)
FN:103,innerRef
FN:122,mapDispatchToProps
FN:124,subscribeToFriendRequests
FN:127,loadInitialUser
FN:128,removeFriendRequest
FNF:7
FNH:0
FNDA:0,(anonymous_20)
FNDA:0,(anonymous_21)
FNDA:0,innerRef
FNDA:0,mapDispatchToProps
FNDA:0,subscribeToFriendRequests
FNDA:0,loadInitialUser
FNDA:0,removeFriendRequest
DA:1,0
DA:2,0
DA:3,0
DA:4,0
DA:5,0
DA:6,0
DA:7,0
DA:8,0
DA:9,0
DA:12,0
DA:13,0
DA:15,0
DA:19,0
DA:20,0
DA:21,0
DA:23,0
DA:24,0
DA:27,0
DA:28,0
DA:31,0
DA:37,0
DA:38,0
DA:42,0
DA:44,0
DA:46,0
DA:49,0
DA:57,0
DA:66,0
DA:83,0
DA:89,0
DA:90,0
DA:93,0
DA:94,0
DA:95,0
DA:97,0
DA:104,0
DA:117,0
DA:123,0
DA:125,0
DA:127,0
DA:128,0
DA:132,0
DA:133,0
DA:134,0
DA:136,0
LF:45
LH:0
BRDA:46,0,0,0
BRDA:46,0,1,0
BRDA:119,1,0,0
BRDA:119,1,1,0
BRF:4
BRH:0
end_of_record
TN:
SF:/Users/connorelsea/Projects/remix-platform/src/screens/Chats.js
FNF:0
FNH:0
DA:1,0
DA:3,0
DA:4,0
DA:5,0
DA:6,0
DA:10,0
DA:18,0
LF:7
LH:0
BRF:0
BRH:0
end_of_record
TN:
SF:/Users/connorelsea/Projects/remix-platform/src/screens/DashboardOld.js
FN:41,(anonymous_12)
FN:53,(anonymous_13)
FN:68,mapDispatchToProps
FN:70,logout
FN:71,addGroups
FN:72,removeFriendRequest
FNF:6
FNH:0
FNDA:0,(anonymous_12)
FNDA:0,(anonymous_13)
FNDA:0,mapDispatchToProps
FNDA:0,logout
FNDA:0,addGroups
FNDA:0,removeFriendRequest
DA:1,0
DA:2,0
DA:3,0
DA:4,0
DA:5,0
DA:6,0
DA:7,0
DA:8,0
DA:9,0
DA:10,0
DA:11,0
DA:12,0
DA:15,0
DA:22,0
DA:24,0
DA:41,0
DA:53,0
DA:69,0
DA:70,0
DA:71,0
DA:72,0
DA:77,0
DA:86,0
LF:23
LH:0
BRDA:56,0,0,0
BRDA:56,0,1,0
BRF:2
BRH:0
end_of_record
TN:
SF:/Users/connorelsea/Projects/remix-platform/src/screens/EntryScreen.js
FNF:0
FNH:0
DA:1,0
DA:2,0
DA:3,0
DA:4,0
DA:7,0
DA:9,0
DA:12,0
DA:14,0
DA:20,0
DA:21,0
DA:25,0
DA:29,0
DA:33,0
DA:51,0
DA:61,0
LF:15
LH:0
BRDA:12,0,0,0
BRDA:12,0,1,0
BRF:2
BRH:0
end_of_record
TN:
SF:/Users/connorelsea/Projects/remix-platform/src/screens/ExpiredRefreshToken.js
FN:87,(anonymous_23)
FN:158,(anonymous_28)
FN:229,mapStateToProps
FN:237,dispatchGetNewRefreshToken
FN:239,dispatchLoginWithCurrentDevice
FNF:5
FNH:0
FNDA:0,(anonymous_23)
FNDA:0,(anonymous_28)
FNDA:0,mapStateToProps
FNDA:0,dispatchGetNewRefreshToken
FNDA:0,dispatchLoginWithCurrentDevice
DA:3,0
DA:4,0
DA:5,0
DA:7,0
DA:8,0
DA:9,0
DA:10,0
DA:11,0
DA:12,0
DA:13,0
DA:14,0
DA:15,0
DA:16,0
DA:18,0
DA:21,0
DA:22,0
DA:23,0
DA:24,0
DA:26,0
DA:27,0
DA:28,0
DA:30,0
DA:31,0
DA:32,0
DA:67,0
DA:68,0
DA:73,0
DA:74,0
DA:82,0
DA:87,0
DA:92,0
DA:94,0
DA:100,0
DA:101,0
DA:106,0
DA:107,0
DA:109,0
DA:110,0
DA:111,0
DA:112,0
DA:115,0
DA:116,0
DA:121,0
DA:125,0
DA:126,0
DA:127,0
DA:128,0
DA:129,0
DA:131,0
DA:133,0
DA:158,0
DA:218,0
DA:220,0
DA:230,0
DA:236,0
DA:237,0
DA:239,0
LF:57
LH:0
BRDA:109,0,0,0
BRDA:109,0,1,0
BRDA:111,1,0,0
BRDA:111,1,1,0
BRDA:115,2,0,0
BRDA:115,2,1,0
BRDA:131,3,0,0
BRDA:131,3,1,0
BRDA:184,4,0,0
BRDA:184,4,1,0
BRF:10
BRH:0
end_of_record
TN:
SF:/Users/connorelsea/Projects/remix-platform/src/screens/FriendNew.js
FN:59,(anonymous_30)
FN:80,(anonymous_32)
FN:96,UserCard
FN:121,onPress
FN:158,mapDispatchToProps
FNF:5
FNH:0
FNDA:0,(anonymous_30)
FNDA:0,(anonymous_32)
FNDA:0,UserCard
FNDA:0,onPress
FNDA:0,mapDispatchToProps
DA:1,0
DA:2,0
DA:3,0
DA:4,0
DA:5,0
DA:6,0
DA:7,0
DA:8,0
DA:9,0
DA:10,0
DA:11,0
DA:12,0
DA:13,0
DA:14,0
DA:35,0
DA:57,0
DA:58,0
DA:59,0
DA:62,0
DA:63,0
DA:64,0
DA:66,0
DA:80,0
DA:96,0
DA:128,0
DA:130,0
DA:138,0
DA:140,0
DA:144,0
DA:149,0
DA:153,0
DA:159,0
DA:163,0
LF:33
LH:0
BRDA:57,0,0,0
BRDA:57,0,1,0
BRDA:57,1,0,0
BRDA:57,1,1,0
BRDA:79,2,0,0
BRDA:79,2,1,0
BRDA:108,3,0,0
BRDA:108,3,1,0
BRF:8
BRH:0
end_of_record
TN:
SF:/Users/connorelsea/Projects/remix-platform/src/screens/GroupCreate.js
FN:40,(anonymous_16)
FN:43,(anonymous_17)
FN:72,onChangeText
FN:78,onChangeText
FN:95,(anonymous_23)
FN:100,inputRef
FN:121,Chat
FN:132,ChatInput
FN:140,SwitchComp
FNF:9
FNH:0
FNDA:0,(anonymous_16)
FNDA:0,(anonymous_17)
FNDA:0,onChangeText
FNDA:0,onChangeText
FNDA:0,(anonymous_23)
FNDA:0,inputRef
FNDA:0,Chat
FNDA:0,ChatInput
FNDA:0,SwitchComp
DA:1,0
DA:2,0
DA:3,0
DA:4,0
DA:5,0
DA:6,0
DA:7,0
DA:8,0
DA:9,0
DA:10,0
DA:11,0
DA:21,0
DA:22,0
DA:41,0
DA:48,0
DA:57,0
DA:62,0
DA:63,0
DA:64,0
DA:66,0
DA:72,0
DA:78,0
DA:95,0
DA:100,0
DA:121,0
DA:132,0
DA:140,0
DA:149,0
DA:153,0
DA:157,0
DA:161,0
DA:170,0
DA:176,0
DA:182,0
DA:188,0
LF:35
LH:0
BRF:0
BRH:0
end_of_record
TN:
SF:/Users/connorelsea/Projects/remix-platform/src/screens/GroupNew.js
FN:42,(anonymous_25)
FN:83,GroupCard
FNF:2
FNH:0
FNDA:0,(anonymous_25)
FNDA:0,GroupCard
DA:1,0
DA:2,0
DA:3,0
DA:4,0
DA:5,0
DA:6,0
DA:7,0
DA:8,0
DA:9,0
DA:10,0
DA:11,0
DA:34,0
DA:35,0
DA:36,0
DA:40,0
DA:42,0
DA:49,0
DA:64,0
DA:73,0
DA:83,0
DA:89,0
DA:100,0
DA:105,0
LF:23
LH:0
BRDA:40,0,0,0
BRDA:40,0,1,0
BRF:2
BRH:0
end_of_record
TN:
SF:/Users/connorelsea/Projects/remix-platform/src/screens/Home.js
FNF:0
FNH:0
DA:1,0
DA:2,0
DA:3,0
DA:4,0
DA:8,0
LF:5
LH:0
BRF:0
BRH:0
end_of_record
TN:
SF:/Users/connorelsea/Projects/remix-platform/src/screens/Home.web.js
FN:150,(anonymous_12)
FNF:1
FNH:0
FNDA:0,(anonymous_12)
DA:1,0
DA:2,0
DA:3,0
DA:4,0
DA:5,0
DA:6,0
DA:7,0
DA:11,0
DA:134,0
DA:146,0
DA:150,0
DA:156,0
DA:169,0
DA:181,0
DA:190,0
LF:15
LH:0
BRF:0
BRH:0
end_of_record
TN:
SF:/Users/connorelsea/Projects/remix-platform/src/screens/UserCreate.js
FN:38,(anonymous_21)
FN:79,_callee
FN:79,_callee$
FN:38,(anonymous_24)
FN:94,(anonymous_25)
FN:180,(anonymous_28)
FN:196,(anonymous_31)
FN:255,(anonymous_33)
FN:314,mapDispatchToProps
FN:316,addDevice
FN:317,setCurrentDeviceId
FN:318,loginWithCurrentDevice
FNF:12
FNH:0
FNDA:0,(anonymous_21)
FNDA:0,_callee
FNDA:0,_callee$
FNDA:0,(anonymous_24)
FNDA:0,(anonymous_25)
FNDA:0,(anonymous_28)
FNDA:0,(anonymous_31)
FNDA:0,(anonymous_33)
FNDA:0,mapDispatchToProps
FNDA:0,addDevice
FNDA:0,setCurrentDeviceId
FNDA:0,loginWithCurrentDevice
DA:1,0
DA:2,0
DA:3,0
DA:4,0
DA:5,0
DA:6,0
DA:7,0
DA:8,0
DA:9,0
DA:10,0
DA:11,0
DA:12,0
DA:13,0
DA:14,0
DA:15,0
DA:16,0
DA:17,0
DA:18,0
DA:19,0
DA:25,0
DA:37,0
DA:38,0
DA:79,0
DA:80,0
DA:88,0
DA:89,0
DA:90,0
DA:92,0
DA:95,0
DA:104,0
DA:109,0
DA:110,0
DA:112,0
DA:114,0
DA:115,0
DA:121,0
DA:122,0
DA:126,0
DA:131,0
DA:137,0
DA:138,0
DA:142,0
DA:143,0
DA:147,0
DA:148,0
DA:154,0
DA:155,0
DA:161,0
DA:162,0
DA:166,0
DA:167,0
DA:173,0
DA:174,0
DA:175,0
DA:176,0
DA:179,0
DA:180,0
DA:191,0
DA:196,0
DA:197,0
DA:198,0
DA:199,0
DA:202,0
DA:203,0
DA:204,0
DA:255,0
DA:315,0
DA:316,0
DA:317,0
DA:318,0
DA:323,0
LF:71
LH:0
BRDA:79,0,0,0
BRDA:79,0,1,0
BRDA:79,0,2,0
BRDA:114,1,0,0
BRDA:114,1,1,0
BRDA:121,2,0,0
BRDA:121,2,1,0
BRDA:126,3,0,0
BRDA:126,3,1,0
BRDA:137,4,0,0
BRDA:137,4,1,0
BRDA:142,5,0,0
BRDA:142,5,1,0
BRDA:147,6,0,0
BRDA:147,6,1,0
BRDA:154,7,0,0
BRDA:154,7,1,0
BRDA:161,8,0,0
BRDA:161,8,1,0
BRDA:166,9,0,0
BRDA:166,9,1,0
BRDA:173,10,0,0
BRDA:173,10,1,0
BRDA:197,11,0,0
BRDA:197,11,1,0
BRDA:198,12,0,0
BRDA:198,12,1,0
BRDA:226,13,0,0
BRDA:226,13,1,0
BRDA:234,14,0,0
BRDA:234,14,1,0
BRDA:253,15,0,0
BRDA:253,15,1,0
BRDA:272,16,0,0
BRDA:272,16,1,0
BRF:35
BRH:0
end_of_record
TN:
SF:/Users/connorelsea/Projects/remix-platform/src/screens/UserLogin.js
FN:90,(anonymous_21)
FN:152,(anonymous_33)
FN:205,mapDispatchToProps
FN:207,addDevice
FN:208,setCurrentDeviceId
FN:209,loginWithCurrentDevice
FNF:6
FNH:0
FNDA:0,(anonymous_21)
FNDA:0,(anonymous_33)
FNDA:0,mapDispatchToProps
FNDA:0,addDevice
FNDA:0,setCurrentDeviceId
FNDA:0,loginWithCurrentDevice
DA:1,0
DA:2,0
DA:3,0
DA:4,0
DA:5,0
DA:6,0
DA:7,0
DA:8,0
DA:9,0
DA:10,0
DA:11,0
DA:13,0
DA:14,0
DA:15,0
DA:16,0
DA:17,0
DA:18,0
DA:20,0
DA:21,0
DA:29,0
DA:30,0
DA:32,0
DA:34,0
DA:43,0
DA:52,0
DA:53,0
DA:55,0
DA:91,0
DA:92,0
DA:105,0
DA:107,0
DA:108,0
DA:109,0
DA:122,0
DA:127,0
DA:141,0
DA:143,0
DA:144,0
DA:152,0
DA:159,0
DA:160,0
DA:162,0
DA:206,0
DA:207,0
DA:208,0
DA:209,0
DA:214,0
LF:47
LH:0
BRDA:29,0,0,0
BRDA:29,0,1,0
BRDA:38,1,0,0
BRDA:38,1,1,0
BRDA:143,2,0,0
BRDA:143,2,1,0
BRDA:190,3,0,0
BRDA:190,3,1,0
BRF:8
BRH:0
end_of_record
TN:
SF:/Users/connorelsea/Projects/remix-platform/src/screens/AllTabs/index.js
FNF:0
FNH:0
DA:1,0
DA:9,0
LF:2
LH:0
BRF:0
BRH:0
end_of_record
TN:
SF:/Users/connorelsea/Projects/remix-platform/src/screens/Chat/index.js
FN:53,innerRef
FN:58,(anonymous_17)
FN:59,render
FN:69,(anonymous_19)
FN:74,(anonymous_20)
FN:95,mapStateToProps
FNF:6
FNH:0
FNDA:0,innerRef
FNDA:0,(anonymous_17)
FNDA:0,render
FNDA:0,(anonymous_19)
FNDA:0,(anonymous_20)
FNDA:0,mapStateToProps
DA:1,0
DA:2,0
DA:3,0
DA:5,0
DA:6,0
DA:8,0
DA:10,0
DA:11,0
DA:12,0
DA:13,0
DA:14,0
DA:15,0
DA:16,0
DA:17,0
DA:18,0
DA:19,0
DA:20,0
DA:21,0
DA:22,0
DA:37,0
DA:38,0
DA:42,0
DA:45,0
DA:46,0
DA:48,0
DA:49,0
DA:51,0
DA:53,0
DA:58,0
DA:60,0
DA:62,0
DA:63,0
DA:65,0
DA:67,0
DA:69,0
DA:74,0
DA:90,0
DA:96,0
DA:97,0
DA:104,0
LF:40
LH:0
BRDA:37,0,0,0
BRDA:37,0,1,0
BRDA:48,1,0,0
BRDA:48,1,1,0
BRDA:48,2,0,0
BRDA:48,2,1,0
BRDA:62,3,0,0
BRDA:62,3,1,0
BRDA:62,4,0,0
BRDA:62,4,1,0
BRDA:65,5,0,0
BRDA:65,5,1,0
BRDA:67,6,0,0
BRDA:67,6,1,0
BRDA:73,7,0,0
BRDA:73,7,1,0
BRF:16
BRH:0
end_of_record
TN:
SF:/Users/connorelsea/Projects/remix-platform/src/screens/Dashboard/MessageDisplayCard.js
FNF:0
FNH:0
DA:1,0
DA:2,0
DA:3,0
DA:4,0
DA:5,0
DA:6,0
DA:7,0
DA:8,0
DA:9,0
DA:10,0
DA:18,0
DA:20,0
DA:24,0
DA:26,0
DA:28,0
DA:51,0
LF:16
LH:0
BRDA:20,0,0,0
BRDA:20,0,1,0
BRDA:24,1,0,0
BRDA:24,1,1,0
BRF:4
BRH:0
end_of_record
TN:
SF:/Users/connorelsea/Projects/remix-platform/src/screens/Dashboard/index.js
FN:40,(anonymous_15)
FN:66,(anonymous_17)
FN:67,(anonymous_18)
FN:75,(anonymous_19)
FNF:4
FNH:0
FNDA:0,(anonymous_15)
FNDA:0,(anonymous_17)
FNDA:0,(anonymous_18)
FNDA:0,(anonymous_19)
DA:3,0
DA:4,0
DA:5,0
DA:6,0
DA:7,0
DA:8,0
DA:9,0
DA:12,0
DA:13,0
DA:14,0
DA:15,0
DA:16,0
DA:17,0
DA:18,0
DA:19,0
DA:20,0
DA:21,0
DA:23,0
DA:24,0
DA:25,0
DA:26,0
DA:39,0
DA:40,0
DA:42,0
DA:46,0
DA:47,0
DA:48,0
DA:50,0
DA:52,0
DA:67,0
DA:68,0
DA:69,0
DA:75,0
DA:89,0
LF:34
LH:0
BRDA:50,0,0,0
BRDA:50,0,1,0
BRDA:68,1,0,0
BRDA:68,1,1,0
BRF:4
BRH:0
end_of_record
TN:
SF:/Users/connorelsea/Projects/remix-platform/src/screens/DesktopView/index.js
FNF:0
FNH:0
DA:1,0
DA:2,0
DA:3,0
DA:4,0
DA:5,0
DA:6,0
DA:7,0
DA:8,0
DA:9,0
DA:26,0
DA:28,0
LF:11
LH:0
BRF:0
BRH:0
end_of_record
TN:
SF:/Users/connorelsea/Projects/remix-platform/src/screens/EmptyView/index.js
FNF:0
FNH:0
DA:1,0
DA:7,0
LF:2
LH:0
BRF:0
BRH:0
end_of_record
TN:
SF:/Users/connorelsea/Projects/remix-platform/src/screens/Group/ChatCard.js
FN:53,mapStateToProps
FN:59,updateTabByUrl
FNF:2
FNH:0
FNDA:0,mapStateToProps
FNDA:0,updateTabByUrl
DA:1,0
DA:2,0
DA:3,0
DA:4,0
DA:5,0
DA:6,0
DA:7,0
DA:8,0
DA:9,0
DA:10,0
DA:11,0
DA:12,0
DA:13,0
DA:25,0
DA:28,0
DA:30,0
DA:38,0
DA:39,0
DA:41,0
DA:54,0
DA:58,0
DA:59,0
LF:22
LH:0
BRF:0
BRH:0
end_of_record
TN:
SF:/Users/connorelsea/Projects/remix-platform/src/screens/Group/index.js
FN:74,(anonymous_14)
FN:94,mapStateToProps
FNF:2
FNH:0
FNDA:0,(anonymous_14)
FNDA:0,mapStateToProps
DA:3,0
DA:4,0
DA:5,0
DA:6,0
DA:8,0
DA:9,0
DA:10,0
DA:11,0
DA:13,0
DA:15,0
DA:18,0
DA:19,0
DA:20,0
DA:21,0
DA:23,0
DA:25,0
DA:26,0
DA:38,0
DA:40,0
DA:42,0
DA:44,0
DA:46,0
DA:48,0
DA:74,0
DA:85,0
DA:86,0
DA:88,0
DA:95,0
DA:99,0
LF:29
LH:0
BRDA:40,0,0,0
BRDA:40,0,1,0
BRDA:42,1,0,0
BRDA:42,1,1,0
BRDA:42,2,0,0
BRDA:42,2,1,0
BRF:6
BRH:0
end_of_record
TN:
SF:/Users/connorelsea/Projects/remix-platform/src/screens/GroupChat/index.js
FN:28,render
FNF:1
FNH:0
FNDA:0,render
DA:1,0
DA:2,0
DA:3,0
DA:4,0
DA:5,0
DA:6,0
DA:7,0
DA:9,0
DA:10,0
DA:11,0
DA:24,0
DA:26,0
DA:31,0
DA:51,0
LF:14
LH:0
BRF:0
BRH:0
end_of_record
TN:
SF:/Users/connorelsea/Projects/remix-platform/src/screens/MobileView/index.js
FNF:0
FNH:0
DA:1,0
DA:5,0
LF:2
LH:0
BRF:0
BRH:0
end_of_record
TN:
SF:/Users/connorelsea/Projects/remix-platform/src/screens/NewTab/index.js
FNF:0
FNH:0
DA:1,0
DA:2,0
DA:3,0
DA:4,0
DA:5,0
DA:6,0
DA:7,0
DA:8,0
DA:9,0
DA:10,0
DA:11,0
DA:12,0
DA:29,0
DA:30,0
DA:36,0
DA:38,0
LF:16
LH:0
BRF:0
BRH:0
end_of_record
TN:
SF:/Users/connorelsea/Projects/remix-platform/src/screens/TabView/index.js
FN:53,(anonymous_12)
FNF:1
FNH:0
FNDA:0,(anonymous_12)
DA:3,0
DA:4,0
DA:5,0
DA:6,0
DA:7,0
DA:8,0
DA:9,0
DA:10,0
DA:11,0
DA:12,0
DA:13,0
DA:14,0
DA:15,0
DA:16,0
DA:18,0
DA:19,0
DA:28,0
DA:29,0
DA:52,0
DA:53,0
LF:20
LH:0
BRF:0
BRH:0
end_of_record
TN:
SF:/Users/connorelsea/Projects/remix-platform/src/screens/User/index.js
FN:69,mapStateToProps
FNF:1
FNH:0
FNDA:0,mapStateToProps
DA:3,0
DA:4,0
DA:5,0
DA:6,0
DA:8,0
DA:9,0
DA:10,0
DA:11,0
DA:12,0
DA:14,0
DA:16,0
DA:19,0
DA:30,0
DA:32,0
DA:34,0
DA:36,0
DA:38,0
DA:60,0
DA:61,0
DA:63,0
DA:70,0
DA:74,0
LF:22
LH:0
BRDA:32,0,0,0
BRDA:32,0,1,0
BRDA:34,1,0,0
BRDA:34,1,1,0
BRDA:34,2,0,0
BRDA:34,2,1,0
BRF:6
BRH:0
end_of_record
TN:
SF:/Users/connorelsea/Projects/remix-platform/src/types/friendRequest.js
FNF:0
FNH:0
DA:3,0
LF:1
LH:0
BRF:0
BRH:0
end_of_record
TN:
SF:/Users/connorelsea/Projects/remix-platform/src/types/group.js
FNF:0
FNH:0
DA:3,0
DA:4,0
LF:2
LH:0
BRF:0
BRH:0
end_of_record
TN:
SF:/Users/connorelsea/Projects/remix-platform/src/types/message.js
FNF:0
FNH:0
DA:3,0
LF:1
LH:0
BRF:0
BRH:0
end_of_record
TN:
SF:/Users/connorelsea/Projects/remix-platform/src/types/tab.js
FNF:0
FNH:0
DA:3,0
DA:22,0
LF:2
LH:0
BRF:0
BRH:0
end_of_record
TN:
SF:/Users/connorelsea/Projects/remix-platform/src/utilities/apollo.js
FN:14,(anonymous_1)
FN:18,(anonymous_2)
FNF:2
FNH:0
FNDA:0,(anonymous_1)
FNDA:0,(anonymous_2)
DA:1,0
DA:2,0
DA:3,0
DA:4,0
DA:5,0
DA:9,0
DA:10,0
DA:14,0
DA:15,0
DA:17,0
DA:18,0
DA:19,0
DA:20,0
DA:22,0
DA:23,0
DA:24,0
DA:26,0
DA:27,0
DA:31,0
DA:35,0
DA:37,0
DA:41,0
DA:43,0
LF:23
LH:0
BRDA:17,0,0,0
BRDA:17,0,1,0
BRDA:22,1,0,0
BRDA:22,1,1,0
BRDA:31,2,0,0
BRDA:31,2,1,0
BRDA:37,3,0,0
BRDA:37,3,1,0
BRF:8
BRH:0
end_of_record
TN:
SF:/Users/connorelsea/Projects/remix-platform/src/utilities/gql_util.js
FN:5,query
FN:13,mutate
FN:21,subscribe
FNF:3
FNH:0
FNDA:0,query
FNDA:0,mutate
FNDA:0,subscribe
DA:1,0
DA:3,0
DA:5,0
DA:13,0
DA:21,0
LF:5
LH:0
BRDA:5,0,0,0
BRDA:5,0,1,0
BRDA:13,1,0,0
BRDA:13,1,1,0
BRF:4
BRH:0
end_of_record
TN:
SF:/Users/connorelsea/Projects/remix-platform/src/utilities/storage.js
FN:20,_callee$
FN:32,_callee2$
FN:37,_callee3$
FN:5,remove
FN:10,get
FN:15,set
FNF:6
FNH:0
FNDA:0,_callee$
FNDA:0,_callee2$
FNDA:0,_callee3$
FNDA:0,remove
FNDA:0,get
FNDA:0,set
DA:6,0
DA:7,0
DA:11,0
DA:12,0
DA:16,0
DA:17,0
DA:20,0
DA:21,0
DA:28,0
DA:29,0
DA:32,0
DA:33,0
DA:37,0
DA:38,0
DA:39,0
LF:15
LH:0
BRDA:20,0,0,0
BRDA:20,0,1,0
BRDA:20,0,2,0
BRDA:20,0,3,0
BRDA:20,0,4,0
BRDA:20,0,5,0
BRDA:20,1,0,0
BRDA:20,1,1,0
BRDA:22,2,0,0
BRDA:22,2,1,0
BRDA:20,3,0,0
BRDA:20,3,1,0
BRDA:32,4,0,0
BRDA:32,4,1,0
BRDA:32,4,2,0
BRDA:32,4,3,0
BRDA:37,5,0,0
BRDA:37,5,1,0
BRDA:37,5,2,0
BRDA:37,5,3,0
BRDA:6,6,0,0
BRDA:6,6,1,0
BRDA:11,7,0,0
BRDA:11,7,1,0
BRDA:16,8,0,0
BRDA:16,8,1,0
BRF:26
BRH:0
end_of_record
TN:
SF:/Users/connorelsea/Projects/remix-platform/src/utilities/theme.js
FNF:0
FNH:0
DA:1,0
DA:2,0
DA:72,0
DA:85,0
DA:92,0
DA:150,0
DA:206,0
DA:263,0
DA:320,0
DA:327,0
LF:10
LH:0
BRF:0
BRH:0
end_of_record
TN:
SF:/Users/connorelsea/Projects/remix-platform/src/utilities/routing/BrowserAppContainer.js
FN:17,(anonymous_10)
FN:72,(anonymous_12)
FN:114,(anonymous_13)
FN:123,(anonymous_14)
FN:17,componentDidMount
FN:37,(anonymous_16)
FN:17,componentWillUpdate
FN:17,componentDidUpdate
FN:17,render
FN:17,__reactstandin__regenerateByEval
FNF:10
FNH:0
FNDA:0,(anonymous_10)
FNDA:0,(anonymous_12)
FNDA:0,(anonymous_13)
FNDA:0,(anonymous_14)
FNDA:0,componentDidMount
FNDA:0,(anonymous_16)
FNDA:0,componentWillUpdate
FNDA:0,componentDidUpdate
FNDA:0,render
FNDA:0,__reactstandin__regenerateByEval
DA:1,0
DA:2,0
DA:4,0
DA:7,0
DA:8,0
DA:9,0
DA:11,0
DA:17,0
DA:18,0
DA:22,0
DA:25,0
DA:29,0
DA:30,0
DA:34,0
DA:37,0
DA:38,0
DA:39,0
DA:43,0
DA:46,0
DA:50,0
DA:51,0
DA:52,0
DA:53,0
DA:54,0
DA:56,0
DA:60,0
DA:64,0
DA:65,0
DA:68,0
DA:69,0
DA:73,0
DA:78,0
DA:79,0
DA:80,0
DA:81,0
DA:82,0
DA:83,0
DA:84,0
DA:85,0
DA:87,0
DA:94,0
DA:95,0
DA:98,0
DA:99,0
DA:100,0
DA:102,0
DA:105,0
DA:114,0
DA:116,0
DA:118,0
DA:121,0
DA:124,0
DA:132,0
DA:139,0
LF:54
LH:0
BRDA:8,0,0,0
BRDA:8,0,1,0
BRDA:17,1,0,0
BRDA:17,1,1,0
BRDA:78,2,0,0
BRDA:78,2,1,0
BRDA:80,3,0,0
BRDA:80,3,1,0
BRDA:94,4,0,0
BRDA:94,4,1,0
BRDA:98,5,0,0
BRDA:98,5,1,0
BRDA:116,6,0,0
BRDA:116,6,1,0
BRDA:43,7,0,0
BRDA:43,7,1,0
BRDA:51,8,0,0
BRDA:51,8,1,0
BRDA:51,9,0,0
BRDA:51,9,1,0
BRDA:53,10,0,0
BRDA:53,10,1,0
BRDA:68,11,0,0
BRDA:68,11,1,0
BRDA:68,12,0,0
BRDA:68,12,1,0
BRF:26
BRH:0
end_of_record
TN:
SF:/Users/connorelsea/Projects/remix-platform/src/utilities/routing/index.android.js
FNF:0
FNH:0
DA:1,0
DA:3,0
LF:2
LH:0
BRF:0
BRH:0
end_of_record
TN:
SF:/Users/connorelsea/Projects/remix-platform/src/utilities/routing/index.ios.js
FNF:0
FNH:0
DA:1,0
DA:3,0
LF:2
LH:0
BRF:0
BRH:0
end_of_record
TN:
SF:/Users/connorelsea/Projects/remix-platform/src/utilities/routing/index.js
FNF:0
FNH:0
DA:1,0
DA:3,0
LF:2
LH:0
BRF:0
BRH:0
end_of_record
TN:
SF:/Users/connorelsea/Projects/remix-platform/src/utilities/routing/router.js
FNF:0
FNH:0
DA:4,0
DA:12,0
LF:2
LH:0
BRDA:5,0,0,0
BRDA:5,0,1,0
BRDA:14,1,0,0
BRDA:14,1,1,0
BRF:4
BRH:0
end_of_record
TN:
SF:/Users/connorelsea/Projects/remix-platform/src/utilities/storage/history.js
FNF:0
FNH:0
DA:1,0
DA:4,0
LF:2
LH:0
BRF:0
BRH:0
end_of_record
TN:
SF:/Users/connorelsea/Projects/remix-platform/src/utilities/storage/store.js
FN:19,(anonymous_3)
FNF:1
FNH:0
FNDA:0,(anonymous_3)
DA:1,0
DA:2,0
DA:4,0
DA:5,0
DA:9,0
DA:10,0
DA:11,0
DA:12,0
DA:13,0
DA:15,0
DA:16,0
DA:18,0
DA:20,0
DA:26,0
DA:39,0
DA:50,0
DA:52,0
DA:54,0
DA:59,0
LF:19
LH:0
BRDA:16,0,0,0
BRDA:16,0,1,0
BRF:2
BRH:0
end_of_record
